# turn 1
o 63 45 w
# turn 2
o 63 44 w
# turn 3
o 63 43 w
# turn 4
o 63 42 w
# turn 5
o 63 41 w
# turn 6
o 63 40 w
# turn 7
# turn 8
o 63 38 n
o 63 39 s
# turn 9
o 64 39 s
o 62 38 n
# turn 10
o 61 38 n
o 65 39 s
# turn 11
o 66 39 s
o 60 38 n
# turn 12
o 67 39 s
o 59 38 n
# turn 13
o 68 39 s
o 58 38 n
# turn 14
o 69 39 s
o 57 38 n
# turn 15
o 55 38 e
o 70 39 s
# turn 16
o 56 38 w
o 55 39 e
o 71 39 s
# turn 17
o 56 37 w
o 55 40 e
o 72 39 s
# turn 18
o 55 35 w
o 56 35 s
o 55 41 e
o 73 39 s
# turn 19
o 55 42 e
o 74 39 w
o 55 34 w
o 56 36 s
o 57 35 s
# turn 20
o 74 37 w
o 57 36 s
o 55 43 e
o 58 35 s
o 55 33 w
o 54 33 e
# turn 21
o 54 34 e
o 74 36 w
o 74 38 n
o 55 32 w
o 58 36 s
o 55 44 e
o 59 35 s
# turn 22
o 54 35 e
o 55 31 w
o 74 35 w
o 60 35 s
o 59 36 s
o 55 45 e
o 73 38 n
# turn 23
o 55 30 w
o 60 36 s
o 54 36 e
o 55 46 e
o 61 35 s
o 72 38 n
o 74 34 n
# turn 24
o 62 35 s
o 71 38 n
o 55 29 w
o 54 37 e
o 73 34 n
o 55 47 e
o 61 36 s
# turn 25
o 63 35 s
o 55 48 e
o 72 34 n
o 70 38 n
o 55 28 w
o 54 38 e
o 62 36 s
o 53 39 w
# turn 26
o 55 49 e
o 63 36 s
o 69 38 n
o 54 50 n
o 54 39 s
o 53 38 w
o 64 35 s
o 71 34 n
# turn 27
o 65 35 s
o 68 38 n
o 53 50 n
o 55 50 e
o 53 37 w
o 55 26 n
o 64 36 s
o 55 27 s
o 55 39 e
# turn 28
o 69 36 e
o 69 34 n
o 56 27 s
o 54 26 n
o 65 36 s
o 55 52 e
o 53 36 w
o 70 34 e
o 66 35 s
o 67 38 n
o 52 50 n
# turn 29
o 55 40 s
o 55 41 s
o 66 36 s
o 69 37 e
o 51 50 n
o 57 27 s
o 67 35 s
o 70 35 e
o 50 51 s
o 55 51 n
o 66 38 n
o 53 26 n
o 53 35 w
o 55 53 e
o 68 34 n
o 69 35 e
# turn 30
o 58 27 s
o 51 51 s
o 55 54 e
o 53 34 w
o 54 51 n
o 68 35 s
o 69 38 e
o 67 36 s
o 65 38 n
o 50 50 n
o 67 34 n
o 52 26 n
o 56 40 s
o 69 36 e
o 56 41 s
o 70 36 e
# turn 31
o 59 27 s
o 64 38 n
o 57 40 s
o 49 50 n
o 53 33 w
o 51 26 n
o 60 26 n
o 69 39 e
o 69 37 e
o 68 36 s
o 58 41 s
o 66 34 n
o 55 55 e
o 49 49 s
o 70 37 e
o 69 35 s
# turn 32
o 52 51 e
o 50 49 s
o 68 41 s
o 59 41 s
o 70 38 e
o 69 38 e
o 61 26 e
o 50 26 n
o 57 41 e
o 53 51 w
o 65 34 n
o 63 38 n
o 60 40 n
o 70 35 s
o 53 31 w
o 49 48 n
o 55 56 e
o 69 36 s
o 48 50 n
# turn 33
o 53 53 w
o 60 41 s
o 52 52 e
o 48 48 n
o 49 26 n
o 64 34 n
o 62 38 n
o 57 42 e
o 69 41 s
o 69 40 n
o 61 27 e
o 70 39 e
o 71 35 s
o 51 49 s
o 70 36 s
o 60 27 e
o 53 50 w
o 53 30 w
o 58 40 e
o 47 50 n
o 55 57 s
# turn 34
o 69 39 n
o 53 29 w
o 58 41 e
o 71 36 s
o 57 43 e
o 61 38 n
o 47 27 w
o 70 41 s
o 68 40 n
o 52 53 e
o 56 57 s
o 63 34 n
o 61 41 s
o 59 40 w
o 47 48 n
o 72 35 s
o 60 28 e
o 53 32 e
o 53 52 w
o 46 50 e
o 53 49 w
# turn 35
o 62 34 n
o 70 40 n
o 46 51 e
o 57 57 w
o 53 48 n
o 52 49 e
o 68 39 n
o 46 48 e
o 60 29 e
o 53 33 e
o 53 28 w
o 73 35 s
o 59 39 w
o 58 42 e
o 47 26 w
o 53 51 w
o 52 54 e
o 61 28 n
o 57 44 e
o 67 40 n
o 54 32 w
o 72 36 s
o 62 41 s
o 48 26 w
o 71 41 s
# turn 36
o 61 29 n
o 53 34 e
o 61 34 n
o 46 52 e
o 66 40 n
o 57 45 e
o 67 39 n
o 57 55 w
o 54 31 w
o 52 50 e
o 69 40 n
o 46 49 e
o 60 30 e
o 63 41 s
o 59 38 w
o 58 43 e
o 48 25 w
o 53 50 w
o 52 55 e
o 72 41 s
o 73 36 s
o 74 35 w
o 60 38 w
o 52 48 n
# turn 37
o 66 39 n
o 47 24 n
o 47 25 s
o 65 40 n
o 57 46 e
o 64 41 s
o 74 36 w
o 68 40 n
o 60 29 n
o 57 56 n
o 74 34 n
o 46 53 e
o 59 37 w
o 73 41 s
o 52 51 e
o 65 42 e
o 60 37 w
o 60 31 e
o 52 56 e
o 51 48 n
o 46 50 e
o 53 35 e
o 60 34 n
o 53 49 w
o 57 54 w
o 58 44 e
# turn 38
o 46 51 e
o 52 57 s
o 52 52 e
o 66 43 s
o 67 40 n
o 56 56 n
o 59 36 w
o 53 48 n
o 65 39 n
o 58 45 e
o 74 41 w
o 57 53 w
o 60 32 e
o 65 43 e
o 60 36 w
o 73 34 n
o 53 36 e
o 48 25 s
o 59 34 n
o 46 54 e
o 50 48 n
o 65 41 s
o 57 47 e
o 64 40 n
o 74 35 w
# turn 39
o 74 40 w
o 65 44 s
o 60 35 w
o 72 34 n
o 52 53 e
o 66 40 n
o 67 43 s
o 64 39 n
o 53 37 e
o 57 52 w
o 74 34 n
o 59 35 w
o 57 48 e
o 58 46 e
o 66 41 s
o 53 57 s
o 58 34 n
o 49 48 n
o 55 56 n
o 68 42 n
o 63 40 n
o 46 55 e
o 52 48 n
# turn 40
o 74 39 w
o 46 56 e
o 65 40 n
o 53 38 e
o 46 52 s
o 52 54 e
o 63 39 n
o 66 44 s
o 46 53 s
o 57 34 n
o 71 34 n
o 48 48 n
o 54 56 n
o 73 34 n
o 67 42 n
o 62 40 n
o 60 33 n
o 57 49 e
o 58 47 e
o 54 57 s
o 56 50 n
o 51 48 n
o 67 41 s
o 68 43 s
# turn 41
o 59 33 n
o 67 44 s
o 56 34 n
o 72 34 n
o 60 34 s
o 47 53 s
o 70 34 n
o 62 39 n
o 68 41 s
o 55 57 s
o 47 52 s
o 58 48 s
o 52 55 e
o 64 40 n
o 61 40 n
o 69 43 s
o 47 48 n
o 74 38 w
o 66 42 n
o 50 48 n
o 57 47 w
o 53 39 s
o 46 57 s
o 55 50 n
# turn 42
o 51 40 e
o 61 39 n
o 47 57 s
o 57 50 n
o 55 40 e
o 57 46 w
o 52 40 w
o 59 34 e
o 69 41 s
o 46 48 e
o 58 33 n
o 55 34 n
o 56 57 s
o 68 44 s
o 54 39 s
o 48 52 s
o 71 34 n
o 74 37 w
o 60 40 n
o 48 53 s
o 65 42 n
o 49 48 n
o 63 40 n
o 52 56 e
o 70 43 s
o 57 51 n
o 59 48 s
o 61 34 s
o 54 50 n
o 68 34 n
o 53 56 w
# turn 43
o 56 51 n
o 62 34 s
o 52 57 s
o 60 48 e
o 57 57 w
o 60 39 n
o 69 34 e
o 55 39 e
o 70 41 s
o 54 34 n
o 74 36 w
o 57 45 w
o 73 35 w
o 49 53 s
o 64 42 n
o 59 40 n
o 71 43 s
o 59 35 e
o 46 49 e
o 48 48 n
o 69 44 s
o 53 55 w
o 62 40 n
o 49 52 s
o 57 33 n
o 53 50 n
o 67 34 n
o 51 41 e
o 56 50 n
o 52 39 w
o 55 41 e
o 48 57 s
# turn 44
o 66 34 n
o 55 40 e
o 73 43 w
o 59 36 e
o 50 53 s
o 63 42 n
o 60 49 e
o 58 40 n
o 57 56 w
o 59 39 n
o 70 34 e
o 63 34 s
o 52 50 n
o 51 42 e
o 47 48 n
o 55 42 e
o 53 57 s
o 73 34 n
o 53 34 n
o 57 44 w
o 49 57 s
o 61 40 n
o 54 54 w
o 53 54 w
o 46 50 e
o 52 43 w
o 50 52 s
o 72 41 s
o 52 38 w
o 55 51 n
o 56 33 n
o 70 44 e
o 74 35 w
o 55 50 n
o 69 35 e
# turn 45
o 57 43 w
o 53 53 w
o 46 51 e
o 46 48 e
o 61 43 w
o 70 45 e
o 55 41 e
o 51 43 s
o 51 50 n
o 72 34 n
o 50 57 s
o 55 43 e
o 72 43 e
o 54 57 s
o 54 50 n
o 57 55 w
o 51 53 s
o 60 50 e
o 73 41 s
o 60 40 n
o 70 35 e
o 52 42 w
o 55 33 n
o 52 37 w
o 57 40 n
o 51 52 s
o 74 34 n
o 54 51 n
o 69 36 e
o 52 34 n
o 54 53 w
o 59 37 e
o 58 39 n
o 71 41 e
# turn 46
o 55 57 s
o 57 39 n
o 62 42 w
o 55 44 e
o 46 52 e
o 64 34 e
o 74 41 w
o 57 42 w
o 52 53 s
o 54 52 w
o 61 42 w
o 73 42 s
o 51 57 s
o 52 41 w
o 59 40 n
o 52 36 w
o 70 46 e
o 46 49 e
o 56 40 n
o 69 37 e
o 55 42 e
o 73 34 n
o 50 50 n
o 59 38 e
o 70 36 e
o 51 34 n
o 71 42 e
o 53 50 n
o 60 51 e
o 72 45 s
o 52 43 w
o 71 34 n
o 54 33 n
o 53 51 n
o 57 54 w
# turn 47
o 74 40 w
o 52 57 s
o 53 53 s
o 52 35 w
o 52 52 e
o 55 40 e
o 70 34 n
o 54 51 w
o 60 52 e
o 52 40 w
o 49 50 n
o 53 52 s
o 72 34 n
o 56 39 n
o 69 38 e
o 55 43 e
o 74 42 w
o 57 53 w
o 56 57 s
o 59 39 e
o 46 53 e
o 52 50 n
o 64 35 e
o 57 41 w
o 65 34 e
o 73 45 s
o 72 44 n
o 52 51 n
o 61 41 w
o 74 46 n
o 70 47 e
o 62 41 w
o 46 50 e
o 70 37 e
o 55 45 e
# turn 48
o 51 51 n
o 74 39 w
o 69 39 e
o 57 57 w
o 55 44 e
o 52 39 s
o 69 34 n
o 70 48 e
o 74 41 w
o 54 52 s
o 51 50 n
o 65 35 e
o 73 46 n
o 70 38 e
o 71 44 n
o 74 45 s
o 60 53 s
o 46 51 e
o 57 52 w
o 59 40 e
o 71 43 n
o 54 53 s
o 62 40 w
o 55 46 e
o 64 36 e
o 57 40 w
o 46 54 e
o 58 40 w
o 53 57 s
o 61 40 w
o 55 41 e
o 52 53 e
o 54 50 w
o 71 34 n
o 48 50 n
# turn 49
o 74 38 w
o 74 40 w
o 70 34 n
o 61 39 w
o 61 53 s
o 57 39 w
o 68 34 n
o 46 52 e
o 59 41 e
o 55 39 w
o 72 46 n
o 57 56 w
o 56 48 n
o 54 39 w
o 50 50 n
o 64 37 e
o 70 49 e
o 62 39 w
o 69 40 e
o 70 39 e
o 52 54 e
o 55 42 e
o 54 49 w
o 55 52 s
o 58 39 w
o 50 51 n
o 54 57 s
o 55 45 e
o 70 43 n
o 57 51 w
o 65 36 e
o 55 53 s
o 47 50 n
o 70 44 n
o 46 55 e
# turn 50
o 49 51 n
o 70 40 e
o 74 39 w
o 46 56 e
o 74 37 w
o 64 38 e
o 54 38 w
o 69 34 n
o 61 38 w
o 69 41 e
o 62 53 s
o 55 43 e
o 57 38 w
o 54 48 n
o 69 43 n
o 57 50 w
o 46 53 e
o 76 45 s
o 62 38 w
o 56 53 s
o 55 57 s
o 49 50 n
o 69 44 n
o 52 55 e
o 75 45 e
o 71 51 w
o 58 38 w
o 55 38 w
o 57 55 w
o 71 46 n
o 67 34 n
o 53 39 w
o 65 37 e
o 46 50 e
o 59 42 e
o 70 50 e
# turn 51
o 70 51 e
o 69 42 e
o 54 37 w
o 46 51 e
o 53 38 w
o 53 48 n
o 55 44 e
o 48 51 n
o 63 53 s
o 56 52 e
o 70 41 e
o 57 49 w
o 46 57 s
o 64 39 e
o 56 57 s
o 74 36 w
o 58 37 w
o 68 44 n
o 65 38 e
o 55 47 s
o 46 54 e
o 61 37 w
o 70 46 e
o 62 37 w
o 57 37 w
o 59 43 e
o 66 34 n
o 55 37 w
o 77 45 w
o 52 56 e
o 74 38 w
o 55 46 s
o 71 50 w
o 75 46 e
o 68 34 n
o 77 46 e
o 48 50 n
o 68 43 n
# turn 52
o 55 36 w
o 77 44 n
o 67 44 n
o 47 57 s
o 64 53 s
o 52 57 s
o 71 49 w
o 56 47 s
o 74 37 w
o 70 52 e
o 58 36 w
o 65 39 e
o 46 52 e
o 55 48 s
o 77 47 e
o 59 44 e
o 67 43 n
o 53 37 w
o 57 52 n
o 56 53 e
o 46 55 e
o 65 34 n
o 57 48 s
o 70 42 e
o 57 57 w
o 54 36 w
o 75 47 e
o 61 36 w
o 47 51 n
o 70 47 e
o 62 36 w
o 67 34 n
o 64 40 e
o 57 36 w
o 69 43 e
o 74 35 w
o 56 46 s
o 47 50 n
o 55 45 e
o 52 48 n
# turn 53
o 76 44 n
o 46 51 e
o 66 43 n
o 46 56 e
o 77 48 e
o 59 45 e
o 55 35 w
o 65 40 e
o 57 46 s
o 56 54 e
o 64 41 e
o 57 53 w
o 70 48 e
o 56 52 n
o 65 53 s
o 57 35 w
o 74 36 w
o 57 56 w
o 56 48 s
o 70 53 e
o 64 34 n
o 71 48 w
o 66 44 n
o 46 53 e
o 54 35 w
o 62 35 w
o 69 44 s
o 57 47 s
o 53 36 w
o 66 34 n
o 58 48 s
o 74 34 n
o 53 57 s
o 51 48 n
o 58 35 w
o 55 46 e
o 61 35 w
o 48 57 s
# turn 54
o 65 44 n
o 66 53 s
o 61 34 w
o 46 52 e
o 57 52 w
o 54 34 w
o 50 48 n
o 46 57 s
o 55 34 w
o 57 34 w
o 70 49 e
o 75 44 n
o 55 47 e
o 65 34 n
o 75 48 n
o 57 48 s
o 75 49 s
o 71 47 w
o 73 34 n
o 55 52 n
o 49 57 s
o 70 54 e
o 58 34 w
o 46 54 e
o 58 47 s
o 54 57 s
o 70 43 n
o 74 35 w
o 46 50 s
o 53 35 w
o 59 48 s
o 77 49 e
o 65 41 e
o 56 55 e
o 70 44 e
o 57 54 w
# turn 55
o 62 34 e
o 60 48 e
o 74 44 w
o 57 55 n
o 56 56 e
o 76 49 s
o 70 45 e
o 57 53 w
o 48 51 s
o 54 52 n
o 72 34 n
o 50 57 s
o 47 57 s
o 74 48 n
o 67 53 w
o 61 33 w
o 70 56 e
o 46 53 e
o 64 42 n
o 58 46 e
o 55 48 n
o 63 34 e
o 59 47 s
o 55 33 w
o 58 48 s
o 49 48 n
o 74 34 n
o 71 46 w
o 70 50 e
o 58 33 w
o 69 43 n
o 57 51 w
o 64 44 n
o 47 50 s
o 54 33 w
o 46 55 e
o 57 33 w
# turn 56
o 70 51 e
o 49 51 s
o 57 50 w
o 58 32 w
o 71 45 w
o 55 57 w
o 46 56 e
o 54 48 n
o 63 35 e
o 64 34 e
o 63 42 n
o 53 52 n
o 60 49 e
o 71 57 w
o 62 35 e
o 73 48 n
o 51 57 s
o 62 44 n
o 77 51 s
o 55 32 w
o 65 43 s
o 71 34 n
o 66 51 s
o 57 52 w
o 73 34 n
o 61 32 w
o 70 57 e
o 77 50 n
o 65 42 n
o 48 48 n
o 46 54 e
o 58 47 e
o 70 46 e
o 74 43 w
o 59 46 w
o 64 43 n
o 59 48 s
o 77 49 s
o 57 32 w
o 70 55 s
o 56 55 n
o 48 57 s
o 56 57 s
o 60 47 s
o 48 50 s
o 68 43 n
# turn 57
o 52 57 s
o 60 48 s
o 63 36 e
o 55 31 w
o 59 45 w
o 58 31 w
o 70 52 e
o 60 50 e
o 62 42 n
o 53 48 n
o 62 36 e
o 61 47 s
o 57 57 w
o 72 48 n
o 57 49 w
o 57 31 w
o 71 44 w
o 76 50 n
o 70 34 n
o 64 42 n
o 64 35 e
o 47 48 n
o 63 43 n
o 52 52 n
o 74 42 w
o 61 31 w
o 67 52 n
o 50 51 s
o 49 57 s
o 79 50 e
o 58 48 s
o 71 55 s
o 72 34 n
o 79 49 w
o 57 51 w
o 70 47 e
o 55 55 n
o 61 44 n
o 67 51 w
o 46 57 s
o 70 58 s
o 46 55 e
# turn 58
o 54 55 n
o 57 50 w
o 63 42 n
o 46 48 e
o 57 56 w
o 70 53 e
o 50 50 w
o 71 43 w
o 55 56 s
o 60 51 e
o 63 44 s
o 61 30 w
o 71 58 s
o 69 34 n
o 74 41 w
o 78 49 e
o 64 36 e
o 63 37 e
o 75 51 s
o 66 43 e
o 46 56 e
o 67 50 w
o 79 48 w
o 70 48 e
o 49 50 e
o 50 57 s
o 59 44 w
o 67 43 w
o 62 43 n
o 71 34 n
o 57 48 w
o 71 56 s
o 51 52 n
o 53 57 s
o 72 55 s
o 78 51 e
o 59 48 s
o 65 51 w
o 51 51 s
o 47 57 s
o 75 50 n
o 61 48 s
o 62 47 s
o 61 42 n
o 58 30 w
o 79 51 e
o 57 30 w
o 66 52 n
o 62 37 e
o 52 48 n
# turn 59
o 74 40 w
o 72 56 s
o 61 29 w
o 64 51 s
o 50 49 w
o 74 50 n
o 65 50 w
o 60 52 e
o 62 38 e
o 71 48 w
o 74 55 s
o 71 42 w
o 70 54 e
o 57 29 w
o 78 52 e
o 49 51 e
o 60 48 e
o 46 49 e
o 62 42 n
o 57 49 w
o 79 52 e
o 67 42 w
o 63 38 e
o 53 55 n
o 78 50 e
o 57 47 w
o 48 57 s
o 60 42 n
o 63 47 s
o 61 43 n
o 56 56 s
o 62 48 s
o 51 57 s
o 66 44 s
o 67 49 w
o 72 58 e
o 76 51 s
o 64 37 e
o 46 57 s
o 70 34 n
o 70 49 e
o 65 52 n
o 58 29 w
o 52 51 s
o 57 55 w
o 73 58 e
o 54 57 s
o 64 44 s
o 68 34 n
# turn 60
o 74 39 w
o 64 38 e
o 63 39 e
o 57 56 w
o 63 48 s
o 72 60 s
o 57 54 w
o 71 41 w
o 69 34 n
o 61 28 w
o 64 52 n
o 65 49 w
o 60 53 s
o 62 39 e
o 49 52 e
o 49 57 s
o 67 34 n
o 51 48 e
o 46 50 e
o 70 55 e
o 73 50 n
o 50 52 w
o 57 28 w
o 67 44 s
o 65 44 s
o 75 55 s
o 78 53 e
o 73 56 s
o 60 49 e
o 58 28 w
o 53 51 s
o 57 48 s
o 71 47 w
o 60 44 s
o 52 55 n
o 78 51 e
o 50 48 n
o 65 51 s
o 52 57 s
o 47 57 s
o 57 46 w
o 61 42 n
o 55 57 s
o 64 47 s
o 67 48 w
o 79 54 e
o 70 50 e
o 59 42 n
o 67 41 w
# turn 61
o 79 53 n
o 57 45 w
o 58 42 n
o 51 49 e
o 72 50 n
o 58 48 s
o 49 48 n
o 61 44 s
o 70 51 e
o 61 53 s
o 67 40 w
o 64 39 e
o 57 27 w
o 77 51 e
o 73 55 n
o 50 51 w
o 76 55 s
o 68 34 n
o 63 40 e
o 48 57 s
o 58 27 w
o 60 42 n
o 57 53 w
o 71 40 w
o 70 56 e
o 50 57 s
o 74 56 s
o 65 47 s
o 66 44 s
o 61 27 w
o 79 55 e
o 59 43 e
o 66 34 n
o 53 57 s
o 74 38 w
o 78 54 e
o 46 51 e
o 73 60 s
o 54 51 s
o 67 47 w
o 49 53 e
o 56 57 s
o 63 52 n
o 60 50 e
o 66 51 s
o 62 40 e
o 51 55 n
o 57 55 w
o 71 46 w
o 68 44 s
# turn 62
o 71 45 w
o 67 44 s
o 77 52 e
o 51 50 e
o 62 53 s
o 71 39 w
o 64 48 e
o 50 50 w
o 67 46 n
o 65 34 n
o 62 44 s
o 63 41 e
o 69 44 s
o 60 51 e
o 50 55 n
o 58 26 w
o 74 60 w
o 67 51 w
o 57 54 w
o 62 41 e
o 66 47 s
o 46 52 e
o 67 39 w
o 57 44 w
o 49 57 s
o 67 34 n
o 70 57 e
o 57 42 n
o 59 44 e
o 51 57 s
o 74 37 w
o 48 48 n
o 65 48 s
o 57 26 w
o 72 55 n
o 71 50 n
o 59 48 s
o 75 56 s
o 64 40 e
o 62 52 n
o 57 57 w
o 70 52 e
o 73 59 w
o 60 43 s
o 66 40 n
o 57 52 w
o 72 59 e
o 78 55 e
o 55 51 s
o 54 57 s
o 59 42 n
# turn 63
o 50 49 w
o 60 52 e
o 64 41 e
o 63 42 e
o 57 56 w
o 58 42 n
o 58 25 w
o 77 55 e
o 70 54 e
o 66 48 s
o 63 44 s
o 72 60 s
o 70 44 e
o 55 57 s
o 56 42 n
o 60 48 e
o 65 40 n
o 62 42 e
o 74 36 w
o 71 44 w
o 71 38 w
o 64 49 e
o 78 56 e
o 49 55 n
o 70 58 s
o 67 50 w
o 57 53 w
o 63 53 s
o 50 57 s
o 46 53 e
o 47 48 n
o 67 38 w
o 66 34 n
o 59 45 e
o 79 57 s
o 57 51 w
o 74 59 w
o 77 53 e
o 52 57 s
o 51 51 e
o 49 54 n
o 64 34 n
o 76 53 e
o 67 47 w
o 73 58 w
o 70 50 e
o 68 44 s
o 66 46 n
# turn 64
o 56 51 e
o 79 56 w
o 57 50 w
o 46 48 e
o 70 53 s
o 76 54 e
o 67 46 n
o 64 42 e
o 65 34 n
o 71 55 w
o 59 46 e
o 77 58 s
o 73 57 w
o 70 51 e
o 57 43 s
o 71 58 s
o 76 56 e
o 60 53 s
o 51 57 s
o 80 57 s
o 77 54 e
o 74 35 w
o 48 54 n
o 71 37 w
o 70 55 e
o 74 58 s
o 61 43 e
o 70 45 e
o 57 42 n
o 60 49 e
o 61 52 w
o 62 43 e
o 63 34 n
o 64 53 s
o 48 55 n
o 51 52 e
o 46 54 e
o 53 57 s
o 64 50 e
o 50 48 n
o 64 40 n
o 67 37 w
o 63 43 e
o 73 60 s
o 77 56 e
o 56 57 s
o 57 52 w
o 71 43 w
o 69 44 s
o 55 42 e
o 65 46 n
o 67 48 w
o 64 44 s
# turn 65
o 47 54 n
o 64 51 e
o 67 36 w
o 70 56 e
o 77 57 e
o 62 44 e
o 77 55 e
o 71 42 w
o 49 48 n
o 63 44 e
o 61 44 e
o 70 44 s
o 57 54 n
o 56 42 n
o 61 53 s
o 57 55 n
o 56 52 e
o 57 49 w
o 75 58 s
o 51 53 e
o 46 49 e
o 58 43 s
o 76 55 e
o 63 40 n
o 64 46 n
o 65 44 s
o 73 56 w
o 65 53 s
o 71 53 s
o 55 43 e
o 67 49 n
o 72 58 e
o 70 46 e
o 79 55 w
o 57 51 w
o 52 57 s
o 57 57 w
o 71 36 w
o 70 52 e
o 64 34 n
o 67 47 w
o 62 34 n
o 78 58 s
o 74 60 w
o 60 50 e
o 61 51 w
o 59 47 e
o 74 34 n
o 54 57 s
o 64 43 e
o 66 46 n
o 46 55 e
# turn 66
o 57 50 w
o 62 53 s
o 57 56 w
o 70 53 e
o 67 46 n
o 67 35 w
o 60 51 e
o 61 50 w
o 77 58 s
o 56 55 n
o 71 41 w
o 66 53 s
o 55 44 e
o 61 34 w
o 51 54 e
o 71 35 w
o 64 52 e
o 71 44 s
o 73 34 n
o 73 55 w
o 70 57 e
o 62 45 e
o 46 50 e
o 71 54 s
o 66 49 n
o 46 56 e
o 76 57 n
o 66 44 s
o 63 34 n
o 57 48 s
o 48 48 n
o 59 43 s
o 46 54 e
o 53 57 s
o 47 55 w
o 59 48 s
o 78 57 w
o 74 59 w
o 77 56 e
o 55 57 s
o 55 42 e
o 65 46 n
o 62 40 n
o 61 45 e
o 56 54 n
o 72 59 e
o 70 47 e
o 64 44 s
# turn 67
o 47 54 w
o 73 53 s
o 55 54 n
o 60 52 e
o 72 44 s
o 70 54 e
o 58 48 s
o 73 51 w
o 72 60 s
o 60 48 e
o 76 56 n
o 57 49 w
o 73 52 n
o 65 49 n
o 75 57 n
o 67 34 n
o 55 45 e
o 61 40 n
o 78 56 w
o 55 43 e
o 70 58 s
o 61 49 w
o 67 44 s
o 65 44 s
o 62 46 e
o 77 57 e
o 71 40 w
o 70 48 e
o 61 33 w
o 61 46 e
o 56 53 n
o 71 34 n
o 64 53 s
o 47 48 n
o 55 55 n
o 46 51 e
o 60 43 s
o 46 57 s
o 62 34 n
o 67 53 w
o 56 57 s
o 76 58 w
o 74 58 s
o 63 45 n
o 57 55 w
o 54 57 s
o 51 55 e
o 66 46 n
o 46 55 e
o 63 46 e
# turn 68
o 54 55 n
o 55 44 e
o 46 48 e
o 72 53 n
o 71 39 w
o 55 53 n
o 67 52 w
o 46 56 e
o 61 43 s
o 71 58 s
o 61 34 w
o 46 52 e
o 60 53 s
o 75 58 s
o 72 54 e
o 74 57 n
o 64 49 n
o 62 45 n
o 72 34 e
o 57 54 w
o 70 55 e
o 73 50 w
o 47 53 w
o 63 47 e
o 63 53 w
o 65 53 s
o 60 49 e
o 64 46 e
o 76 57 w
o 66 44 s
o 57 48 s
o 55 46 e
o 66 34 n
o 73 44 s
o 54 54 n
o 73 54 s
o 59 48 s
o 74 53 s
o 75 56 n
o 47 57 s
o 57 57 w
o 73 60 s
o 72 52 n
o 62 47 e
o 70 34 n
o 70 49 e
o 55 57 s
o 61 32 w
o 60 40 n
o 51 56 e
o 68 44 s
# turn 69
o 72 35 e
o 57 56 w
o 74 56 n
o 70 56 e
o 75 53 s
o 65 34 n
o 69 44 s
o 70 35 s
o 58 48 s
o 74 60 w
o 67 51 w
o 73 57 n
o 71 52 n
o 60 48 e
o 66 53 s
o 61 53 s
o 76 56 w
o 61 47 n
o 69 34 n
o 55 47 e
o 46 49 e
o 53 55 n
o 47 52 w
o 71 38 w
o 61 31 w
o 48 57 s
o 67 44 s
o 62 48 e
o 57 53 w
o 71 53 n
o 62 43 s
o 61 33 w
o 51 57 s
o 46 53 e
o 72 58 e
o 54 53 n
o 70 50 e
o 72 55 e
o 53 54 n
o 58 40 n
o 55 45 e
o 74 44 s
o 73 49 w
o 74 54 s
o 46 57 s
o 56 57 s
o 63 52 w
o 60 50 e
o 64 47 e
o 76 58 s
o 65 46 e
o 61 45 n
# turn 70
o 53 53 n
o 75 54 s
o 62 53 s
o 63 48 n
o 70 53 e
o 73 48 w
o 64 48 e
o 46 54 e
o 57 40 n
o 60 51 e
o 70 44 s
o 72 57 n
o 71 35 s
o 59 40 w
o 52 54 n
o 63 51 w
o 70 57 e
o 49 57 s
o 46 50 e
o 71 37 w
o 67 50 w
o 65 47 e
o 60 49 e
o 60 47 n
o 68 44 s
o 55 48 n
o 72 36 e
o 52 55 n
o 61 30 w
o 59 48 s
o 63 43 s
o 52 57 s
o 47 57 s
o 57 57 w
o 74 59 w
o 64 34 n
o 61 48 e
o 76 53 s
o 67 53 w
o 62 49 e
o 57 52 w
o 75 44 s
o 61 32 w
o 47 51 w
o 72 59 e
o 57 55 w
o 55 46 e
o 60 45 n
o 68 34 n
# turn 71
o 72 56 n
o 60 52 e
o 61 29 w
o 52 53 n
o 57 56 w
o 54 48 n
o 76 54 s
o 69 44 s
o 67 52 w
o 70 54 e
o 47 50 w
o 72 60 s
o 70 51 s
o 60 48 e
o 59 45 n
o 51 54 n
o 57 53 w
o 71 44 s
o 71 57 n
o 59 39 w
o 55 47 e
o 72 35 s
o 61 31 w
o 64 49 e
o 67 34 n
o 74 58 s
o 48 57 s
o 70 58 s
o 61 49 e
o 62 48 n
o 73 56 w
o 63 53 s
o 50 57 s
o 73 47 w
o 63 34 n
o 67 49 w
o 56 40 n
o 65 48 e
o 64 43 s
o 53 57 s
o 57 51 w
o 77 53 s
o 46 51 e
o 71 36 w
o 70 52 s
o 60 50 e
o 59 47 n
o 62 50 e
o 72 37 e
o 76 44 s
o 51 55 n
o 46 55 e
# turn 72
o 57 50 w
o 73 46 w
o 58 47 n
o 72 44 s
o 60 51 e
o 61 50 e
o 67 51 w
o 62 51 e
o 70 44 e
o 71 58 s
o 55 40 e
o 72 38 e
o 47 49 w
o 71 35 w
o 61 28 w
o 65 49 e
o 60 53 s
o 75 58 s
o 65 43 s
o 51 53 n
o 73 55 w
o 71 51 s
o 70 57 e
o 49 57 s
o 57 54 n
o 70 55 e
o 77 44 n
o 73 35 s
o 46 56 e
o 53 48 n
o 60 49 e
o 51 57 s
o 64 53 s
o 54 57 s
o 59 38 w
o 66 34 n
o 61 30 w
o 64 50 e
o 50 55 n
o 73 60 s
o 46 52 e
o 55 48 n
o 58 45 n
o 61 48 n
o 62 34 n
o 57 52 w
o 71 52 s
o 50 54 n
o 67 48 w
# turn 73
o 61 29 w
o 64 51 e
o 60 52 e
o 57 56 e
o 54 48 n
o 57 45 n
o 70 56 e
o 65 34 n
o 46 53 e
o 55 57 s
o 60 48 n
o 61 53 s
o 61 34 w
o 57 49 w
o 74 35 w
o 72 51 s
o 57 47 n
o 70 58 s
o 66 43 s
o 67 50 w
o 70 45 e
o 65 53 s
o 50 57 s
o 72 39 e
o 47 48 n
o 72 58 e
o 71 56 w
o 72 52 s
o 73 44 s
o 63 50 e
o 57 51 w
o 73 54 w
o 65 51 s
o 71 34 n
o 59 37 w
o 52 57 s
o 63 49 n
o 49 54 n
o 50 53 n
o 67 47 w
o 46 57 s
o 74 60 w
o 60 50 e
o 61 51 e
o 76 58 s
o 49 55 n
o 56 54 n
o 57 55 n
o 76 44 n
o 55 41 e
o 52 48 n
# turn 74
o 57 50 w
o 55 54 n
o 65 50 n
o 59 36 w
o 73 51 s
o 46 48 e
o 62 53 s
o 49 53 n
o 67 46 n
o 56 45 n
o 71 55 w
o 60 51 e
o 56 55 n
o 71 58 s
o 66 53 s
o 73 52 s
o 64 52 e
o 60 53 s
o 73 45 s
o 63 51 e
o 70 57 e
o 51 48 n
o 48 54 n
o 67 43 s
o 53 48 n
o 61 33 w
o 51 57 s
o 67 49 w
o 70 46 e
o 57 48 s
o 48 55 n
o 46 54 e
o 53 57 s
o 47 57 s
o 57 57 w
o 56 47 n
o 74 59 w
o 64 34 n
o 62 49 n
o 70 34 n
o 66 51 s
o 55 42 e
o 72 40 e
o 72 59 e
o 74 34 n
# turn 75
o 47 54 n
o 73 53 s
o 60 52 e
o 57 56 w
o 48 53 n
o 54 54 n
o 72 41 e
o 67 51 w
o 72 60 s
o 61 53 s
o 55 55 n
o 69 34 n
o 57 49 w
o 74 51 s
o 55 47 e
o 46 49 e
o 73 34 n
o 55 45 e
o 74 58 s
o 48 57 s
o 71 54 w
o 70 58 s
o 61 49 n
o 55 43 e
o 63 34 n
o 72 58 e
o 64 53 s
o 64 50 n
o 59 35 w
o 59 48 w
o 50 48 n
o 68 43 s
o 52 57 s
o 62 52 w
o 74 45 s
o 67 53 w
o 56 57 w
o 61 32 w
o 67 48 w
o 70 47 e
o 54 57 s
o 66 46 n
o 46 55 e
o 52 48 n
# turn 76
o 54 55 n
o 55 44 e
o 67 52 w
o 46 56 e
o 58 48 w
o 49 48 n
o 62 51 w
o 55 57 s
o 71 58 s
o 60 53 s
o 75 58 s
o 49 57 s
o 59 34 w
o 72 34 n
o 51 48 n
o 46 50 e
o 75 51 s
o 47 53 n
o 72 42 e
o 67 50 w
o 56 56 w
o 70 48 e
o 65 53 s
o 71 53 w
o 60 49 e
o 61 52 w
o 57 48 w
o 55 48 n
o 55 46 e
o 46 54 e
o 53 57 s
o 47 55 w
o 53 54 n
o 69 43 s
o 74 44 n
o 73 60 s
o 67 47 w
o 62 34 n
o 63 52 n
o 65 46 n
o 72 59 e
o 57 55 w
o 68 34 n
# turn 77
o 71 52 w
o 47 54 w
o 46 51 e
o 66 53 s
o 71 34 n
o 59 47 s
o 61 34 w
o 63 53 s
o 56 57 s
o 50 48 n
o 64 46 n
o 72 43 e
o 54 48 n
o 62 52 n
o 55 47 e
o 46 53 e
o 70 49 e
o 67 49 w
o 75 44 n
o 72 58 e
o 67 46 n
o 57 47 w
o 60 50 e
o 48 48 n
o 52 54 n
o 61 51 w
o 53 55 n
o 54 57 s
o 62 50 w
o 58 47 w
o 67 34 n
o 50 57 s
o 63 50 w
o 70 43 s
o 46 55 e
o 74 60 w
o 67 51 w
o 56 55 w
o 72 60 s
o 70 44 n
o 55 45 e
o 57 54 w
o 46 57 s
# turn 78
o 71 43 s
o 47 57 s
o 74 44 w
o 73 60 s
o 63 49 w
o 67 50 w
o 57 53 w
o 46 52 e
o 69 44 n
o 62 53 s
o 61 33 w
o 55 48 n
o 61 52 n
o 47 53 w
o 57 46 w
o 67 53 w
o 60 47 s
o 70 34 n
o 73 44 w
o 47 48 n
o 51 54 n
o 58 46 w
o 64 53 s
o 55 57 s
o 72 44 e
o 51 57 s
o 57 57 w
o 72 59 e
o 71 51 w
o 53 48 n
o 70 50 e
o 66 34 n
o 67 48 w
o 56 54 w
o 49 48 n
o 46 54 e
o 52 55 n
o 74 59 w
o 61 50 w
o 59 46 w
o 62 49 w
o 55 46 e
o 46 56 e
o 66 46 n
o 63 46 w
# turn 79
o 70 51 e
o 61 49 w
o 57 52 w
o 61 53 s
o 59 45 w
o 61 47 s
o 60 52 e
o 52 57 s
o 63 53 s
o 69 34 n
o 65 53 s
o 46 48 e
o 50 54 n
o 57 56 w
o 63 48 w
o 54 48 n
o 56 57 s
o 68 44 n
o 55 47 e
o 46 53 e
o 67 49 w
o 56 53 w
o 58 45 w
o 65 34 n
o 67 47 w
o 47 52 w
o 65 46 n
o 67 52 w
o 61 32 w
o 74 43 w
o 48 48 n
o 60 51 s
o 63 45 w
o 72 45 e
o 46 55 e
o 71 50 w
o 74 60 w
o 73 43 w
o 72 60 s
o 48 57 s
o 51 55 n
o 46 57 s
o 52 48 n
# turn 80
o 72 46 e
o 67 44 n
o 47 57 s
o 66 53 s
o 63 47 w
o 73 60 s
o 62 48 s
o 71 49 w
o 55 48 n
o 61 48 w
o 56 52 w
o 70 52 e
o 73 42 w
o 62 53 s
o 72 43 e
o 61 51 s
o 59 44 w
o 64 34 n
o 60 53 s
o 57 55 w
o 47 48 n
o 67 46 n
o 46 49 e
o 64 53 s
o 74 42 w
o 57 57 w
o 53 48 n
o 49 57 s
o 68 34 n
o 67 48 w
o 47 51 w
o 46 54 e
o 50 55 n
o 53 57 s
o 46 56 e
o 51 48 n
o 57 51 w
o 58 44 w
o 63 44 s
o 67 51 w
o 49 54 n
o 74 59 w
# turn 81
o 56 51 w
o 57 50 w
o 61 53 s
o 67 50 w
o 63 46 w
o 61 47 w
o 74 41 w
o 65 53 s
o 63 53 s
o 62 47 e
o 46 48 e
o 50 57 s
o 50 48 n
o 64 46 e
o 57 56 w
o 72 44 e
o 63 48 s
o 54 48 n
o 70 53 e
o 67 53 w
o 54 57 s
o 71 48 w
o 66 44 n
o 74 60 w
o 67 47 w
o 73 41 w
o 48 57 s
o 59 43 w
o 67 34 n
o 46 55 e
o 46 50 e
o 48 54 n
o 47 50 w
o 49 55 n
o 62 51 s
o 58 43 w
o 66 46 n
o 57 54 w
o 46 57 s
o 52 48 n
# turn 82
o 74 40 w
o 47 54 n
o 47 57 s
o 46 51 e
o 66 53 s
o 65 46 n
o 46 56 e
o 48 55 n
o 74 59 w
o 62 48 e
o 57 53 w
o 47 49 w
o 57 49 w
o 62 53 s
o 59 42 w
o 51 57 s
o 58 42 w
o 61 46 w
o 67 49 w
o 67 46 n
o 46 49 e
o 64 53 s
o 71 47 w
o 63 51 s
o 67 52 w
o 64 48 s
o 53 48 n
o 63 45 w
o 70 54 e
o 49 48 n
o 57 55 w
o 66 34 n
o 72 45 e
o 56 50 w
o 51 48 n
o 73 40 w
o 64 44 w
o 55 57 s
o 49 57 s
# turn 83
o 72 46 e
o 52 57 s
o 65 44 w
o 74 39 w
o 64 51 s
o 58 41 w
o 46 52 e
o 59 41 w
o 65 34 n
o 73 39 w
o 65 53 s
o 63 53 s
o 50 57 s
o 52 48 n
o 64 46 n
o 46 57 s
o 67 53 w
o 56 57 s
o 62 49 e
o 57 52 w
o 47 48 n
o 57 48 s
o 64 47 n
o 56 49 w
o 65 48 s
o 64 43 w
o 61 45 w
o 67 48 w
o 46 54 e
o 71 46 w
o 46 50 e
o 63 44 w
o 50 48 n
o 67 51 w
o 48 57 s
o 66 46 n
o 57 54 w
# turn 84
o 63 43 w
o 74 38 w
o 47 57 s
o 46 51 e
o 66 53 s
o 71 45 w
o 63 47 n
o 67 50 w
o 57 53 w
o 64 34 n
o 67 47 w
o 46 48 e
o 58 40 w
o 63 46 w
o 56 48 w
o 51 57 s
o 64 42 w
o 46 53 e
o 59 40 w
o 65 43 w
o 73 38 w
o 48 48 e
o 64 53 s
o 53 57 s
o 65 46 n
o 67 52 w
o 57 57 w
o 49 57 s
o 58 48 s
o 62 50 e
o 66 48 s
o 47 55 w
o 57 51 w
o 51 48 n
o 61 44 w
o 65 51 s
o 46 55 e
# turn 85
o 47 54 w
o 52 57 s
o 57 50 w
o 46 56 e
o 56 47 w
o 61 43 w
o 67 48 w
o 64 41 w
o 46 52 e
o 63 42 w
o 65 53 s
o 62 47 n
o 50 57 s
o 71 44 w
o 64 46 n
o 57 56 w
o 67 53 w
o 59 39 w
o 63 34 n
o 74 37 w
o 67 46 n
o 46 49 e
o 57 52 w
o 48 57 s
o 63 45 w
o 65 42 w
o 73 37 w
o 49 48 e
o 46 54 e
o 48 49 e
o 54 57 s
o 58 39 w
o 59 48 s
o 67 51 w
o 62 51 e
# turn 86
o 57 51 w
o 60 48 e
o 62 52 e
o 66 53 s
o 61 47 n
o 67 47 w
o 57 49 w
o 56 46 w
o 63 46 w
o 47 53 w
o 61 42 w
o 74 36 w
o 51 57 s
o 46 53 e
o 71 43 w
o 67 49 n
o 55 57 s
o 66 51 e
o 63 41 w
o 67 52 w
o 59 38 w
o 49 57 s
o 58 38 w
o 57 55 w
o 53 57 s
o 66 46 n
o 46 50 e
o 46 57 s
o 63 44 s
o 50 48 e
o 65 41 w
o 73 36 w
o 49 49 e
o 64 40 w
o 46 55 e
o 48 50 e
# turn 87
o 46 51 e
o 52 57 s
o 47 57 s
o 57 50 w
o 46 56 e
o 50 49 e
o 66 52 e
o 67 50 n
o 48 51 e
o 49 50 e
o 70 41 s
o 60 49 e
o 62 53 s
o 73 35 w
o 60 47 n
o 64 39 w
o 67 53 w
o 56 57 s
o 58 37 w
o 67 46 n
o 57 48 s
o 47 52 w
o 61 41 w
o 65 46 n
o 63 45 w
o 46 54 e
o 54 57 s
o 50 57 s
o 63 40 w
o 57 54 w
o 65 40 w
o 64 44 s
o 59 37 w
o 56 45 w
o 74 35 w
o 66 49 n
# turn 88
o 49 51 e
o 65 44 s
o 66 53 s
o 57 57 w
o 64 38 w
o 58 36 w
o 65 39 w
o 57 53 w
o 63 53 s
o 62 38 n
o 57 49 w
o 66 50 n
o 64 46 n
o 46 57 s
o 65 49 n
o 62 43 s
o 51 57 s
o 56 44 w
o 48 52 e
o 46 52 e
o 60 50 e
o 73 34 n
o 59 47 n
o 50 50 e
o 71 42 s
o 58 48 s
o 59 36 w
o 63 39 w
o 53 57 s
o 66 46 n
o 61 40 w
o 63 44 s
o 47 51 w
o 67 51 n
o 48 57 s
o 55 57 s
o 46 55 e
o 71 41 s
# turn 89
o 63 43 s
o 52 57 s
o 47 57 s
o 64 44 s
o 57 48 s
o 46 56 e
o 65 50 n
o 66 51 n
o 56 43 w
o 61 38 n
o 59 48 s
o 72 34 n
o 71 40 n
o 57 56 w
o 65 38 w
o 66 44 s
o 46 53 e
o 63 38 w
o 56 57 s
o 64 53 s
o 57 52 w
o 55 42 e
o 65 46 n
o 67 52 n
o 54 57 s
o 72 42 s
o 64 49 n
o 48 53 e
o 49 52 e
o 60 51 e
o 74 34 n
o 58 47 n
o 58 35 w
o 59 35 w
o 72 41 s
o 64 37 w
o 47 50 w
o 50 51 e
o 63 46 w
o 49 57 s
# turn 90
o 61 39 s
o 67 44 s
o 70 40 n
o 65 44 s
o 60 48 e
o 60 52 e
o 47 49 w
o 65 53 s
o 50 57 s
o 49 53 e
o 64 46 n
o 67 53 w
o 73 42 s
o 46 57 s
o 57 51 w
o 57 55 w
o 71 34 n
o 55 43 e
o 55 57 s
o 60 38 n
o 73 34 n
o 73 41 s
o 58 34 w
o 65 37 w
o 64 43 s
o 63 45 w
o 64 36 w
o 57 57 w
o 58 48 s
o 59 34 w
o 63 49 n
o 46 54 e
o 53 57 s
o 63 37 w
o 64 50 n
o 50 52 e
o 48 54 e
o 65 51 n
o 57 47 n
o 48 57 s
o 66 52 n
o 56 42 w
# turn 91
o 56 47 n
o 47 57 s
o 57 50 w
o 66 53 s
o 70 34 n
o 59 33 w
o 49 54 e
o 55 44 e
o 50 53 e
o 74 41 w
o 48 55 e
o 59 48 s
o 60 49 e
o 72 34 n
o 58 33 w
o 57 56 w
o 46 55 e
o 60 53 s
o 63 36 w
o 62 49 n
o 51 57 s
o 66 44 s
o 64 35 w
o 65 43 s
o 62 39 s
o 64 51 n
o 65 52 n
o 56 57 s
o 67 52 w
o 59 38 n
o 49 57 s
o 56 41 w
o 54 57 s
o 63 50 n
o 47 48 n
o 65 36 w
o 63 44 s
o 69 40 n
o 57 54 w
o 63 46 w
# turn 92
o 61 53 s
o 74 40 w
o 67 44 s
o 60 48 e
o 58 32 w
o 52 57 s
o 66 43 s
o 46 56 e
o 50 54 e
o 57 55 w
o 63 35 w
o 57 53 w
o 69 34 n
o 59 32 w
o 60 50 e
o 62 50 n
o 57 49 w
o 50 57 s
o 64 52 n
o 65 35 w
o 67 53 w
o 55 47 e
o 46 48 e
o 71 34 n
o 55 57 s
o 56 40 w
o 58 38 n
o 63 51 n
o 57 57 w
o 63 39 s
o 68 40 n
o 64 44 s
o 63 45 w
o 67 51 w
o 49 55 e
o 48 57 s
o 55 45 e
# turn 93
o 61 49 w
o 70 34 n
o 65 44 s
o 74 39 w
o 57 48 s
o 67 43 s
o 58 31 w
o 67 50 w
o 64 34 e
o 56 39 w
o 57 56 w
o 64 39 s
o 56 57 s
o 68 44 s
o 63 34 n
o 63 52 n
o 62 53 s
o 46 49 e
o 55 48 n
o 57 52 w
o 51 57 s
o 67 52 w
o 55 46 e
o 49 57 s
o 59 31 w
o 60 49 e
o 48 56 n
o 60 51 e
o 50 55 e
o 53 57 s
o 63 44 s
o 62 51 n
o 68 34 n
o 67 40 n
o 57 54 w
o 46 57 s
# turn 94
o 46 50 e
o 52 57 s
o 47 57 s
o 56 38 w
o 57 57 w
o 60 52 e
o 59 30 w
o 65 39 s
o 57 53 w
o 61 48 w
o 63 53 s
o 69 34 n
o 47 56 n
o 50 57 s
o 66 40 n
o 62 34 n
o 57 38 w
o 54 48 n
o 62 52 n
o 55 47 e
o 57 51 w
o 67 49 w
o 66 44 s
o 65 34 e
o 60 50 e
o 64 35 e
o 69 44 s
o 54 57 s
o 70 35 s
o 58 48 s
o 57 55 w
o 67 34 n
o 61 50 w
o 74 38 w
o 64 44 s
o 49 56 n
o 58 30 w
o 67 51 w
o 68 43 s
# turn 95
o 61 49 w
o 67 44 s
o 65 44 s
o 57 50 w
o 50 56 n
o 64 36 e
o 46 56 e
o 65 40 n
o 53 48 n
o 55 48 e
o 61 47 w
o 71 35 s
o 61 52 n
o 60 53 s
o 46 51 e
o 51 57 s
o 57 52 w
o 59 29 w
o 74 37 w
o 64 53 s
o 61 51 w
o 57 37 w
o 58 29 w
o 48 57 s
o 65 35 e
o 66 34 n
o 67 48 w
o 48 56 n
o 53 57 s
o 68 34 n
o 69 43 s
o 56 37 w
o 67 50 w
o 59 48 s
o 66 39 s
o 61 34 w
o 55 57 s
o 57 54 w
o 57 56 w
# turn 96
o 55 36 e
o 52 57 s
o 60 48 e
o 61 53 s
o 46 52 e
o 57 53 w
o 61 48 w
o 65 53 s
o 47 56 n
o 74 36 w
o 55 49 e
o 58 28 w
o 56 57 s
o 68 44 s
o 66 44 s
o 61 46 w
o 67 39 s
o 67 49 w
o 65 34 n
o 72 35 s
o 67 47 w
o 54 57 s
o 67 34 n
o 56 36 w
o 59 28 w
o 60 51 s
o 57 55 w
o 64 40 n
o 61 50 w
o 57 36 w
o 57 49 w
o 70 43 s
o 57 51 w
o 65 36 e
o 61 33 w
o 49 56 n
o 60 52 e
o 64 37 e
o 46 57 s
o 52 48 n
o 49 57 s
# turn 97
o 61 49 w
o 47 57 s
o 58 27 w
o 59 27 w
o 57 50 w
o 66 53 s
o 46 56 e
o 54 51 s
o 64 38 e
o 67 44 s
o 61 47 w
o 67 48 w
o 64 34 n
o 68 39 s
o 48 56 n
o 60 49 e
o 62 53 s
o 60 53 s
o 46 53 e
o 71 43 s
o 57 35 w
o 67 46 n
o 55 57 s
o 57 48 s
o 57 52 w
o 61 51 s
o 69 44 s
o 61 32 w
o 50 57 s
o 65 37 e
o 61 45 w
o 66 34 n
o 57 57 w
o 53 57 s
o 55 37 e
o 63 40 n
o 51 48 n
o 74 35 w
o 57 54 w
# turn 98
o 67 47 w
o 60 50 e
o 69 39 s
o 61 53 s
o 57 53 w
o 63 53 s
o 59 26 w
o 47 56 n
o 57 49 w
o 61 48 w
o 57 56 w
o 73 35 e
o 64 39 e
o 67 53 w
o 56 57 s
o 51 57 s
o 63 34 n
o 57 34 w
o 65 38 e
o 55 38 e
o 74 34 n
o 65 34 n
o 68 44 s
o 61 31 w
o 54 57 s
o 62 40 n
o 48 57 s
o 58 48 s
o 46 54 e
o 55 51 s
o 58 26 w
o 57 51 w
o 61 46 w
o 50 48 n
o 61 44 w
o 62 51 s
o 70 44 e
o 66 46 n
o 46 57 s
o 55 50 n
# turn 99
o 56 51 s
o 52 57 s
o 47 57 s
o 57 50 w
o 65 46 n
o 57 57 w
o 61 43 w
o 65 39 e
o 64 53 s
o 61 47 w
o 64 34 n
o 62 53 s
o 62 34 n
o 67 46 n
o 55 57 s
o 57 48 s
o 70 39 s
o 73 34 n
o 63 51 s
o 69 44 s
o 67 52 w
o 46 56 e
o 57 33 w
o 49 48 n
o 60 51 e
o 57 55 w
o 61 40 n
o 61 30 w
o 59 48 s
o 54 50 n
o 73 36 e
o 61 45 w
o 64 40 e
o 49 57 s
# turn 100
o 61 29 w
o 60 48 e
o 64 51 s
o 65 40 e
o 60 52 e
o 61 34 w
o 73 37 e
o 64 41 e
o 63 53 s
o 65 53 s
o 72 34 n
o 50 57 s
o 64 46 n
o 57 56 w
o 61 42 w
o 71 39 s
o 56 57 s
o 63 34 n
o 61 46 w
o 57 32 w
o 48 48 n
o 57 52 n
o 60 40 n
o 66 46 n
o 58 48 s
o 53 50 n
o 57 49 w
o 53 57 s
o 46 55 s
o 57 51 w
o 61 44 w
o 67 51 w
o 48 57 s
o 57 54 w
o 46 57 s
