# turn 1
o 63 16 n
# turn 2
o 62 16 n
# turn 3
o 61 16 w
o 60 16 w
# turn 4
o 60 15 w
o 61 15 w
# turn 5
o 61 14 w
o 60 14 w
# turn 6
o 60 13 w
o 62 12 w
o 61 13 w
# turn 7
o 62 11 s
o 61 12 s
o 60 11 w
# turn 8
o 63 11 w
o 60 10 w
o 60 12 s
o 62 12 w
# turn 9
o 62 11 w
o 61 12 s
o 60 9 s
o 63 10 s
# turn 10
o 62 12 w
o 62 10 s
o 64 10 s
o 61 9 s
# turn 11
o 62 11 e
o 65 10 s
o 62 9 n
o 63 10 e
# turn 12
o 62 12 e
o 63 11 s
o 61 9 w
o 66 10 e
# turn 13
o 66 9 e
o 64 11 e
o 66 11 e
o 61 8 n
o 62 13 s
# turn 14
o 66 10 e
o 63 13 s
o 66 12 e
o 64 12 s
# turn 15
o 66 11 e
o 66 13 e
o 64 13 s
# turn 16
o 65 13 n
o 66 14 e
o 66 12 e
o 65 12 n
o 60 8 s
# turn 17
o 66 13 e
o 64 13 n
o 61 8 e
o 64 12 n
# turn 18
o 61 9 e
o 63 12 n
o 63 13 n
# turn 19
o 62 12 s
o 61 10 s
o 61 13 e
o 62 13 e
# turn 20
o 62 14 e
o 63 15 e
o 63 12 e
o 62 10 e
o 61 14 e
# turn 21
o 61 15 n
o 62 15 e
o 63 16 e
o 62 11 e
o 63 13 e
# turn 22
o 62 12 n
o 63 14 s
o 63 17 s
o 60 15 e
o 62 16 n
# turn 23
o 60 16 e
o 64 14 e
o 64 17 s
o 61 12 n
o 61 16 e
# turn 24
o 60 18 e
o 60 12 w
o 60 17 n
o 64 15 s
o 61 17 e
o 66 15 s
o 66 14 s
o 66 17 s
# turn 25
o 61 18 e
o 60 11 w
o 65 17 s
o 65 15 s
o 59 17 e
o 60 19 n
o 67 17 s
o 67 14 w
# turn 26
o 67 15 w
o 61 19 n
o 60 10 e
o 59 18 n
o 67 13 n
o 68 17 s
o 59 19 e
o 66 15 w
o 66 17 n
# turn 27
o 70 18 w
o 59 20 n
o 60 11 s
o 65 17 n
o 66 13 n
o 66 14 n
o 60 19 n
o 58 18 e
# turn 28
o 58 20 e
o 65 14 s
o 59 19 e
o 61 11 w
o 64 17 s
o 64 14 w
o 65 13 s
o 67 14 w
# turn 29
o 59 20 n
o 64 13 s
o 58 22 e
o 61 10 n
o 65 17 e
o 56 21 e
o 57 21 e
o 71 17 w
o 72 17 w
o 70 17 w
o 66 14 s
# turn 30
o 58 21 e
o 57 22 e
o 58 23 e
o 55 23 n
o 65 18 e
o 71 16 w
o 69 17 s
o 56 22 n
o 72 16 w
o 70 16 w
# turn 31
o 58 22 e
o 65 19 e
o 58 19 s
o 58 24 s
o 54 23 e
o 58 25 e
o 57 23 e
o 58 20 s
o 56 23 e
o 70 17 s
o 71 15 w
o 53 23 e
o 70 15 w
o 55 22 n
o 72 15 w
# turn 32
o 71 14 w
o 67 13 w
o 65 13 w
o 57 24 s
o 72 13 w
o 53 24 n
o 58 23 s
o 54 22 n
o 71 17 s
o 59 20 e
o 65 20 e
o 70 14 w
o 72 14 s
o 54 24 s
o 59 24 s
o 59 19 s
o 66 13 w
o 56 24 e
# turn 33
o 73 14 w
o 52 24 n
o 53 22 n
o 56 25 e
o 72 17 s
o 58 24 s
o 67 12 w
o 65 12 w
o 72 12 w
o 71 13 w
o 70 13 w
o 60 19 e
o 65 21 e
o 66 12 w
o 67 14 e
o 59 23 s
o 59 21 e
o 73 11 s
o 55 24 s
o 60 24 s
# turn 34
o 72 11 w
o 61 24 e
o 70 12 w
o 65 22 e
o 66 11 w
o 56 26 e
o 56 24 e
o 73 17 s
o 75 11 s
o 73 13 s
o 71 12 w
o 60 23 e
o 67 11 w
o 65 11 w
o 62 24 e
o 52 22 n
o 59 24 e
o 51 24 n
o 60 20 e
o 59 22 e
# turn 35
o 65 23 e
o 70 11 w
o 74 13 e
o 66 10 w
o 60 21 e
o 76 11 w
o 51 22 n
o 74 11 w
o 74 17 s
o 56 27 n
o 59 25 s
o 71 11 w
o 59 23 e
o 56 25 n
o 56 28 n
o 50 24 n
o 67 10 w
o 72 10 w
o 65 10 w
o 61 25 e
o 62 25 s
o 60 24 s
o 77 11 w
# turn 36
o 65 24 s
o 55 28 e
o 67 9 w
o 65 9 w
o 61 24 e
o 55 27 n
o 77 10 w
o 50 22 n
o 74 10 w
o 60 25 e
o 60 22 e
o 74 14 w
o 72 9 n
o 75 17 n
o 63 25 s
o 55 25 e
o 65 25 e
o 66 9 w
o 59 24 s
o 70 10 w
o 76 17 w
o 76 10 w
# turn 37
o 64 25 e
o 74 13 w
o 76 16 w
o 49 21 n
o 66 24 s
o 71 9 w
o 49 20 n
o 55 26 e
o 77 9 w
o 70 9 w
o 74 17 e
o 54 27 n
o 61 25 n
o 76 9 w
o 66 26 s
o 60 26 e
o 49 22 n
o 74 9 s
# turn 38
o 76 7 n
o 75 9 n
o 55 27 e
o 67 26 w
o 60 25 e
o 76 15 w
o 64 26 w
o 68 26 w
o 65 26 s
o 76 8 n
o 67 15 n
o 53 27 e
o 71 7 w
o 48 22 e
o 77 8 s
o 70 8 w
o 74 12 n
o 74 18 e
o 71 10 w
o 68 24 s
# turn 39
o 76 14 s
o 55 28 n
o 69 24 w
o 74 19 e
o 71 5 s
o 68 25 w
o 71 9 s
o 75 7 n
o 75 8 n
o 53 28 n
o 64 25 w
o 48 21 n
o 66 15 n
o 60 26 e
o 71 8 w
o 78 8 s
o 73 12 w
o 60 23 n
o 70 24 s
o 66 26 s
o 67 24 w
o 70 7 w
o 71 6 s
o 74 9 n
o 60 24 e
# turn 40
o 67 23 s
o 52 28 n
o 67 26 s
o 60 25 e
o 77 14 s
o 70 6 s
o 79 8 e
o 73 9 w
o 74 20 e
o 73 5 w
o 67 25 s
o 59 23 w
o 71 7 s
o 65 15 n
o 72 9 w
o 60 27 e
o 54 28 n
o 69 23 e
o 72 5 w
o 74 7 w
o 64 24 e
o 71 24 s
o 73 11 s
o 71 23 s
# turn 41
o 64 25 e
o 60 28 n
o 69 24 s
o 68 25 s
o 78 14 s
o 53 28 n
o 68 26 s
o 65 8 e
o 79 9 s
o 60 26 n
o 72 4 w
o 74 11 s
o 72 23 s
o 73 8 w
o 74 6 n
o 74 21 e
o 73 4 w
o 74 8 w
o 72 24 s
o 51 28 n
o 64 15 w
o 60 10 e
o 71 6 w
o 68 23 s
o 72 6 w
o 59 22 n
# turn 42
o 72 2 w
o 60 11 e
o 81 10 e
o 73 3 w
o 71 5 w
o 65 9 e
o 72 7 w
o 79 14 s
o 59 26 n
o 64 26 n
o 59 28 n
o 73 23 s
o 67 8 e
o 64 14 w
o 58 22 e
o 75 11 s
o 49 28 n
o 80 9 w
o 69 26 s
o 70 24 s
o 69 23 s
o 72 5 w
o 74 7 w
o 73 6 w
o 69 25 s
o 52 28 s
o 50 28 e
o 68 24 s
o 73 24 s
o 66 8 n
# turn 43
o 80 8 w
o 69 24 e
o 74 24 e
o 50 29 e
o 67 9 n
o 70 23 s
o 76 11 s
o 70 26 s
o 72 3 w
o 73 2 w
o 53 28 e
o 64 13 e
o 58 28 e
o 63 26 n
o 71 4 w
o 65 8 n
o 72 8 w
o 73 5 n
o 60 12 e
o 74 6 n
o 48 29 e
o 80 14 s
o 58 26 n
o 81 11 s
o 71 24 s
o 59 13 e
o 58 23 n
o 70 25 s
o 49 29 e
o 65 10 n
o 57 28 e
# turn 44
o 77 11 s
o 53 29 e
o 74 22 n
o 74 23 e
o 64 8 n
o 73 6 w
o 62 26 w
o 71 26 n
o 74 25 n
o 72 4 w
o 0 11 e
o 50 30 s
o 58 29 e
o 57 23 e
o 59 14 e
o 64 14 n
o 81 14 s
o 71 25 n
o 57 26 n
o 64 10 w
o 74 26 n
o 60 13 n
o 80 7 s
o 57 29 e
o 72 24 s
o 66 9 w
o 49 30 e
o 48 30 e
o 71 23 e
o 69 25 e
# turn 45
o 48 31 e
o 0 14 s
o 63 14 e
o 74 24 w
o 57 30 n
o 70 26 e
o 51 30 e
o 59 13 n
o 78 11 e
o 53 30 n
o 59 15 e
o 81 7 s
o 56 26 n
o 58 30 e
o 64 9 n
o 73 5 w
o 57 24 n
o 73 26 s
o 66 8 n
o 73 22 w
o 0 12 s
o 63 8 n
o 72 5 w
o 73 25 s
o 69 26 e
o 71 24 s
o 49 31 e
o 70 25 w
o 62 25 w
o 73 24 w
o 73 7 w
# turn 46
o 0 7 s
o 51 32 e
o 48 32 e
o 74 25 w
o 74 23 w
o 73 6 w
o 56 30 e
o 63 9 n
o 49 32 s
o 62 8 n
o 73 23 w
o 78 12 e
o 65 8 n
o 56 24 w
o 55 26 e
o 63 15 e
o 52 30 e
o 59 16 n
o 70 27 s
o 73 4 w
o 62 24 s
o 58 31 n
o 58 13 n
o 72 24 w
o 1 12 e
o 73 21 s
o 70 24 s
o 72 6 w
o 55 24 w
# turn 47
o 51 31 e
o 73 3 w
o 74 24 w
o 55 27 e
o 69 27 s
o 58 16 w
o 62 9 w
o 56 23 w
o 71 24 s
o 73 5 w
o 55 23 w
o 64 8 n
o 57 31 e
o 50 32 e
o 61 8 n
o 63 16 w
o 74 26 w
o 2 14 s
o 57 13 n
o 63 24 e
o 1 7 s
o 71 27 s
o 72 7 w
o 57 16 w
o 48 33 e
o 56 31 n
o 72 23 w
o 1 13 e
o 73 22 w
o 78 13 s
o 74 21 w
o 52 31 e
# turn 48
o 55 31 e
o 62 8 n
o 52 32 e
o 72 27 n
o 48 34 s
o 72 24 n
o 73 21 n
o 56 22 w
o 74 23 n
o 56 13 s
o 58 15 w
o 79 13 s
o 73 4 w
o 63 25 w
o 2 7 s
o 74 19 n
o 51 32 n
o 55 13 n
o 72 22 n
o 1 14 s
o 74 25 e
o 74 20 n
o 70 27 n
o 57 15 w
o 63 15 e
o 57 32 e
o 55 28 e
o 55 22 n
o 50 33 e
o 74 22 n
# turn 49
o 73 20 n
o 50 34 e
o 71 27 n
o 72 21 n
o 57 13 w
o 71 22 n
o 58 14 w
o 54 13 w
o 63 24 w
o 54 22 n
o 73 23 n
o 56 21 w
o 73 19 w
o 80 13 e
o 63 8 n
o 52 33 n
o 63 16 e
o 57 33 e
o 74 26 e
o 50 32 e
o 73 22 w
o 71 24 n
o 49 34 n
o 55 32 e
o 55 29 e
# turn 50
o 54 12 n
o 72 23 e
o 57 12 w
o 63 23 w
o 69 27 w
o 57 34 e
o 55 30 e
o 71 21 w
o 63 17 e
o 70 27 w
o 70 24 n
o 73 18 w
o 80 14 s
o 50 33 e
o 73 21 w
o 57 14 w
o 55 33 e
o 72 20 w
o 74 27 w
o 70 22 n
o 51 33 e
o 56 20 s
# turn 51
o 72 19 n
o 73 20 w
o 69 24 w
o 57 13 w
o 74 26 w
o 57 20 s
o 70 26 w
o 55 31 w
o 55 34 e
o 57 11 w
o 51 34 n
o 72 24 w
o 69 26 e
o 53 12 n
o 71 20 n
o 63 18 e
o 63 22 w
o 73 17 n
o 68 24 n
o 69 22 s
o 81 14 s
# turn 52
o 57 10 w
o 0 14 s
o 63 20 s
o 72 17 n
o 72 23 n
o 70 20 w
o 63 19 w
o 57 12 w
o 74 25 e
o 69 27 n
o 73 19 n
o 55 30 w
o 52 12 n
o 58 20 n
o 69 23 w
o 67 24 s
o 71 19 w
o 70 25 w
o 70 22 w
o 58 13 n
o 63 21 s
# turn 53
o 70 21 n
o 71 18 e
o 74 26 e
o 51 12 w
o 57 20 w
o 57 9 w
o 70 19 n
o 63 18 e
o 50 12 n
o 64 20 s
o 68 24 s
o 68 27 s
o 70 17 e
o 57 11 w
o 64 21 s
o 57 13 w
o 55 29 n
o 72 19 e
o 71 23 w
o 70 24 w
# turn 54
o 57 10 w
o 70 18 s
o 53 29 n
o 69 24 n
o 69 21 s
o 49 12 n
o 71 22 s
o 52 10 n
o 63 19 n
o 69 20 s
o 69 27 n
o 57 8 n
o 71 17 s
o 72 20 w
o 69 19 w
o 57 12 n
o 72 6 e
o 57 7 n
o 57 19 w
o 74 27 n
o 54 29 e
o 69 22 s
o 70 23 s
o 65 21 e
# turn 55
o 51 9 w
o 56 7 n
o 70 21 s
o 71 18 s
o 72 7 e
o 56 12 w
o 72 17 w
o 57 9 n
o 54 30 n
o 73 27 n
o 65 22 n
o 70 20 w
o 72 22 w
o 52 29 e
o 51 11 n
o 47 12 w
o 68 27 s
o 56 8 n
o 62 19 e
o 51 10 n
o 72 5 e
o 65 20 n
o 70 22 s
o 57 18 e
o 69 18 s
o 68 24 n
o 48 12 w
o 71 23 s
# turn 56
o 64 22 n
o 70 18 w
o 72 21 w
o 50 11 n
o 72 23 w
o 55 8 n
o 72 8 e
o 72 18 w
o 54 6 w
o 72 27 n
o 55 7 w
o 56 9 w
o 71 21 w
o 64 20 e
o 57 19 e
o 67 24 w
o 48 11 w
o 62 20 e
o 69 27 s
o 47 10 w
o 71 19 w
o 72 6 e
o 56 11 w
o 72 16 w
o 50 10 n
# turn 57
o 51 8 s
o 62 21 n
o 67 23 w
o 71 18 w
o 54 8 s
o 57 20 e
o 47 9 w
o 72 17 w
o 71 22 w
o 72 7 e
o 70 17 w
o 49 9 n
o 70 19 w
o 49 8 n
o 56 8 w
o 49 7 n
o 72 22 w
o 71 27 s
o 50 8 w
o 56 10 w
o 48 10 n
o 49 11 n
o 72 9 e
o 63 22 n
o 54 5 s
o 71 20 w
o 64 21 n
o 72 19 w
o 54 4 s
o 72 15 w
# turn 58
o 71 17 e
o 55 5 n
o 72 21 e
o 61 21 n
o 50 7 n
o 70 18 e
o 55 7 n
o 62 22 n
o 55 4 n
o 56 7 w
o 67 22 n
o 72 20 n
o 48 9 n
o 55 8 n
o 62 8 e
o 60 8 e
o 72 8 w
o 47 8 n
o 72 18 e
o 52 8 w
o 70 27 n
o 72 27 n
o 56 9 e
o 71 21 e
o 61 8 e
o 72 14 w
o 47 11 e
o 55 6 n
o 57 22 n
o 48 11 e
o 72 16 w
o 49 10 n
o 72 10 w
o 47 10 n
o 70 16 e
o 47 7 w
o 48 7 w
o 63 21 n
# turn 59
o 62 21 n
o 71 27 n
o 72 11 w
o 72 9 w
o 54 5 n
o 60 21 n
o 47 6 w
o 54 8 n
o 72 7 w
o 47 9 n
o 71 22 n
o 56 21 n
o 46 8 w
o 70 19 e
o 48 6 w
o 61 9 w
o 52 7 n
o 69 27 n
o 47 12 e
o 48 8 w
o 72 13 w
o 48 10 w
o 62 9 w
o 54 6 n
o 60 9 w
o 61 22 e
o 71 20 e
o 72 19 e
o 66 22 n
o 54 7 n
o 71 18 n
o 56 10 n
o 56 6 n
o 49 7 w
o 54 4 n
o 56 22 n
o 72 22 e
o 72 15 w
o 48 12 e
# turn 60
o 70 18 n
o 48 5 w
o 46 7 e
o 61 23 e
o 72 10 w
o 53 7 n
o 55 6 w
o 65 22 n
o 72 23 n
o 48 9 e
o 46 4 s
o 55 22 n
o 62 8 e
o 60 8 e
o 70 20 w
o 72 8 w
o 53 6 n
o 48 7 e
o 71 21 w
o 49 6 w
o 61 8 e
o 51 7 w
o 68 27 s
o 57 21 n
o 53 8 n
o 70 17 w
o 72 14 e
o 46 10 e
o 55 10 e
o 70 22 n
o 72 12 e
o 59 21 n
o 61 21 s
o 72 20 w
o 71 19 w
o 53 4 n
o 72 6 w
o 53 5 n
# turn 61
o 46 11 e
o 64 22 e
o 55 5 w
o 62 21 w
o 71 18 n
o 71 20 n
o 52 6 s
o 61 24 e
o 56 21 e
o 70 19 n
o 61 9 e
o 52 7 s
o 52 8 e
o 46 9 e
o 47 5 s
o 70 16 w
o 48 8 e
o 72 13 n
o 48 10 e
o 55 11 s
o 62 9 e
o 60 9 e
o 72 9 w
o 72 19 n
o 52 4 s
o 49 5 s
o 58 21 e
o 69 22 n
o 51 6 w
o 69 27 n
o 69 18 w
o 55 21 e
o 72 7 w
o 52 5 s
o 71 23 n
o 72 15 n
# turn 62
o 70 18 n
o 69 17 n
o 61 10 e
o 51 5 w
o 46 12 e
o 58 22 e
o 48 5 s
o 53 7 s
o 46 8 e
o 64 23 e
o 48 4 s
o 55 4 n
o 55 22 e
o 71 13 n
o 70 20 n
o 72 8 w
o 53 6 s
o 68 22 n
o 50 5 w
o 68 27 n
o 69 19 n
o 70 27 n
o 52 9 s
o 56 22 e
o 48 9 e
o 48 11 e
o 46 10 e
o 70 23 n
o 60 10 e
o 71 19 w
o 62 10 e
o 62 20 w
o 56 11 e
o 53 5 s
# turn 63
o 46 11 s
o 60 11 e
o 55 23 e
o 71 18 w
o 47 4 s
o 56 12 s
o 62 11 e
o 51 4 s
o 68 17 n
o 53 9 e
o 69 20 n
o 69 27 n
o 46 9 s
o 73 3 s
o 48 10 e
o 54 6 s
o 67 22 n
o 56 23 s
o 54 7 s
o 54 5 s
o 62 19 w
o 69 23 e
o 49 5 s
o 68 19 w
o 64 24 n
o 69 18 w
o 61 11 e
o 54 4 s
o 67 27 n
# turn 64
o 55 5 s
o 47 9 e
o 68 20 s
o 61 13 s
o 62 18 w
o 66 22 s
o 72 5 s
o 66 27 n
o 69 24 w
o 53 10 n
o 55 4 s
o 70 13 s
o 67 17 e
o 74 3 s
o 71 15 e
o 69 17 s
o 57 12 e
o 72 3 s
o 50 4 s
o 55 7 s
o 68 27 n
o 47 11 e
o 63 24 n
o 70 15 e
o 72 7 s
o 60 12 e
o 72 4 s
o 68 18 s
o 50 5 s
o 72 6 s
o 55 6 s
o 55 24 n
# turn 65
o 73 4 s
o 65 27 n
o 56 7 s
o 73 3 s
o 71 18 n
o 51 5 s
o 57 13 e
o 62 17 w
o 56 4 s
o 73 6 s
o 70 17 n
o 67 22 w
o 52 10 e
o 71 13 n
o 67 18 n
o 69 20 n
o 73 5 s
o 70 16 w
o 62 13 e
o 71 3 s
o 73 1 s
o 56 5 s
o 61 12 e
o 71 16 w
o 60 13 e
o 69 23 w
o 62 24 w
o 56 6 s
o 69 18 n
o 47 10 e
o 73 2 s
o 73 7 s
o 49 4 s
# turn 66
o 70 18 s
o 62 15 n
o 69 17 s
o 57 6 n
o 52 11 n
o 68 20 w
o 62 12 s
o 62 16 e
o 57 5 n
o 61 13 s
o 70 13 w
o 71 17 s
o 69 22 n
o 64 27 n
o 57 4 n
o 66 18 s
o 68 18 s
o 62 23 n
o 67 21 e
o 71 15 s
o 62 14 s
o 74 7 e
o 48 4 e
o 57 7 n
o 57 14 n
o 60 14 n
o 52 5 s
o 70 15 w
# turn 67
o 48 5 e
o 63 14 s
o 63 27 s
o 62 17 e
o 72 17 w
o 70 12 s
o 67 22 n
o 67 18 e
o 61 23 s
o 68 22 e
o 51 11 e
o 74 6 e
o 59 14 n
o 53 5 s
o 63 12 w
o 71 18 w
o 70 17 w
o 74 3 s
o 70 14 w
o 74 8 e
o 68 19 e
o 69 18 n
o 56 14 n
o 53 4 s
o 62 13 s
o 61 15 n
o 67 27 n
o 72 15 w
# turn 68
o 72 2 s
o 72 1 s
o 56 5 n
o 50 4 n
o 60 15 n
o 51 12 e
o 67 19 n
o 68 18 n
o 68 20 e
o 74 4 w
o 48 6 w
o 72 3 s
o 58 14 n
o 74 10 s
o 52 4 s
o 65 27 w
o 75 3 s
o 56 4 n
o 70 13 w
o 62 18 e
o 64 27 w
o 63 11 e
o 71 12 w
o 64 14 e
o 71 17 n
o 62 23 e
o 56 7 n
o 66 22 e
o 74 5 s
o 72 14 s
o 68 23 n
o 74 7 s
o 56 6 n
o 55 14 e
o 63 13 e
o 72 16 e
o 66 27 w
o 74 9 w
# turn 69
o 55 5 s
o 48 5 w
o 67 23 e
o 63 14 e
o 70 12 w
o 72 17 n
o 66 24 e
o 55 6 s
o 55 4 s
o 64 26 n
o 59 15 e
o 67 18 n
o 68 21 e
o 73 14 s
o 65 26 e
o 75 10 n
o 63 12 n
o 55 15 e
o 62 19 w
o 71 11 s
o 62 24 e
o 66 26 e
o 74 8 w
o 66 19 n
o 75 5 n
o 70 17 e
o 66 23 n
o 53 4 n
o 57 14 e
o 55 7 s
# turn 70
o 56 7 s
o 70 11 e
o 72 11 w
o 73 3 n
o 63 26 w
o 73 1 n
o 74 5 w
o 74 10 w
o 73 2 n
o 65 27 w
o 56 4 s
o 74 14 e
o 71 17 e
o 70 18 e
o 66 25 w
o 66 18 n
o 62 12 s
o 56 5 s
o 59 16 e
o 57 15 n
o 67 24 w
o 62 18 e
o 55 16 e
o 64 15 s
o 68 22 n
o 48 4 n
o 74 7 w
o 56 6 s
o 63 15 e
o 70 16 e
o 54 4 n
o 65 19 e
o 54 5 n
o 62 25 w
o 66 27 w
# turn 71
o 74 1 n
o 70 12 s
o 70 19 e
o 65 22 n
o 74 2 n
o 57 4 n
o 55 17 e
o 62 24 e
o 57 7 e
o 67 23 e
o 63 16 n
o 65 26 e
o 65 15 n
o 63 12 n
o 63 25 e
o 62 19 n
o 74 3 s
o 74 9 s
o 74 4 s
o 57 6 n
o 71 18 n
o 66 24 n
o 51 4 n
o 59 17 n
o 74 15 s
o 47 4 s
o 70 17 n
o 65 20 e
o 72 10 w
o 65 23 n
o 57 5 n
o 65 18 n
o 74 6 w
o 66 26 e
o 56 15 e
# turn 72
o 65 24 n
o 61 19 e
o 65 27 n
o 71 12 n
o 67 24 e
o 56 6 e
o 53 4 s
o 56 16 n
o 62 12 n
o 63 26 e
o 64 23 n
o 75 15 w
o 62 16 n
o 65 21 n
o 72 9 s
o 62 25 n
o 75 4 s
o 69 17 n
o 75 9 s
o 64 18 n
o 75 3 s
o 72 3 s
o 67 22 e
o 56 4 s
o 70 20 s
o 58 17 e
o 52 4 n
o 64 15 n
o 64 22 n
o 70 18 n
o 74 5 s
o 56 5 s
o 53 5 s
# turn 73
o 63 27 n
o 70 12 w
o 75 5 s
o 69 18 e
o 54 4 s
o 61 25 e
o 66 27 n
o 67 23 w
o 73 3 s
o 73 9 s
o 63 23 n
o 61 12 w
o 55 16 e
o 64 24 w
o 56 7 s
o 54 5 e
o 73 2 s
o 68 17 e
o 76 4 s
o 63 22 n
o 75 14 s
o 64 21 e
o 76 9 s
o 71 20 e
o 63 15 w
o 76 3 s
o 58 18 s
o 61 20 n
o 57 5 e
o 67 25 e
o 73 1 s
o 63 18 e
o 61 16 w
# turn 74
o 63 14 w
o 57 4 e
o 77 4 s
o 60 20 e
o 55 4 e
o 62 22 n
o 71 21 n
o 77 3 s
o 64 23 n
o 61 15 w
o 70 11 e
o 59 18 e
o 67 22 n
o 63 19 w
o 54 6 s
o 77 9 s
o 62 23 n
o 61 11 e
o 64 22 n
o 76 14 s
o 67 26 e
o 62 27 n
o 68 18 w
o 69 19 w
o 76 5 s
o 61 26 w
o 48 4 n
o 74 9 s
# turn 75
o 55 5 s
o 74 1 n
o 70 12 w
o 77 14 w
o 63 13 n
o 74 2 n
o 66 22 e
o 69 18 e
o 59 19 n
o 61 25 e
o 63 23 e
o 64 27 n
o 63 12 n
o 61 12 w
o 70 21 n
o 74 3 s
o 67 27 s
o 49 4 n
o 51 4 s
o 75 9 s
o 60 21 w
o 68 17 n
o 61 27 e
o 59 22 n
o 61 14 w
o 77 5 s
o 61 23 e
o 63 18 n
o 55 6 e
# turn 76
o 63 27 n
o 58 19 n
o 65 27 n
o 61 13 w
o 62 18 w
o 61 22 n
o 48 11 w
o 60 20 w
o 69 21 e
o 62 12 w
o 61 28 n
o 77 13 w
o 67 17 n
o 66 23 s
o 70 11 w
o 58 22 e
o 75 3 s
o 61 24 n
o 50 4 e
o 55 7 n
o 47 11 w
o 63 22 e
o 47 4 e
o 52 4 e
o 76 9 s
o 61 11 w
o 63 24 n
o 56 5 n
o 69 19 e
o 61 26 n
o 48 4 e
# turn 77
o 62 27 n
o 55 5 e
o 48 5 s
o 61 10 w
o 62 11 w
o 62 17 w
o 66 17 n
o 73 1 s
o 73 2 s
o 60 22 w
o 69 20 e
o 63 23 e
o 67 23 e
o 47 5 e
o 60 19 n
o 64 27 s
o 57 19 n
o 50 5 e
o 77 12 s
o 68 27 s
o 61 12 w
o 54 7 n
o 60 26 e
o 62 24 e
o 48 10 w
o 70 10 s
o 47 10 w
o 58 23 n
o 52 5 n
o 62 13 w
o 69 22 s
o 60 24 e
# turn 78
o 72 2 s
o 57 6 n
o 61 11 n
o 60 21 w
o 51 5 e
o 50 7 s
o 47 6 e
o 69 21 s
o 74 1 n
o 47 9 e
o 53 7 e
o 60 25 e
o 55 6 e
o 62 12 e
o 48 9 e
o 61 9 s
o 65 27 s
o 62 8 s
o 57 23 w
o 78 12 n
o 70 22 s
o 69 27 s
o 57 8 e
o 74 2 e
o 71 10 w
o 65 17 n
o 57 5 n
o 67 24 e
o 49 5 e
o 56 19 n
o 59 19 n
o 57 7 n
o 62 10 s
o 63 24 n
o 62 16 n
o 60 27 e
o 62 25 e
o 61 27 e
# turn 79
o 60 11 e
o 60 28 e
o 56 5 n
o 67 25 s
o 49 6 n
o 71 22 w
o 57 9 n
o 71 9 w
o 61 28 e
o 62 26 n
o 56 7 e
o 73 2 e
o 58 19 n
o 50 6 e
o 61 16 n
o 70 27 s
o 62 13 e
o 47 7 e
o 63 8 s
o 73 1 s
o 61 8 s
o 51 7 e
o 62 9 s
o 53 8 e
o 70 21 w
o 60 26 e
o 57 22 n
o 62 24 n
o 56 6 n
o 48 10 e
o 47 10 e
o 55 7 n
o 64 17 s
o 60 20 n
o 66 27 s
o 63 10 e
# turn 80
o 61 24 w
o 55 5 n
o 61 29 e
o 71 27 s
o 70 20 e
o 50 7 s
o 68 25 w
o 74 1 e
o 64 8 s
o 51 8 e
o 48 6 e
o 63 9 s
o 60 29 e
o 62 8 s
o 60 16 e
o 53 9 n
o 47 8 e
o 60 12 e
o 71 8 s
o 56 9 e
o 71 21 e
o 59 20 n
o 57 19 n
o 65 17 e
o 56 8 n
o 54 7 n
o 60 27 n
o 56 22 n
o 61 26 w
o 63 11 e
o 72 1 s
o 62 14 s
o 55 6 e
o 71 19 e
o 67 27 w
# turn 81
o 51 9 e
o 60 17 n
o 59 27 e
o 63 14 s
o 47 9 e
o 61 23 s
o 54 5 e
o 71 22 n
o 67 26 w
o 73 1 s
o 73 27 w
o 55 22 n
o 55 8 n
o 65 18 e
o 65 8 s
o 72 8 w
o 53 7 n
o 55 7 n
o 52 9 e
o 72 27 n
o 48 7 e
o 60 30 e
o 63 8 s
o 58 20 w
o 51 7 e
o 70 21 n
o 63 12 s
o 60 13 n
o 56 10 n
o 71 20 e
o 61 30 e
o 68 24 n
o 64 9 s
o 61 25 s
# turn 82
o 73 26 w
o 66 8 s
o 54 22 n
o 48 8 e
o 65 19 e
o 69 21 e
o 64 8 s
o 58 19 n
o 51 10 e
o 51 8 e
o 71 27 n
o 52 7 e
o 59 17 e
o 54 6 n
o 71 21 e
o 65 9 s
o 64 14 n
o 61 31 w
o 62 23 s
o 54 7 n
o 60 31 w
o 64 12 n
o 59 28 n
o 67 24 n
o 51 6 e
o 55 10 n
o 70 22 e
o 67 25 n
o 59 13 e
o 66 23 n
o 52 10 e
o 54 8 n
# turn 83
o 51 9 e
o 65 23 e
o 53 22 n
o 62 25 n
o 63 14 e
o 52 11 e
o 70 23 w
o 71 22 w
o 53 7 n
o 48 9 e
o 65 8 s
o 63 23 s
o 66 25 e
o 52 8 e
o 53 6 n
o 59 18 n
o 51 11 e
o 54 10 e
o 60 30 w
o 59 14 e
o 51 7 e
o 53 8 e
o 63 12 e
o 63 25 s
o 73 25 s
o 65 20 w
o 66 9 s
o 61 30 e
o 70 27 n
o 69 22 w
# turn 84
o 65 24 n
o 64 25 e
o 71 21 w
o 66 24 w
o 51 8 e
o 60 29 n
o 59 15 w
o 53 9 e
o 52 7 e
o 63 13 s
o 64 23 w
o 69 27 n
o 74 25 w
o 52 12 e
o 66 8 n
o 61 31 e
o 67 9 e
o 52 9 e
o 61 25 n
o 51 10 e
o 66 26 n
o 52 22 w
o 70 22 w
o 63 15 w
o 69 21 w
o 65 19 w
o 54 11 n
o 58 18 n
# turn 85
o 64 22 n
o 51 9 s
o 68 27 n
o 55 19 e
o 63 14 e
o 74 24 w
o 52 6 s
o 60 25 n
o 65 18 w
o 64 26 n
o 64 13 s
o 69 20 s
o 67 8 n
o 65 8 n
o 52 8 w
o 59 29 n
o 71 20 w
o 53 10 w
o 57 19 e
o 59 14 w
o 65 26 e
o 64 14 s
o 61 32 e
o 70 21 s
o 56 19 e
o 57 18 n
o 64 24 n
o 66 23 e
o 53 11 s
# turn 86
o 57 20 w
o 65 13 s
o 53 9 w
o 63 26 e
o 74 23 w
o 66 24 s
o 64 8 n
o 52 10 s
o 65 27 n
o 70 20 n
o 52 7 s
o 53 6 s
o 71 21 w
o 66 8 n
o 58 29 n
o 59 25 n
o 65 17 s
o 63 22 w
o 52 9 w
o 67 10 e
o 65 14 s
o 63 15 e
o 59 13 n
o 55 20 w
o 71 19 w
o 63 24 s
o 54 11 w
o 67 27 s
o 56 20 w
# turn 87
o 63 16 e
o 71 18 n
o 71 20 w
o 63 27 n
o 67 11 e
o 53 7 s
o 66 17 s
o 66 14 e
o 69 20 w
o 65 8 n
o 52 8 w
o 58 25 e
o 63 8 n
o 53 8 s
o 68 27 n
o 54 10 s
o 67 24 s
o 58 13 n
o 74 22 w
o 53 10 w
o 64 24 n
o 54 6 s
o 66 13 s
o 63 21 w
# turn 88
o 70 18 s
o 58 27 n
o 69 19 w
o 69 17 s
o 57 13 w
o 63 20 n
o 64 8 n
o 48 13 s
o 55 6 s
o 62 27 n
o 62 8 n
o 53 9 w
o 52 7 s
o 48 12 s
o 66 15 s
o 51 11 n
o 64 27 n
o 48 10 s
o 74 21 w
o 54 7 s
o 67 17 s
o 48 11 s
o 55 10 w
o 58 26 n
o 63 17 e
o 71 19 s
o 63 24 e
o 68 24 s
o 51 12 n
o 67 27 s
o 54 8 s
# turn 89
o 67 13 n
o 68 17 s
o 69 24 s
o 55 9 e
o 63 27 n
o 57 12 e
o 49 12 n
o 63 8 n
o 53 7 n
o 50 11 s
o 70 17 w
o 49 13 n
o 67 12 n
o 55 8 s
o 57 27 n
o 74 20 w
o 55 7 s
o 61 27 n
o 50 12 s
o 61 8 e
o 63 18 w
o 68 27 s
o 57 26 n
o 72 19 w
o 62 20 w
o 71 18 w
o 63 25 w
o 53 8 n
o 49 11 n
o 49 10 n
o 56 6 s
o 69 18 s
o 57 7 e
# turn 90
o 62 27 n
o 70 18 n
o 60 27 n
o 56 7 s
o 69 17 n
o 74 19 w
o 56 26 n
o 63 17 s
o 48 13 s
o 61 9 e
o 62 8 e
o 72 18 s
o 69 27 s
o 57 8 e
o 67 15 n
o 56 27 n
o 52 8 e
o 48 11 s
o 56 8 e
o 66 12 n
o 62 19 w
o 55 10 e
o 57 13 s
o 48 10 s
o 70 16 w
o 71 17 s
o 66 13 n
o 63 24 w
o 48 12 s
o 70 24 s
# turn 91
o 56 9 e
o 59 27 e
o 65 13 n
o 61 10 s
o 64 18 n
o 49 12 s
o 72 17 w
o 74 18 w
o 57 9 e
o 65 12 n
o 68 17 s
o 52 7 e
o 63 23 w
o 55 26 n
o 66 15 n
o 62 18 w
o 61 27 n
o 70 15 s
o 55 11 s
o 71 24 e
o 52 9 e
o 73 18 w
o 49 11 s
o 69 18 s
o 57 7 e
o 64 17 n
o 49 10 s
o 58 13 s
# turn 92
o 57 10 e
o 70 18 s
o 60 27 e
o 57 6 e
o 64 12 n
o 62 17 w
o 63 17 w
o 64 13 n
o 52 8 e
o 70 27 s
o 57 8 e
o 73 17 w
o 74 17 w
o 71 25 e
o 63 22 w
o 65 15 w
o 59 28 e
o 71 15 w
o 63 18 n
o 54 26 e
o 59 13 s
o 52 10 e
o 62 10 e
o 69 17 s
o 56 11 e
o 72 16 w
# turn 93
o 71 14 s
o 71 27 s
o 63 16 e
o 52 11 e
o 73 16 w
o 56 12 n
o 57 9 e
o 71 26 s
o 74 16 w
o 60 28 e
o 63 13 e
o 62 18 e
o 62 16 n
o 54 27 e
o 62 9 s
o 63 12 w
o 52 9 e
o 71 18 w
o 60 13 e
o 70 17 w
o 56 10 e
o 62 11 w
o 57 11 e
o 65 14 s
o 57 7 w
o 62 13 e
o 63 21 e
# turn 94
o 57 10 n
o 63 14 e
o 57 12 n
o 66 14 s
o 72 26 s
o 74 15 w
o 72 14 s
o 63 9 w
o 71 17 w
o 55 12 n
o 72 27 s
o 63 17 n
o 54 28 e
o 61 16 n
o 63 22 n
o 62 19 e
o 63 11 s
o 62 14 n
o 52 10 e
o 62 10 w
o 60 14 e
o 56 11 n
# turn 95
o 54 12 n
o 56 12 e
o 71 16 s
o 62 17 n
o 61 14 n
o 62 22 n
o 74 14 s
o 63 8 s
o 55 11 n
o 62 9 w
o 57 19 s
o 56 10 n
o 60 16 e
o 73 26 s
o 62 20 e
o 73 15 s
o 63 15 n
o 64 11 w
# turn 96
o 62 15 e
o 62 21 e
o 74 26 w
o 57 6 e
o 60 21 n
o 73 14 s
o 64 8 s
o 53 12 e
o 73 27 w
o 58 19 n
o 62 8 s
o 56 13 n
o 60 17 n
o 60 23 e
o 61 22 n
o 64 10 s
o 74 15 s
o 55 10 n
o 60 15 e
o 70 16 s
o 60 14 n
o 61 17 e
o 54 11 n
o 72 16 s
o 72 15 s
# turn 97
o 51 11 w
o 52 11 w
o 73 16 s
o 74 25 w
o 63 8 s
o 55 13 w
o 59 21 e
o 60 22 e
o 62 22 n
o 65 8 s
o 59 17 n
o 53 13 s
o 52 12 s
o 61 18 n
o 59 14 w
o 73 26 w
o 71 16 s
o 73 15 w
o 60 16 e
o 47 10 s
o 57 7 e
o 74 27 w
o 62 16 e
o 53 11 s
o 65 10 w
o 60 24 n
# turn 98
o 73 14 s
o 58 17 n
o 74 26 w
o 74 24 w
o 62 17 n
o 65 9 w
o 60 17 w
o 48 10 e
o 60 18 n
o 54 13 s
o 74 16 s
o 53 12 e
o 55 12 s
o 57 8 e
o 66 8 s
o 60 23 e
o 61 22 n
o 51 10 e
o 73 25 w
o 55 10 s
o 59 13 n
o 52 10 e
o 54 11 e
o 72 16 s
o 59 22 e
# turn 99
o 75 16 w
o 57 17 n
o 59 18 n
o 56 12 e
o 52 11 e
o 57 13 e
o 73 16 w
o 74 25 n
o 74 23 e
o 55 13 e
o 57 9 n
o 60 22 s
o 65 8 s
o 54 12 e
o 54 10 e
o 48 11 e
o 49 13 n
o 56 10 n
o 67 14 w
o 61 17 n
o 60 16 n
o 74 22 w
o 58 13 e
# turn 100
o 56 9 e
o 60 17 e
o 67 13 w
o 58 18 n
o 74 24 e
o 50 10 n
o 64 8 s
o 50 11 n
o 58 14 e
o 56 13 e
o 50 12 n
o 50 13 n
o 61 22 e
o 74 21 w
o 73 25 n
o 59 16 n
o 55 10 e
o 73 15 w
o 55 14 e
o 57 14 e
o 54 11 n
o 73 24 n
