# turn 1
o 4 4 s
# turn 2
o 5 4 e
# turn 3
o 5 5 e
# turn 4
o 5 6 s
# turn 5
o 6 6 w
# turn 6
o 7 4 e
o 6 5 e
# turn 7
o 7 5 e
o 6 6 e
# turn 8
o 7 6 e
o 6 7 e
# turn 9
o 6 8 e
o 7 7 s
# turn 10
o 6 9 e
o 8 7 e
# turn 11
o 6 11 e
o 6 10 n
o 9 9 w
o 8 8 w
# turn 12
o 9 8 w
o 5 10 n
o 6 12 n
# turn 13
o 5 12 n
o 9 7 s
# turn 14
o 4 10 n
o 10 7 s
o 4 12 e
o 8 7 s
o 3 12 n
o 4 9 n
# turn 15
o 11 7 s
o 3 10 n
o 4 13 n
o 3 9 w
o 2 12 e
o 9 7 s
# turn 16
o 10 7 e
o 12 7 e
o 2 10 n
o 3 8 w
o 2 13 n
o 13 7 s
# turn 17
o 10 8 s
o 3 13 e
o 1 13 e
o 14 7 e
o 0 13 n
o 3 7 w
o 1 10 w
o 12 8 s
# turn 18
o 13 8 w
o 11 8 w
o 16 8 w
o 15 8 w
o 1 9 w
o 3 6 w
o 26 13 n
o 14 8 w
o 3 14 n
# turn 19
o 11 7 n
o 15 7 w
o 14 7 w
o 25 13 n
o 1 8 w
o 13 7 w
o 16 7 w
o 3 5 w
# turn 20
o 16 6 w
o 10 7 w
o 1 14 w
o 14 6 w
o 15 6 w
o 24 13 n
o 1 7 w
o 3 4 n
# turn 21
o 16 5 w
o 22 13 n
o 14 5 n
o 2 14 n
o 10 6 w
o 15 4 n
o 2 3 s
o 2 4 s
# turn 22
o 1 3 s
o 14 4 w
o 15 5 s
o 21 13 w
o 3 3 s
o 16 4 w
o 2 13 e
o 20 13 n
o 10 5 w
o 0 13 e
o 13 5 n
o 23 13 n
o 3 4 s
# turn 23
o 10 4 w
o 22 13 e
o 16 5 s
o 16 3 s
o 19 13 w
o 12 5 w
o 21 11 n
o 14 3 n
o 2 3 s
o 21 12 n
o 18 14 e
# turn 24
o 18 15 e
o 10 3 n
o 19 11 n
o 17 15 n
o 12 2 s
o 20 12 e
o 13 3 s
o 22 14 s
o 12 4 n
o 17 5 w
o 22 15 e
o 20 10 s
o 3 3 s
o 20 11 s
o 17 3 w
o 19 12 e
# turn 25
o 19 13 e
o 11 4 n
o 22 16 e
o 18 16 e
o 16 15 w
o 20 13 e
o 13 2 s
o 4 3 e
o 9 3 e
o 23 14 s
o 21 11 s
o 18 11 e
o 21 10 w
o 5 2 s
# turn 26
o 21 9 w
o 6 2 e
o 9 4 n
o 4 4 s
o 19 14 e
o 22 17 s
o 18 17 e
o 22 11 w
o 14 2 w
o 20 14 e
o 18 12 e
# turn 27
o 5 4 w
o 19 15 e
o 6 3 w
o 23 17 e
o 21 8 s
o 14 1 w
o 22 10 w
o 17 19 e
o 10 4 n
o 18 13 e
o 18 18 s
o 14 3 w
o 18 19 e
o 20 15 e
o 8 4 e
# turn 28
o 22 9 s
o 6 2 w
o 14 0 w
o 9 4 e
o 8 5 e
o 23 7 s
o 19 18 s
o 14 2 w
o 24 14 s
o 18 20 s
o 19 21 s
o 6 4 w
o 24 19 e
o 5 3 w
o 19 16 e
o 18 14 n
o 22 8 w
o 23 18 e
o 20 16 e
# turn 29
o 17 20 n
o 14 26 w
o 1 6 w
o 20 17 s
o 6 3 e
o 20 21 n
o 14 1 w
o 22 7 e
o 8 6 s
o 19 17 n
o 25 14 s
o 20 18 n
o 25 21 e
o 19 20 n
o 24 20 s
o 23 19 e
o 24 7 s
o 25 6 w
o 23 9 e
o 5 2 s
# turn 30
o 20 20 e
o 14 0 w
o 19 18 n
o 1 5 w
o 18 20 e
o 19 21 e
o 6 4 w
o 23 10 s
o 18 17 n
o 25 7 e
o 23 20 w
o 9 6 e
o 22 8 n
o 25 20 w
o 16 20 w
o 25 5 w
o 21 17 s
# turn 31
o 1 4 s
o 19 22 n
o 9 8 e
o 9 4 s
o 25 8 w
o 25 23 e
o 25 4 e
o 20 21 e
o 25 19 w
o 21 8 s
o 24 10 n
o 9 7 n
o 22 17 w
o 18 21 n
o 23 19 w
o 14 26 w
o 16 19 n
o 18 18 e
o 9 5 e
o 17 17 n
# turn 32
o 17 3 n
o 18 19 w
o 16 14 e
o 15 19 n
o 20 22 n
o 16 17 s
o 17 2 n
o 22 16 n
o 10 4 w
o 23 10 w
o 25 18 w
o 22 15 n
o 17 1 n
o 8 7 n
o 15 14 e
o 9 6 e
o 25 24 e
o 17 4 n
o 25 22 e
o 9 9 e
o 17 21 e
o 22 8 s
o 25 5 e
o 2 4 e
o 23 18 s
# turn 33
o 21 16 n
o 23 8 w
o 16 2 s
o 19 22 n
o 2 5 e
o 10 3 w
o 17 15 e
o 24 18 w
o 16 3 s
o 6 3 n
o 16 15 e
o 25 23 e
o 17 14 n
o 9 7 e
o 16 4 s
o 7 7 e
o 9 10 n
o 21 15 n
o 6 1 n
o 23 9 s
o 16 1 s
o 18 18 n
o 17 17 n
# turn 34
o 7 8 e
o 16 16 w
o 9 8 e
o 7 11 e
o 17 3 n
o 5 1 s
o 16 14 n
o 17 16 w
o 23 7 s
o 24 9 s
o 8 10 e
o 17 2 n
o 15 15 n
o 16 17 n
o 2 6 w
o 17 1 n
o 17 4 n
o 5 3 n
o 17 18 w
o 3 7 w
o 18 22 n
o 5 2 n
o 25 6 w
o 12 19 n
o 20 15 n
o 20 16 s
o 15 16 n
o 10 2 w
# turn 35
o 16 2 s
o 19 15 n
o 21 16 s
o 2 5 n
o 11 19 n
o 16 3 s
o 7 12 e
o 7 10 e
o 16 15 n
o 16 4 s
o 8 11 e
o 25 7 w
o 13 19 n
o 4 2 n
o 15 17 w
o 24 7 w
o 9 9 e
o 3 6 n
o 16 1 s
o 17 17 w
o 4 3 n
o 25 5 w
o 17 22 e
o 25 9 w
# turn 36
o 12 19 n
o 9 18 e
o 7 11 e
o 25 8 w
o 17 16 n
o 17 15 n
o 25 4 w
o 22 16 s
o 17 2 n
o 1 5 w
o 3 3 n
o 3 2 n
o 2 6 w
o 14 19 n
o 17 1 n
o 9 10 w
o 17 4 n
o 7 9 e
o 8 12 e
o 7 13 e
o 25 6 w
o 24 6 w
o 17 3 n
# turn 37
o 26 14 n
o 8 13 e
o 25 5 e
o 8 19 w
o 2 5 e
o 11 19 w
o 7 12 s
o 9 19 w
o 7 10 n
o 1 2 w
o 16 4 n
o 18 15 w
o 2 2 w
o 10 19 w
o 1 4 w
o 13 19 n
o 25 3 w
o 7 15 e
o 24 5 e
o 9 9 s
# turn 38
o 1 3 w
o 7 16 n
o 12 19 s
o 9 18 w
o 8 14 s
o 16 16 e
o 6 10 w
o 10 18 w
o 15 4 n
o 11 18 w
o 10 9 w
o 2 6 s
o 8 17 n
o 25 14 n
o 14 16 e
o 8 12 e
o 18 14 s
o 24 6 n
o 8 18 n
o 25 2 w
o 2 3 w
o 15 16 e
# turn 39
o 6 9 w
o 8 13 e
o 10 17 w
o 14 4 n
o 14 17 w
o 23 16 s
o 6 17 e
o 10 8 w
o 16 3 e
o 19 14 n
o 24 14 s
o 9 17 w
o 23 6 n
o 15 17 w
o 9 14 s
o 3 6 s
o 15 18 n
o 5 17 e
o 7 18 e
o 13 19 n
o 16 17 w
o 11 7 w
o 11 17 w
o 6 16 n
# turn 40
o 11 16 e
o 16 16 e
o 13 4 n
o 4 6 n
o 24 16 s
o 11 14 s
o 22 6 n
o 8 14 w
o 10 7 w
o 14 18 n
o 7 19 n
o 5 7 n
o 5 18 e
o 23 14 s
o 7 14 w
o 16 4 n
o 25 7 n
o 9 16 e
o 25 14 s
o 14 16 e
o 12 15 e
o 6 8 n
o 5 16 n
o 10 16 e
o 18 14 w
o 25 6 n
o 10 14 e
o 7 17 n
o 15 16 e
o 11 6 w
# turn 41
o 4 7 e
o 8 13 w
o 10 17 e
o 10 6 w
o 16 2 e
o 5 19 n
o 10 15 e
o 14 17 e
o 12 16 n
o 21 6 n
o 6 17 n
o 5 8 e
o 16 17 s
o 12 20 n
o 11 5 s
o 24 14 s
o 9 17 n
o 16 15 s
o 6 18 n
o 12 14 n
o 24 6 n
o 4 16 n
o 15 14 s
o 15 17 e
o 18 13 w
o 11 17 e
o 24 7 n
o 7 13 w
o 12 19 n
o 3 6 e
o 5 20 n
o 12 4 s
o 13 18 e
o 14 15 e
# turn 42
o 11 16 e
o 5 9 e
o 4 8 n
o 13 4 w
o 12 5 s
o 11 14 n
o 3 7 w
o 16 14 s
o 23 7 n
o 17 15 s
o 1 2 e
o 4 20 n
o 4 19 w
o 16 3 s
o 14 18 w
o 10 18 e
o 7 12 n
o 15 18 s
o 14 14 s
o 15 4 e
o 23 6 w
o 15 15 s
o 11 4 n
o 16 4 s
o 5 17 n
o 2 2 e
o 3 16 n
o 3 19 w
o 13 19 e
o 8 17 e
o 18 12 w
o 6 19 e
o 10 16 e
o 14 16 s
o 11 20 e
o 20 6 n
o 17 17 s
# turn 43
o 25 16 n
o 10 17 n
o 2 18 w
o 24 17 n
o 0 14 w
o 14 17 s
o 17 3 n
o 15 5 w
o 11 19 e
o 3 8 e
o 13 3 w
o 3 20 e
o 18 15 s
o 22 7 s
o 3 6 w
o 1 3 e
o 13 20 e
o 17 14 s
o 16 18 w
o 5 18 s
o 2 16 s
o 10 4 w
o 19 6 s
o 1 13 w
o 10 19 e
o 18 17 s
o 23 5 s
o 11 21 n
o 6 12 e
o 15 14 e
o 2 14 w
o 11 18 n
o 17 4 n
o 5 10 n
o 8 12 n
o 15 16 s
o 4 17 w
o 13 5 w
o 18 7 s
o 6 20 e
o 3 18 w
o 10 14 n
o 8 18 e
o 16 15 s
o 2 3 e
o 25 14 n
o 18 11 e
# turn 44
o 26 14 n
o 7 12 e
o 4 18 e
o 13 4 w
o 1 17 e
o 3 21 w
o 10 21 n
o 10 20 n
o 9 14 e
o 3 17 e
o 10 3 w
o 23 7 e
o 16 17 s
o 23 17 n
o 19 7 n
o 16 3 w
o 1 14 n
o 10 18 n
o 24 14 n
o 2 13 s
o 9 17 n
o 6 21 s
o 15 4 n
o 6 14 n
o 15 15 s
o 4 10 e
o 6 18 n
o 13 2 w
o 6 13 n
o 13 21 e
o 19 17 w
o 1 4 w
o 4 16 e
o 3 9 w
o 16 16 s
o 18 12 e
o 2 4 w
o 2 17 e
o 15 17 w
o 3 5 w
o 10 5 w
o 24 5 n
o 3 12 s
o 25 17 n
o 1 12 n
o 24 16 n
o 0 13 n
o 8 19 e
o 11 20 e
o 20 6 s
o 20 17 w
o 1 16 s
o 11 17 n
# turn 45
o 13 22 e
o 0 12 e
o 1 3 w
o 4 12 s
o 10 17 e
o 2 18 e
o 24 17 e
o 0 14 s
o 23 8 e
o 5 13 s
o 19 15 s
o 21 6 n
o 18 14 n
o 17 16 n
o 3 8 w
o 4 19 s
o 13 3 w
o 16 4 e
o 3 20 e
o 18 7 e
o 1 5 w
o 16 15 w
o 14 4 s
o 3 16 e
o 9 18 e
o 5 18 s
o 2 16 n
o 23 16 e
o 10 4 w
o 3 13 s
o 22 17 n
o 8 21 e
o 16 2 e
o 23 14 n
o 23 5 n
o 11 21 e
o 8 17 e
o 26 13 e
o 4 20 s
o 4 11 w
o 18 13 w
o 13 1 w
o 21 15 e
o 9 15 e
o 19 16 e
o 3 4 s
o 7 13 s
o 4 17 e
o 1 18 e
o 3 18 e
o 5 14 s
o 7 21 e
o 2 3 w
o 25 14 n
o 20 16 e
o 15 16 w
o 17 17 e
# turn 46
o 16 16 w
o 8 13 e
o 18 15 w
o 4 18 n
o 20 15 e
o 9 22 e
o 5 19 s
o 21 16 s
o 18 8 e
o 26 14 n
o 3 7 w
o 3 17 n
o 2 19 w
o 23 17 s
o 9 21 s
o 16 3 e
o 4 4 n
o 1 14 n
o 11 22 n
o 8 20 n
o 4 13 e
o 15 4 e
o 6 14 e
o 15 15 n
o 4 10 e
o 13 2 w
o 9 20 s
o 18 12 w
o 19 17 e
o 1 4 w
o 9 16 s
o 1 19 w
o 7 22 n
o 22 14 s
o 5 12 s
o 17 18 s
o 13 23 e
o 16 5 e
o 20 17 e
o 3 21 e
o 10 18 w
o 0 13 n
o 22 5 w
o 23 9 n
o 5 20 e
o 20 6 e
o 6 13 s
o 8 22 e
o 21 17 e
o 8 18 s
o 9 19 s
o 1 16 e
o 13 0 w
# turn 47
o 16 6 e
o 10 17 e
o 2 18 e
o 24 17 n
o 0 14 s
o 13 26 n
o 9 18 e
o 15 5 s
o 10 3 e
o 5 21 e
o 8 14 w
o 19 18 e
o 24 18 e
o 13 25 n
o 22 16 e
o 4 11 s
o 18 9 n
o 18 18 e
o 20 18 e
o 7 13 w
o 6 15 e
o 7 20 n
o 3 6 w
o 13 24 n
o 25 18 e
o 4 14 e
o 22 4 n
o 23 14 n
o 3 19 e
o 6 12 w
o 26 13 e
o 21 18 e
o 13 1 w
o 18 11 n
o 18 14 w
o 22 9 n
o 16 1 e
o 1 18 e
o 14 15 s
o 20 7 e
o 20 16 e
o 3 4 s
# turn 48
o 1 3 s
o 8 13 w
o 19 19 e
o 8 23 e
o 7 12 w
o 6 23 n
o 1 17 e
o 21 9 n
o 6 2 e
o 18 19 e
o 25 1 n
o 20 17 w
o 16 7 w
o 17 15 s
o 18 13 s
o 23 17 w
o 1 14 s
o 4 4 s
o 24 14 n
o 6 25 n
o 17 11 s
o 5 22 n
o 6 1 s
o 5 11 w
o 17 14 s
o 21 19 e
o 22 14 e
o 6 18 n
o 10 4 e
o 16 4 n
o 6 11 w
o 22 17 w
o 6 22 w
o 25 25 n
o 16 2 s
o 21 4 w
o 20 19 e
o 10 23 e
o 2 17 s
o 3 5 s
o 6 19 n
o 16 5 n
o 17 9 s
o 4 15 e
o 16 9 e
o 6 20 n
o 9 23 e
o 10 16 e
o 9 19 n
o 6 16 e
o 13 0 n
o 6 24 n
# turn 49
o 16 6 e
o 25 19 e
o 20 8 n
o 10 17 n
o 18 15 s
o 3 20 e
o 20 20 e
o 24 19 e
o 5 19 s
o 10 15 w
o 8 19 e
o 26 14 s
o 4 22 s
o 7 11 s
o 16 14 n
o 6 17 s
o 3 17 n
o 15 5 n
o 21 20 e
o 2 19 e
o 16 10 n
o 6 3 s
o 5 20 e
o 6 10 s
o 5 18 s
o 22 16 n
o 10 18 n
o 17 2 w
o 5 25 s
o 22 15 n
o 20 9 n
o 18 9 w
o 24 1 n
o 15 15 n
o 5 23 s
o 18 20 e
o 18 14 s
o 5 4 s
o 23 16 e
o 4 5 s
o 10 19 n
o 5 24 s
o 4 16 s
o 23 14 n
o 1 19 e
o 25 14 n
o 6 21 s
o 10 1 n
o 19 13 s
o 2 14 n
o 19 20 e
o 10 5 n
o 10 22 n
o 5 10 w
o 10 21 n
o 10 25 n
o 24 25 n
o 3 18 n
o 10 20 n
o 15 4 n
o 21 3 w
o 2 3 n
o 10 2 n
o 18 11 n
o 20 16 e
# turn 50
o 7 3 e
o 8 5 n
o 8 24 e
o 5 5 e
o 9 21 n
o 19 14 w
o 24 14 w
o 6 25 n
o 23 25 n
o 7 10 e
o 10 24 e
o 14 15 w
o 5 21 n
o 21 15 s
o 8 12 n
o 10 14 n
o 9 19 n
o 19 8 w
o 7 21 e
o 21 21 e
o 2 18 e
o 0 14 w
o 21 2 w
o 16 7 n
o 14 5 e
o 17 11 n
o 7 24 e
o 12 24 s
o 6 4 e
o 7 1 n
o 17 1 s
o 15 10 w
o 18 21 e
o 9 2 e
o 25 20 e
o 7 17 n
o 20 15 w
o 3 21 e
o 9 18 n
o 20 17 s
o 1 20 e
o 23 17 w
o 1 14 w
o 22 14 s
o 19 21 e
o 20 22 e
o 12 25 s
o 2 20 e
o 23 1 n
o 5 16 s
o 12 0 e
o 25 24 e
o 1 18 e
o 5 9 e
o 9 1 n
o 9 22 n
o 6 24 n
o 21 16 s
o 18 8 n
o 8 20 n
o 9 17 w
o 16 15 w
o 5 22 n
o 20 13 w
o 3 19 e
o 9 5 e
o 24 20 n
o 19 9 e
o 12 26 s
o 6 23 n
# turn 51
o 12 1 w
o 7 12 n
o 14 4 w
o 7 25 n
o 15 14 e
o 9 14 n
o 9 3 n
o 8 21 n
o 5 24 n
o 9 16 s
o 19 13 w
o 25 21 e
o 7 22 n
o 20 14 s
o 2 17 e
o 22 25 w
o 8 18 n
o 4 21 n
o 6 16 n
o 1 21 e
o 17 8 s
o 13 26 s
o 16 14 e
o 20 21 e
o 19 7 e
o 9 20 s
o 6 11 n
o 14 6 s
o 1 19 e
o 15 7 e
o 5 10 n
o 3 22 n
o 8 22 e
o 6 1 e
o 7 4 n
o 13 25 s
o 21 17 n
o 8 19 e
o 4 22 e
o 19 22 e
o 7 11 w
o 6 17 n
o 7 20 n
o 20 12 s
o 2 19 e
o 21 1 n
o 9 24 n
o 16 11 s
o 6 18 n
o 23 20 n
o 9 6 w
o 6 5 n
o 14 7 e
o 5 6 n
o 19 15 e
o 24 13 w
o 8 1 n
o 5 25 n
o 14 14 e
o 19 10 s
o 23 16 s
o 13 24 w
o 1 13 w
o 8 11 w
o 15 9 e
o 22 15 w
o 23 14 w
o 6 19 n
o 21 25 w
o 21 22 e
o 0 13 n
# turn 52
o 18 22 w
o 8 24 n
o 5 5 s
o 5 18 s
o 6 25 n
o 21 12 n
o 4 10 s
o 16 15 s
o 5 11 e
o 7 5 e
o 14 15 w
o 13 23 n
o 1 12 n
o 6 2 w
o 19 23 w
o 14 8 e
o 21 24 e
o 19 8 e
o 7 21 w
o 2 18 s
o 17 11 e
o 22 16 w
o 18 1 s
o 8 25 n
o 5 17 s
o 7 18 w
o 20 10 s
o 15 10 s
o 26 13 n
o 8 3 n
o 4 6 e
o 14 25 n
o 2 22 e
o 6 20 w
o 19 12 e
o 10 20 w
o 14 3 e
o 21 14 n
o 3 21 e
o 14 26 n
o 5 23 e
o 20 17 w
o 1 20 e
o 22 20 n
o 8 10 e
o 4 24 n
o 20 22 w
o 21 23 s
o 20 1 s
o 5 16 s
o 12 0 w
o 19 16 w
o 10 16 n
o 15 6 e
o 22 1 s
o 8 23 n
o 15 8 s
o 18 8 e
o 8 14 e
o 8 20 w
o 4 23 n
o 7 10 n
o 6 22 w
o 25 22 e
o 15 15 w
o 22 24 e
o 4 25 n
o 6 12 e
o 1 22 e
o 9 5 n
o 23 13 s
