# turn 1
o 22 22 n
# turn 2
o 21 22 n
# turn 3
o 20 22 n
# turn 4
o 18 23 n
o 19 22 n
# turn 5
o 18 22 n
o 17 23 n
# turn 6
o 17 22 n
o 16 23 e
# turn 7
o 16 22 n
o 16 24 e
# turn 8
o 16 25 s
o 15 22 n
# turn 9
o 13 22 n
o 13 23 n
o 17 25 n
o 14 22 n
# turn 10
o 13 22 e
o 16 25 s
o 12 23 e
o 12 22 n
# turn 11
o 13 23 n
o 11 22 n
o 12 24 e
o 17 25 n
# turn 12
o 12 26 e
o 12 25 e
o 16 25 s
o 12 23 e
o 10 22 n
# turn 13
o 8 21 n
o 12 0 e
o 12 26 e
o 9 22 n
o 12 24 e
o 17 25 n
# turn 14
o 7 21 n
o 12 1 e
o 12 0 e
o 8 22 n
o 12 25 e
o 16 25 s
# turn 15
o 12 2 e
o 12 1 e
o 12 26 e
o 6 21 n
o 7 22 n
o 17 25 n
# turn 16
o 12 2 s
o 12 0 e
o 5 21 n
o 6 22 n
o 16 25 s
o 12 3 e
# turn 17
o 13 2 n
o 12 1 s
o 5 22 n
o 12 4 n
o 17 25 n
o 4 21 n
# turn 18
o 12 2 e
o 11 4 n
o 13 1 n
o 3 21 n
o 16 25 s
o 4 22 n
# turn 19
o 12 1 e
o 10 4 n
o 3 22 n
o 2 21 n
o 1 20 s
o 12 3 e
o 17 25 n
# turn 20
o 1 21 e
o 12 2 e
o 2 20 n
o 2 22 e
o 9 4 n
o 16 25 s
# turn 21
o 2 23 n
o 1 20 e
o 17 25 n
o 1 22 s
o 12 3 e
o 8 4 n
# turn 22
o 1 21 e
o 2 22 e
o 1 23 e
o 6 3 n
o 16 25 s
o 7 4 n
# turn 23
o 17 25 n
o 2 23 n
o 1 24 e
o 1 22 s
# turn 24
o 2 22 n
o 1 25 s
o 16 25 s
o 1 23 e
# turn 25
o 17 25 n
o 16 24 s
o 1 24 e
o 2 25 s
o 1 22 e
# turn 26
o 3 25 n
o 16 24 w
o 1 25 w
o 17 24 n
o 16 25 s
o 1 23 s
# turn 27
o 1 24 e
o 17 25 n
o 16 24 s
o 16 23 e
o 2 25 s
o 2 23 n
# turn 28
o 3 25 n
o 16 24 w
o 1 25 w
o 17 24 n
o 16 25 s
o 1 23 s
# turn 29
o 17 25 n
o 16 24 s
o 1 24 e
o 16 23 e
o 2 25 s
o 2 23 n
# turn 30
o 16 24 w
o 1 25 s
o 17 24 n
o 16 25 s
o 1 23 e
o 3 25 s
# turn 31
o 17 25 n
o 16 24 s
o 1 24 e
o 5 24 n
o 16 23 e
o 4 25 n
o 2 25 w
# turn 32
o 16 24 s
o 1 25 s
o 16 25 s
o 4 24 n
o 3 25 s
o 2 24 n
# turn 33
o 17 25 n
o 3 24 n
o 1 24 e
o 4 25 n
# turn 34
o 1 25 w
o 16 25 s
o 3 25 s
o 2 24 s
o 2 25 n
# turn 35
o 4 25 n
o 17 25 n
o 3 24 n
o 1 25 s
o 1 24 e
# turn 36
o 3 25 s
o 1 25 w
o 2 24 s
o 2 25 n
# turn 37
o 3 24 n
o 1 25 s
o 1 24 e
o 4 25 n
# turn 38
o 1 25 w
o 3 25 s
o 2 24 s
o 2 25 n
# turn 39
o 1 25 s
o 3 24 n
o 1 24 e
o 4 25 n
# turn 40
o 1 25 w
o 3 25 s
o 2 24 s
o 2 25 n
# turn 41
o 1 25 s
o 1 24 e
o 4 25 n
o 3 24 n
# turn 42
o 1 25 w
o 3 25 s
o 2 24 s
o 2 25 n
# turn 43
o 3 24 n
o 1 25 s
o 1 24 e
o 4 25 n
# turn 44
o 3 25 s
o 1 25 w
o 2 25 n
o 2 24 e
# turn 45
o 1 24 s
o 4 25 n
# turn 46
o 1 25 w
o 3 25 s
o 2 24 s
o 2 25 n
# turn 47
o 1 24 s
o 1 25 s
o 4 25 n
# turn 48
o 3 25 s
o 2 24 n
o 2 25 n
# turn 49
o 1 25 s
o 1 24 e
# turn 50
o 1 25 w
o 2 25 n
# turn 51
o 1 25 s
o 1 24 e
# turn 52
o 1 25 s
end
score 11 9
