# turn 1
o 63 16 n
# turn 2
o 62 16 n
# turn 3
o 61 16 w
o 60 16 w
# turn 4
o 60 15 w
o 61 15 w
# turn 5
o 61 14 w
o 60 14 w
# turn 6
o 60 13 w
o 62 12 w
o 61 13 w
# turn 7
o 62 11 s
o 61 12 s
o 60 11 w
# turn 8
o 62 12 w
o 60 12 w
o 60 10 s
o 63 11 w
# turn 9
o 62 11 w
o 61 10 w
o 63 10 s
o 60 11 w
# turn 10
o 61 9 s
o 62 10 s
o 64 10 s
o 60 10 w
# turn 11
o 65 10 s
o 62 9 n
o 60 9 w
o 63 10 e
# turn 12
o 61 9 n
o 63 11 e
o 66 10 e
# turn 13
o 63 12 e
o 66 11 e
o 66 9 e
# turn 14
o 63 13 s
o 66 12 e
o 66 10 e
# turn 15
o 64 13 s
o 66 13 e
o 66 11 e
# turn 16
o 65 13 s
o 66 14 e
o 60 9 e
# turn 17
o 60 10 e
o 66 13 e
# turn 18
o 66 12 e
o 60 11 e
o 60 8 s
# turn 19
o 60 12 s
o 61 8 s
# turn 20
o 62 12 w
o 62 8 s
o 61 12 n
# turn 21
o 63 8 n
o 64 8 e
o 62 11 e
# turn 22
o 62 12 n
o 62 8 n
o 64 9 e
# turn 23
o 61 8 n
o 64 10 e
# turn 24
o 64 11 e
# turn 25
o 64 12 s
# turn 26
o 65 12 s
# turn 27
# turn 28
# turn 29
# turn 30
# turn 31
# turn 32
# turn 33
# turn 34
# turn 35
o 60 12 e
o 61 12 e
# turn 36
o 60 8 e
o 60 13 w
o 61 13 w
# turn 37
o 60 12 e
o 60 9 e
o 61 12 e
# turn 38
o 60 10 e
o 61 13 n
# turn 39
o 60 11 e
# turn 40
# turn 41
# turn 42
# turn 43
o 66 12 s
o 66 14 e
# turn 44
o 66 13 s
# turn 45
# turn 46
# turn 47
o 67 13 e
# turn 48
o 67 14 e
o 67 12 e
# turn 49
o 67 13 w
# turn 50
o 67 12 w
# turn 51
o 67 11 w
# turn 52
o 67 10 w
# turn 53
o 67 9 w
# turn 54
# turn 55
o 67 8 e
# turn 56
# turn 57
# turn 58
# turn 59
# turn 60
# turn 61
# turn 62
# turn 63
# turn 64
# turn 65
end
score 42 25 7 54
