# turn 1
o 63 45 n
# turn 2
o 62 45 w
# turn 3
o 62 44 w
o 61 43 w
# turn 4
o 62 43 s
o 61 42 n
# turn 5
o 63 43 s
o 60 42 w
# turn 6
o 64 43 s
o 60 41 n
o 60 40 n
# turn 7
o 59 40 n
o 66 43 w
o 65 43 w
o 58 41 n
# turn 8
o 65 42 n
o 58 40 w
o 59 41 w
o 57 41 n
o 66 42 w
# turn 9
o 59 40 w
o 56 41 n
o 58 39 n
o 64 42 w
o 66 41 n
# turn 10
o 64 41 n
o 59 39 w
o 55 41 w
o 65 41 w
o 57 39 n
# turn 11
o 56 39 n
o 63 41 w
o 59 38 s
o 65 40 w
o 55 38 w
# turn 12
o 55 37 w
o 63 40 w
o 55 39 n
o 65 39 n
o 60 38 s
# turn 13
o 55 36 n
o 61 38 w
o 63 38 s
o 64 39 s
o 55 35 n
o 56 35 w
o 53 39 n
# turn 14
o 54 35 w
o 63 39 s
o 52 40 e
o 55 40 s
o 64 38 s
o 54 39 n
o 56 34 w
o 65 39 s
o 61 37 w
# turn 15
o 66 39 w
o 54 34 e
o 64 39 w
o 54 36 e
o 52 39 e
o 56 40 e
o 65 38 w
o 56 33 n
o 52 41 e
o 61 36 w
o 54 33 w
# turn 16
o 54 35 e
o 56 41 e
o 66 38 w
o 65 37 w
o 52 40 w
o 64 38 w
o 54 37 s
o 55 33 e
o 53 39 s
o 54 32 w
o 61 35 w
# turn 17
o 55 37 n
o 52 42 w
o 65 36 s
o 56 42 n
o 52 43 n
o 55 39 w
o 54 36 n
o 52 39 n
o 54 39 n
o 55 34 w
o 61 34 w
o 56 43 e
o 54 31 w
o 66 37 s
o 64 37 w
# turn 18
o 67 37 w
o 55 42 e
o 64 36 s
o 51 39 n
o 55 33 w
o 54 37 n
o 61 33 w
o 53 36 n
o 52 41 n
o 56 44 e
o 55 38 n
o 53 39 w
o 51 43 n
o 54 30 w
# turn 19
o 51 41 n
o 55 43 e
o 52 36 n
o 61 32 w
o 50 39 n
o 55 32 w
o 53 37 n
o 54 29 w
o 54 38 w
o 53 38 n
o 56 45 n
o 50 43 n
o 67 36 s
# turn 20
o 61 31 w
o 55 31 w
o 49 39 w
o 65 36 w
o 68 36 w
o 51 36 s
o 54 37 w
o 52 37 s
o 55 45 e
o 52 38 s
o 50 41 n
o 54 28 s
o 66 36 w
# turn 21
o 61 30 n
o 55 30 w
o 65 35 w
o 49 38 n
o 61 29 n
o 69 35 s
o 55 28 w
o 69 36 s
o 53 35 w
o 54 36 e
o 55 46 e
o 66 35 e
o 53 37 n
o 68 35 e
o 53 38 n
o 55 44 e
o 48 37 n
o 52 36 n
o 69 34 s
o 49 41 w
# turn 22
o 55 29 w
o 60 28 w
o 53 34 n
o 66 36 s
o 70 34 s
o 55 47 e
o 55 26 w
o 48 38 n
o 49 40 e
o 51 36 n
o 68 36 e
o 70 35 s
o 52 37 n
o 47 37 w
o 70 36 s
o 46 37 n
o 54 37 w
o 52 38 n
o 55 45 e
# turn 23
o 71 36 e
o 55 27 w
o 67 36 s
o 71 35 s
o 49 41 n
o 60 29 w
o 47 38 e
o 60 26 s
o 71 34 s
o 55 48 e
o 60 30 s
o 51 38 e
o 50 36 w
o 54 36 n
o 55 46 e
o 60 27 s
o 55 25 w
o 68 37 s
o 52 34 w
o 45 37 e
o 51 37 n
o 47 36 w
# turn 24
o 55 28 n
o 47 35 w
o 60 28 w
o 47 39 s
o 72 34 s
o 51 39 w
o 55 47 e
o 55 26 n
o 72 35 s
o 69 37 s
o 48 41 w
o 44 39 w
o 68 36 e
o 52 33 n
o 45 38 w
o 53 36 n
o 50 35 n
o 61 26 w
o 61 30 w
o 50 37 w
o 71 37 s
o 55 24 n
o 55 50 e
# turn 25
o 48 40 e
o 61 29 e
o 48 36 w
o 55 23 w
o 54 51 n
o 61 24 s
o 54 23 w
o 47 34 n
o 55 49 e
o 73 35 s
o 44 38 w
o 61 27 s
o 55 48 n
o 51 38 w
o 73 34 s
o 54 26 n
o 50 36 w
o 47 33 n
o 55 52 n
o 56 23 s
o 54 28 n
o 48 39 w
o 52 36 n
o 54 24 s
o 68 37 s
o 53 23 w
o 45 37 w
o 54 50 n
o 60 27 e
o 61 25 s
o 51 33 n
o 72 37 s
o 70 37 s
# turn 26
o 62 27 s
o 53 53 n
o 53 22 n
o 45 36 w
o 60 28 n
o 51 36 w
o 44 37 w
o 46 34 n
o 54 52 w
o 53 28 n
o 54 48 e
o 57 23 w
o 48 38 w
o 74 37 e
o 69 37 e
o 48 41 e
o 73 37 e
o 53 50 n
o 62 24 s
o 50 33 n
o 53 26 e
o 61 30 n
o 55 24 s
o 48 35 n
o 51 37 n
o 46 33 n
o 71 37 s
o 62 25 s
o 53 51 n
o 74 35 e
o 55 22 w
o 55 50 n
# turn 27
o 59 31 e
o 54 22 n
o 74 39 e
o 47 35 n
o 49 33 w
o 54 51 n
o 63 27 w
o 52 28 n
o 48 37 n
o 74 36 e
o 45 35 n
o 52 53 n
o 59 28 s
o 54 50 n
o 51 35 s
o 52 50 n
o 73 38 e
o 45 34 n
o 60 30 n
o 74 34 n
o 53 27 n
o 54 49 n
o 49 35 n
o 52 51 n
o 63 25 s
o 50 35 w
o 56 24 n
o 48 42 e
o 45 33 n
o 52 22 n
o 50 37 s
o 69 38 e
o 44 36 n
o 63 24 s
o 57 21 w
o 72 37 e
# turn 28
o 74 40 e
o 64 24 s
o 44 33 n
o 57 20 w
o 52 35 w
o 50 34 s
o 53 22 n
o 43 34 n
o 69 39 e
o 59 30 e
o 72 38 n
o 74 38 e
o 73 39 e
o 59 32 n
o 51 50 w
o 53 50 n
o 49 32 w
o 63 26 s
o 51 22 n
o 51 53 e
o 65 34 s
o 60 28 w
o 43 36 n
o 73 34 s
o 46 35 n
o 72 40 e
o 50 51 w
o 47 37 n
o 57 22 w
o 52 27 n
o 55 51 w
o 51 28 n
o 65 25 e
o 48 35 w
o 43 35 n
o 51 37 s
o 53 49 n
o 53 51 n
o 55 24 n
# turn 29
o 65 24 s
o 41 33 e
o 74 39 e
o 58 32 n
o 51 27 n
o 44 35 n
o 51 54 n
o 74 41 e
o 51 51 n
o 44 34 n
o 50 22 w
o 43 33 n
o 50 50 n
o 52 50 n
o 69 40 n
o 74 37 e
o 57 19 w
o 42 36 n
o 49 28 e
o 65 26 s
o 71 38 n
o 51 49 n
o 48 34 w
o 55 21 w
o 66 34 s
o 52 37 s
o 54 24 n
o 64 25 s
o 59 31 e
o 52 22 w
o 46 37 n
o 52 34 s
o 73 40 e
o 49 31 n
o 72 41 n
o 50 28 e
o 60 27 w
o 57 21 w
o 55 50 n
# turn 30
o 74 40 e
o 48 43 w
o 74 38 e
o 41 36 n
o 48 31 n
o 43 34 w
o 53 34 s
o 50 49 e
o 45 37 e
o 49 21 n
o 50 29 w
o 57 20 w
o 66 24 s
o 52 51 n
o 42 35 e
o 53 24 n
o 49 50 e
o 64 26 s
o 49 29 w
o 45 35 e
o 52 49 e
o 49 20 n
o 48 33 w
o 68 40 s
o 67 41 n
o 53 37 e
o 67 34 s
o 40 37 n
o 59 32 n
o 50 54 e
o 74 42 e
o 52 21 w
o 48 29 w
o 50 27 n
o 73 41 e
o 51 34 s
o 50 51 e
o 42 33 w
o 60 26 s
o 66 26 s
o 48 49 e
o 40 35 n
o 70 38 e
o 65 25 s
o 57 18 w
o 49 43 s
o 43 35 e
o 55 20 w
o 41 34 n
o 57 32 n
o 54 50 s
o 50 21 w
o 71 41 e
# turn 31
o 74 39 e
o 68 26 w
o 50 50 n
o 43 36 w
o 42 36 n
o 66 41 n
o 38 38 n
o 45 38 s
o 71 42 s
o 56 32 e
o 50 55 n
o 39 37 n
o 50 28 w
o 48 50 n
o 55 50 s
o 49 51 e
o 52 24 n
o 58 32 n
o 74 41 e
o 47 31 w
o 55 34 e
o 48 21 n
o 42 32 w
o 69 40 s
o 39 35 n
o 57 19 w
o 70 39 s
o 65 26 w
o 53 39 n
o 50 52 e
o 40 36 n
o 57 17 n
o 48 32 w
o 47 27 w
o 54 34 n
o 52 20 n
o 48 28 w
o 43 33 w
o 52 50 e
o 50 20 n
o 74 43 e
o 48 42 s
o 52 34 n
o 68 24 s
o 42 34 w
o 55 19 w
o 51 51 n
o 45 36 e
o 53 38 n
o 67 26 w
o 57 16 w
o 73 42 e
o 66 25 w
o 50 43 w
o 49 49 n
o 40 34 n
o 41 35 n
o 61 26 w
o 68 34 s
o 49 27 w
# turn 32
o 74 40 e
o 70 40 s
o 49 42 w
o 53 34 s
o 55 35 n
o 68 25 e
o 41 36 n
o 48 20 e
o 38 37 n
o 51 50 e
o 71 39 s
o 49 28 w
o 50 27 w
o 51 34 s
o 56 50 s
o 42 31 w
o 40 35 n
o 57 18 w
o 43 35 w
o 38 35 n
o 47 50 e
o 61 25 e
o 47 21 e
o 69 24 e
o 48 27 w
o 67 25 e
o 49 26 w
o 69 34 s
o 57 32 n
o 55 18 w
o 74 42 e
o 49 52 n
o 50 51 n
o 45 37 s
o 56 17 w
o 52 38 n
o 49 55 n
o 56 33 n
o 46 20 w
o 51 20 e
o 48 31 s
o 72 42 s
o 73 43 e
o 66 24 e
o 50 42 w
o 49 50 n
o 49 20 e
o 47 30 w
o 42 33 w
o 57 15 n
o 39 34 n
o 65 25 e
o 51 24 n
o 74 44 e
o 46 38 e
o 52 39 n
o 46 21 n
o 50 53 n
o 39 36 n
o 47 26 w
o 43 32 w
o 70 24 e
o 52 51 e
o 48 49 n
o 65 41 n
# turn 33
o 57 50 w
o 64 41 e
o 37 35 e
o 47 56 e
o 51 39 n
o 74 45 s
o 46 39 n
o 49 53 s
o 55 17 w
o 74 46 e
o 50 40 n
o 56 32 n
o 54 32 w
o 51 21 n
o 67 24 s
o 47 22 w
o 49 31 w
o 70 25 s
o 48 50 w
o 49 51 s
o 47 24 n
o 56 16 s
o 45 18 n
o 74 41 e
o 47 49 w
o 49 41 e
o 68 26 s
o 42 32 s
o 45 21 n
o 39 35 n
o 51 38 w
o 55 33 n
o 50 24 n
o 50 41 e
o 40 36 e
o 43 34 w
o 71 40 e
o 54 34 n
o 47 20 n
o 49 25 n
o 72 39 s
o 73 44 s
o 46 37 n
o 52 34 n
o 47 29 n
o 38 36 e
o 51 51 s
o 52 52 s
o 48 55 s
o 50 26 n
o 73 42 e
o 70 34 s
o 66 25 s
o 48 52 s
o 54 35 n
o 42 30 s
o 38 34 n
o 47 51 s
o 61 26 s
o 47 25 e
o 46 19 n
o 56 15 w
o 48 26 e
# turn 34
o 49 42 n
o 53 34 w
o 38 37 w
o 50 39 n
o 71 25 s
o 51 34 w
o 43 30 w
o 37 34 e
o 69 25 s
o 47 26 e
o 46 29 w
o 71 41 n
o 47 21 n
o 49 21 w
o 49 26 n
o 73 39 n
o 53 52 s
o 57 49 w
o 48 21 w
o 64 42 e
o 50 42 e
o 54 31 n
o 74 42 n
o 65 26 w
o 43 21 w
o 49 52 s
o 50 51 s
o 44 21 w
o 55 16 w
o 45 37 n
o 51 37 w
o 49 55 e
o 54 33 w
o 57 17 n
o 49 30 w
o 73 43 n
o 48 51 e
o 75 45 e
o 62 26 w
o 47 48 s
o 71 34 e
o 49 40 n
o 56 14 w
o 69 26 s
o 48 25 n
o 47 55 e
o 46 24 n
o 53 35 n
o 55 32 w
o 68 24 e
o 37 36 n
o 47 57 s
o 74 44 e
o 50 53 s
o 40 37 w
o 57 16 n
o 72 26 s
o 45 39 w
o 67 26 s
o 49 24 n
o 52 51 s
o 46 20 w
o 48 49 s
o 44 18 n
o 57 14 w
o 45 19 n
o 50 21 w
# turn 35
o 52 35 s
o 43 20 e
o 48 20 n
o 37 35 n
o 47 56 s
o 55 31 s
o 74 45 s
o 48 40 s
o 73 26 w
o 44 20 e
o 45 38 w
o 54 32 e
o 65 25 w
o 36 36 n
o 70 25 w
o 68 25 s
o 51 33 e
o 56 16 s
o 44 19 n
o 43 29 w
o 57 13 w
o 54 52 s
o 70 41 n
o 53 33 e
o 49 56 e
o 68 26 s
o 56 13 w
o 48 24 n
o 51 53 w
o 49 39 s
o 45 24 n
o 75 46 e
o 62 25 s
o 40 36 n
o 72 25 n
o 44 37 w
o 47 27 n
o 56 17 s
o 49 20 w
o 72 39 n
o 74 34 n
o 53 51 e
o 57 48 s
o 48 48 s
o 64 43 n
o 53 31 e
o 74 26 w
o 50 20 w
o 74 43 e
o 48 42 w
o 38 36 n
o 51 51 s
o 51 36 e
o 46 21 n
o 49 29 w
o 72 43 n
o 73 42 n
o 48 52 s
o 55 12 n
o 50 43 w
o 49 49 s
o 67 25 n
o 71 35 n
o 43 31 w
o 46 28 n
o 47 25 e
o 46 19 n
o 55 15 w
# turn 36
o 65 24 w
o 53 34 s
o 50 49 s
o 56 12 e
o 69 41 w
o 71 39 w
o 50 39 s
o 49 28 n
o 71 25 w
o 70 35 n
o 51 34 s
o 58 48 w
o 49 48 s
o 43 30 w
o 38 35 e
o 45 28 n
o 44 36 e
o 47 26 w
o 43 19 e
o 47 24 n
o 48 27 n
o 70 26 w
o 53 52 s
o 73 34 e
o 36 35 n
o 50 42 w
o 45 21 e
o 48 41 s
o 43 21 e
o 55 52 s
o 63 25 w
o 73 25 w
o 44 21 e
o 46 27 n
o 49 19 w
o 45 37 e
o 51 37 s
o 55 14 s
o 54 33 s
o 57 17 s
o 43 28 n
o 72 42 s
o 74 25 w
o 47 20 n
o 57 12 e
o 43 33 n
o 50 19 w
o 49 40 s
o 53 32 e
o 43 27 w
o 51 52 s
o 53 35 s
o 63 43 e
o 37 36 e
o 54 12 n
o 57 16 w
o 39 36 e
o 66 25 w
o 71 43 e
o 56 31 s
o 44 24 n
o 43 32 n
o 70 24 w
o 52 51 s
o 69 25 w
o 48 26 w
o 45 19 n
o 49 27 w
# turn 37
o 58 17 s
o 43 20 e
o 45 22 e
o 51 39 e
o 74 45 e
o 73 35 e
o 51 49 e
o 45 38 n
o 52 37 s
o 48 56 w
o 58 47 s
o 35 35 e
o 63 44 e
o 70 25 w
o 69 24 w
o 43 29 n
o 57 13 s
o 70 23 w
o 49 26 w
o 56 52 s
o 54 52 n
o 49 41 w
o 42 24 n
o 71 44 s
o 53 33 e
o 56 13 w
o 43 24 e
o 42 32 w
o 69 40 w
o 71 38 n
o 49 52 n
o 55 33 e
o 43 18 e
o 37 37 e
o 71 24 w
o 50 41 s
o 46 20 n
o 50 52 w
o 49 57 w
o 45 27 n
o 44 37 n
o 39 37 n
o 66 24 w
o 47 27 w
o 57 31 e
o 48 28 n
o 53 51 n
o 43 22 e
o 42 18 n
o 56 14 s
o 69 26 w
o 44 19 e
o 42 33 n
o 57 15 s
o 53 12 n
o 44 28 n
o 74 24 w
o 52 34 e
o 46 24 n
o 50 48 e
o 63 24 w
o 73 24 w
o 44 22 e
o 38 36 n
o 65 23 w
o 52 52 n
o 74 44 s
o 73 42 e
o 54 35 s
o 66 26 w
o 47 25 n
o 42 28 w
o 43 26 n
o 69 35 e
# turn 38
o 51 40 s
o 52 35 s
o 46 25 n
o 50 49 n
o 47 28 s
o 55 35 s
o 49 56 n
o 56 12 n
o 43 25 n
o 38 37 n
o 51 50 n
o 65 22 w
o 70 38 s
o 69 38 n
o 53 37 e
o 42 26 n
o 43 19 e
o 44 20 e
o 72 44 s
o 41 24 n
o 42 31 w
o 73 36 e
o 74 23 w
o 53 52 n
o 57 32 e
o 55 34 s
o 63 23 e
o 59 47 s
o 58 15 s
o 42 27 n
o 45 24 n
o 66 23 w
o 50 51 n
o 41 33 e
o 73 43 s
o 54 34 e
o 43 28 w
o 73 23 w
o 59 17 w
o 49 25 w
o 41 18 n
o 48 25 w
o 45 20 e
o 69 23 s
o 51 52 n
o 69 36 n
o 51 41 s
o 43 21 e
o 37 36 n
o 69 39 n
o 48 55 w
o 52 12 n
o 42 29 w
o 44 27 w
o 43 37 n
o 44 38 n
o 66 25 w
o 48 52 w
o 75 44 e
o 47 26 n
o 63 45 n
o 52 51 w
o 40 25 n
o 69 25 w
o 57 14 w
o 70 22 w
o 71 23 w
# turn 39
o 53 34 s
o 42 25 w
o 51 12 w
o 50 40 s
o 68 39 n
o 56 35 e
o 46 26 n
o 50 50 s
o 50 12 w
o 45 25 w
o 68 36 e
o 66 22 w
o 41 34 e
o 36 36 e
o 41 25 n
o 43 20 e
o 48 50 s
o 41 27 n
o 69 24 w
o 57 13 s
o 70 23 w
o 50 18 e
o 71 22 w
o 48 24 w
o 45 21 e
o 65 21 w
o 71 38 s
o 57 33 e
o 44 21 e
o 59 16 n
o 42 37 n
o 37 37 e
o 48 54 e
o 42 28 n
o 44 26 n
o 49 51 e
o 66 24 w
o 48 51 e
o 48 28 s
o 41 26 n
o 39 25 n
o 60 47 s
o 52 50 s
o 40 24 n
o 43 27 n
o 73 44 s
o 53 35 e
o 63 24 n
o 43 38 e
o 49 18 e
o 68 38 n
o 52 52 s
o 40 18 n
o 53 38 s
o 55 12 w
o 49 49 s
o 54 35 s
o 42 30 w
o 73 22 w
o 70 21 w
o 44 24 n
o 49 24 w
o 73 37 s
o 50 52 s
o 74 22 w
# turn 40
o 50 49 s
o 55 35 s
o 50 11 w
o 51 50 s
o 66 21 w
o 51 11 w
o 49 28 s
o 58 16 e
o 62 24 n
o 73 21 w
o 40 26 n
o 72 38 e
o 61 47 e
o 53 52 s
o 67 39 s
o 71 21 w
o 55 11 w
o 49 52 s
o 56 36 e
o 53 36 s
o 41 28 w
o 62 45 s
o 43 39 e
o 45 24 n
o 68 37 e
o 66 23 w
o 42 27 w
o 62 46 s
o 40 27 n
o 49 50 w
o 54 34 s
o 70 20 w
o 50 19 s
o 74 37 e
o 57 34 e
o 38 25 n
o 49 23 w
o 69 23 s
o 51 52 s
o 65 20 w
o 74 43 n
o 42 24 n
o 41 37 n
o 49 40 s
o 54 38 s
o 42 29 n
o 62 47 e
o 45 26 n
o 41 35 n
o 39 24 n
o 74 21 w
o 53 50 w
o 40 25 w
o 39 18 n
o 48 23 n
o 52 10 w
o 43 26 w
o 70 22 w
# turn 41
o 67 38 e
o 43 25 n
o 68 39 s
o 39 26 s
o 56 35 e
o 42 26 n
o 55 38 s
o 51 49 s
o 66 22 w
o 41 24 e
o 40 35 w
o 38 18 n
o 39 27 e
o 73 43 n
o 50 28 n
o 53 49 s
o 41 27 n
o 70 23 w
o 54 52 s
o 55 34 e
o 38 24 n
o 43 24 n
o 70 19 s
o 51 10 w
o 49 19 s
o 54 36 s
o 50 10 w
o 50 52 s
o 73 20 w
o 44 26 n
o 65 19 s
o 62 48 e
o 61 24 e
o 51 19 s
o 74 20 w
o 72 39 e
o 52 50 s
o 40 24 e
o 52 9 w
o 58 17 e
o 55 10 w
o 74 38 n
o 56 37 s
o 45 23 e
o 68 38 s
o 52 52 s
o 56 34 s
o 40 37 n
o 61 48 e
o 57 35 e
o 63 46 s
o 65 18 s
o 48 52 s
o 70 18 w
o 49 49 w
o 47 23 e
o 70 21 s
o 44 24 e
o 63 45 w
o 70 24 e
o 49 22 s
# turn 42
o 51 40 w
o 56 38 e
o 55 35 n
o 44 23 e
o 58 19 n
o 45 22 e
o 50 22 e
o 41 29 w
o 49 28 s
o 40 29 w
o 50 40 w
o 49 48 s
o 44 25 n
o 63 44 s
o 71 19 w
o 70 25 n
o 61 25 s
o 40 26 n
o 47 24 s
o 52 49 w
o 53 52 s
o 43 23 e
o 52 8 n
o 67 39 e
o 73 19 w
o 71 21 s
o 54 49 w
o 49 52 s
o 56 36 e
o 55 52 s
o 43 40 w
o 55 36 n
o 61 49 e
o 74 19 w
o 39 37 n
o 52 40 w
o 40 27 n
o 64 46 s
o 50 19 e
o 71 17 w
o 73 38 n
o 57 37 e
o 57 34 e
o 50 9 w
o 39 28 n
o 70 17 w
o 51 52 s
o 71 20 s
o 42 24 n
o 52 19 e
o 58 18 n
o 69 39 e
o 55 9 n
o 72 43 e
o 62 49 s
o 40 34 e
o 72 40 e
o 53 50 s
o 40 25 n
o 43 26 n
o 70 22 w
# turn 43
o 41 24 n
o 69 38 e
o 42 26 e
o 72 44 n
o 57 40 n
o 40 35 s
o 61 50 s
o 57 18 n
o 39 27 n
o 72 41 n
o 50 28 w
o 72 21 s
o 67 40 e
o 72 38 n
o 54 52 s
o 56 39 n
o 72 20 w
o 57 38 n
o 43 24 n
o 50 8 n
o 48 24 s
o 69 40 e
o 50 23 s
o 66 18 w
o 41 28 e
o 54 36 e
o 63 25 e
o 43 39 w
o 72 45 e
o 45 24 s
o 54 50 w
o 62 25 e
o 50 52 s
o 51 9 n
o 39 26 n
o 71 18 s
o 41 26 e
o 38 28 n
o 52 20 e
o 73 18 w
o 50 20 s
o 56 37 n
o 50 48 s
o 43 21 w
o 44 22 w
o 45 23 s
o 52 52 s
o 63 49 e
o 52 39 s
o 57 35 n
o 54 9 w
o 52 41 w
o 40 28 e
o 41 25 n
o 57 19 e
o 65 46 s
o 70 21 s
o 44 24 e
o 71 16 s
o 57 36 n
o 64 44 s
o 69 25 e
o 52 48 s
# turn 44
o 54 49 e
o 56 38 e
o 42 25 e
o 57 20 e
o 38 27 n
o 43 25 e
o 69 41 e
o 51 39 e
o 54 48 s
o 50 39 w
o 41 29 e
o 56 35 s
o 50 27 w
o 40 29 e
o 48 56 s
o 46 23 s
o 55 37 w
o 73 21 w
o 44 25 e
o 74 18 w
o 43 20 w
o 71 41 e
o 41 27 e
o 48 8 w
o 73 16 w
o 53 52 s
o 71 44 n
o 63 26 e
o 72 18 w
o 70 16 s
o 71 21 s
o 71 38 n
o 56 36 s
o 42 27 e
o 44 21 n
o 38 26 w
o 51 48 s
o 48 57 s
o 37 28 n
o 51 20 e
o 65 44 w
o 54 8 w
o 52 40 e
o 62 26 n
o 56 40 e
o 69 26 e
o 50 9 w
o 51 52 s
o 66 19 w
o 63 50 e
o 46 24 s
o 54 37 w
o 42 24 n
o 72 16 w
o 43 38 w
o 69 39 e
o 48 55 s
o 40 24 n
o 51 23 e
o 55 39 e
o 51 8 w
o 49 8 w
o 54 35 w
o 56 18 n
o 52 21 e
o 41 35 w
o 49 24 s
o 62 50 e
o 40 25 n
o 67 41 e
o 66 46 n
# turn 45
o 51 40 n
o 63 27 n
o 72 17 w
o 55 18 w
o 70 38 s
o 66 21 s
o 54 39 w
o 42 26 n
o 74 17 s
o 71 42 e
o 41 24 n
o 51 21 e
o 52 22 e
o 64 43 e
o 62 51 e
o 70 44 e
o 72 15 w
o 47 24 s
o 72 21 w
o 56 39 s
o 69 27 n
o 50 8 w
o 65 43 e
o 69 40 s
o 66 18 w
o 63 51 e
o 41 28 e
o 54 36 w
o 53 39 n
o 40 30 e
o 54 50 s
o 54 7 n
o 42 28 e
o 55 36 w
o 73 20 w
o 44 26 e
o 74 19 w
o 53 48 s
o 54 34 s
o 49 7 w
o 54 6 n
o 55 48 s
o 55 40 w
o 72 19 w
o 51 24 s
o 57 21 e
o 69 42 e
o 52 52 s
o 66 20 w
o 50 38 w
o 37 27 w
o 57 35 w
o 43 37 n
o 50 26 w
o 52 41 n
o 48 7 w
o 47 23 s
o 51 7 w
o 67 42 s
o 41 31 e
o 65 46 e
o 71 16 w
o 61 26 e
o 56 41 s
o 36 28 w
o 57 36 s
o 73 15 w
o 38 25 w
o 43 26 e
o 73 17 w
o 52 48 e
# turn 46
o 70 40 s
o 57 39 n
o 58 36 w
o 75 17 w
o 56 48 s
o 54 48 s
o 36 27 s
o 41 29 n
o 51 22 n
o 57 34 n
o 43 19 e
o 38 24 n
o 55 17 w
o 69 44 s
o 50 40 s
o 49 5 s
o 73 19 w
o 51 6 e
o 41 34 n
o 74 18 w
o 55 50 s
o 54 35 w
o 73 14 w
o 52 24 s
o 51 5 s
o 50 7 e
o 73 16 w
o 53 7 s
o 52 49 s
o 66 17 s
o 55 34 w
o 72 18 w
o 48 24 s
o 71 38 e
o 49 57 s
o 57 22 n
o 68 42 s
o 71 15 w
o 69 43 s
o 50 24 w
o 49 55 w
o 52 23 n
o 41 33 n
o 70 45 e
o 39 25 n
o 41 26 n
o 48 6 e
o 65 47 e
o 53 6 s
o 37 26 w
o 61 27 n
o 42 37 n
o 68 27 n
o 67 21 w
o 43 27 w
o 51 41 s
o 66 19 w
o 50 37 w
o 49 56 s
o 72 16 w
o 50 25 n
o 40 31 n
o 52 39 w
o 41 30 e
o 54 38 w
o 42 29 e
o 55 39 n
o 41 32 n
o 44 27 s
o 63 52 s
o 71 43 e
o 57 41 w
o 49 6 e
o 61 28 n
o 43 22 e
o 72 20 w
o 62 27 w
# turn 47
o 51 40 w
o 55 35 w
o 72 17 w
o 50 22 s
o 71 39 s
o 54 39 s
o 56 22 e
o 74 17 w
o 40 29 n
o 57 40 w
o 54 32 w
o 70 44 e
o 40 26 w
o 75 16 w
o 53 49 e
o 50 56 s
o 40 32 n
o 56 39 w
o 71 44 e
o 43 23 w
o 50 8 s
o 50 23 e
o 66 18 n
o 50 36 n
o 37 25 w
o 62 26 s
o 55 33 w
o 48 7 e
o 55 16 w
o 52 38 w
o 41 31 n
o 67 27 n
o 65 44 s
o 45 27 s
o 71 40 s
o 54 34 w
o 50 57 s
o 49 7 e
o 40 33 n
o 49 25 s
o 54 6 s
o 57 48 s
o 65 48 s
o 72 19 w
o 73 18 w
o 56 50 e
o 70 43 s
o 54 37 w
o 41 37 n
o 71 14 w
o 69 42 e
o 62 52 s
o 60 28 n
o 49 54 w
o 56 34 w
o 37 27 w
o 51 23 s
o 53 24 s
o 55 48 s
o 52 41 w
o 65 52 s
o 42 30 n
o 40 34 n
o 51 7 s
o 50 5 s
o 39 24 n
o 54 7 s
o 60 27 w
o 73 15 w
o 67 20 n
o 58 35 w
o 48 23 e
o 43 26 n
o 52 5 s
# turn 48
o 56 51 s
o 56 38 s
o 57 39 s
o 63 26 w
o 39 32 n
o 51 39 n
o 56 48 e
o 49 53 s
o 37 26 w
o 51 22 s
o 42 26 n
o 38 24 w
o 55 15 w
o 52 37 n
o 58 48 s
o 66 48 s
o 48 24 w
o 66 27 w
o 48 8 e
o 51 5 e
o 71 13 w
o 49 36 n
o 64 52 s
o 55 34 w
o 72 18 w
o 39 29 n
o 54 31 w
o 46 27 w
o 54 36 s
o 56 23 w
o 54 24 w
o 69 43 s
o 50 24 s
o 56 33 s
o 54 33 w
o 52 23 s
o 39 37 n
o 70 45 s
o 52 40 n
o 73 13 w
o 52 7 s
o 51 57 s
o 66 44 s
o 72 39 s
o 60 26 w
o 40 24 n
o 72 13 w
o 58 34 s
o 49 23 w
o 59 28 s
o 39 34 n
o 37 24 w
o 55 7 e
o 55 32 w
o 50 25 s
o 39 33 n
o 66 20 n
o 40 31 w
o 41 30 w
o 55 39 e
o 51 8 e
o 49 8 e
o 74 16 e
o 65 18 n
o 71 43 s
o 39 31 n
o 51 56 s
o 72 40 e
o 53 5 s
o 53 50 e
o 40 25 n
o 66 52 s
o 64 44 s
o 55 24 w
# turn 49
o 51 40 n
o 71 45 s
o 38 37 n
o 54 30 w
o 55 31 w
o 55 8 s
o 50 39 n
o 41 29 n
o 46 26 w
o 56 22 s
o 74 17 s
o 54 32 s
o 52 22 w
o 51 6 e
o 53 23 w
o 72 41 s
o 73 12 w
o 72 15 s
o 73 14 s
o 55 40 w
o 53 7 s
o 60 25 s
o 57 38 s
o 51 24 s
o 56 49 s
o 37 25 w
o 51 25 s
o 57 33 w
o 55 33 s
o 59 34 w
o 52 56 s
o 51 37 e
o 40 30 n
o 55 14 e
o 55 36 w
o 51 9 s
o 67 44 s
o 49 9 s
o 65 44 s
o 63 25 w
o 64 18 n
o 54 5 s
o 55 13 s
o 41 26 w
o 48 9 e
o 53 51 s
o 60 28 w
o 38 31 w
o 38 25 w
o 65 20 n
o 55 23 s
o 70 43 s
o 59 48 s
o 58 39 s
o 72 16 s
o 52 57 s
o 48 36 e
o 40 37 n
o 50 53 w
o 54 23 w
o 72 43 e
o 71 12 w
o 63 52 s
o 73 39 s
o 65 52 s
o 38 29 w
o 49 24 n
o 38 34 e
o 67 48 e
o 55 6 e
o 66 26 n
o 72 14 n
o 48 23 w
o 49 22 w
o 38 33 n
# turn 50
o 55 5 s
o 74 39 e
o 46 25 w
o 55 35 s
o 43 20 s
o 71 11 w
o 48 37 n
o 64 20 e
o 73 41 e
o 40 29 n
o 55 15 e
o 50 40 n
o 38 35 n
o 61 25 w
o 60 48 s
o 63 20 e
o 57 49 w
o 64 52 s
o 59 39 e
o 74 14 s
o 56 13 w
o 38 24 w
o 63 24 w
o 48 24 w
o 55 30 s
o 51 38 n
o 49 39 w
o 65 26 w
o 56 23 w
o 57 22 w
o 72 45 e
o 37 37 n
o 56 33 w
o 59 33 s
o 54 22 s
o 38 32 n
o 39 37 n
o 58 38 s
o 52 25 n
o 38 28 w
o 52 24 w
o 39 25 n
o 68 44 n
o 67 49 w
o 43 22 s
o 48 22 w
o 52 9 e
o 50 9 e
o 37 33 e
o 53 57 s
o 49 21 w
o 57 51 w
o 73 16 s
o 37 24 w
o 55 7 s
o 57 32 w
o 73 11 w
o 55 32 w
o 43 21 s
o 71 14 w
o 54 51 w
o 55 39 s
o 56 8 e
o 72 44 s
o 71 43 n
o 41 25 n
o 48 10 e
o 63 18 n
o 52 21 w
o 51 7 e
o 50 52 s
o 60 27 s
o 73 15 s
o 38 30 w
o 73 17 s
o 54 29 s
o 53 56 s
# turn 51
o 74 40 e
o 57 50 e
o 73 10 w
o 56 12 s
o 38 27 w
o 38 37 n
o 37 35 n
o 56 32 s
o 55 31 s
o 56 35 e
o 56 22 w
o 62 18 n
o 56 9 s
o 44 20 w
o 74 17 s
o 47 37 s
o 48 11 w
o 72 17 s
o 39 30 n
o 56 39 w
o 48 21 n
o 63 23 n
o 59 40 s
o 39 29 w
o 37 34 n
o 39 24 n
o 51 25 n
o 44 21 s
o 55 16 e
o 55 29 s
o 54 50 e
o 52 23 n
o 67 44 s
o 56 7 n
o 36 37 n
o 61 24 w
o 56 30 s
o 57 31 s
o 52 20 w
o 49 20 w
o 61 27 w
o 49 40 w
o 54 56 n
o 59 38 s
o 74 15 s
o 60 33 e
o 75 14 s
o 51 52 n
o 73 44 e
o 37 23 w
o 49 38 w
o 65 25 w
o 70 43 e
o 46 24 w
o 53 22 s
o 57 21 s
o 63 21 n
o 44 22 n
o 50 10 n
o 57 48 w
o 50 38 w
o 61 48 w
o 51 8 n
o 74 16 s
o 55 22 w
o 71 13 w
o 73 42 s
o 71 10 w
o 38 29 w
o 56 5 w
o 54 7 w
o 67 48 e
o 40 25 n
o 54 57 n
o 48 23 n
o 52 10 w
o 37 32 n
# turn 52
o 49 37 e
o 65 24 n
o 56 38 e
o 36 34 n
o 57 9 e
o 71 9 w
o 75 17 s
o 48 37 e
o 55 17 e
o 71 12 w
o 50 8 n
o 46 23 w
o 49 10 w
o 70 44 e
o 56 29 n
o 47 21 w
o 44 19 w
o 58 31 n
o 61 47 e
o 53 52 w
o 74 42 e
o 73 9 w
o 38 24 n
o 36 35 n
o 75 15 s
o 45 21 w
o 75 16 s
o 73 45 e
o 61 18 s
o 49 39 n
o 56 36 n
o 37 22 n
o 36 32 n
o 60 37 n
o 58 21 w
o 49 19 n
o 64 21 w
o 37 37 n
o 61 21 w
o 57 47 w
o 50 52 n
o 54 22 n
o 56 4 n
o 62 21 s
o 38 28 n
o 57 12 e
o 39 25 w
o 68 44 s
o 66 44 s
o 54 6 w
o 67 49 e
o 55 7 w
o 62 23 w
o 43 22 s
o 38 25 n
o 52 9 w
o 39 28 e
o 53 57 n
o 50 37 e
o 57 32 n
o 38 23 n
o 52 19 n
o 38 26 n
o 60 38 e
o 76 14 s
o 50 25 w
o 54 51 w
o 51 23 w
o 56 21 w
o 67 47 e
o 61 23 w
o 56 31 n
o 57 30 n
o 47 23 w
o 60 40 n
o 55 21 w
o 61 26 s
o 48 10 n
o 38 30 n
o 60 34 n
o 73 17 s
o 53 56 n
# turn 53
o 60 39 n
o 76 15 w
o 73 46 e
o 55 31 w
o 77 14 w
o 53 22 n
o 37 26 e
o 36 22 n
o 51 22 w
o 62 18 s
o 58 20 s
o 74 17 s
o 64 20 w
o 69 44 s
o 61 22 w
o 77 17 w
o 74 43 e
o 56 32 n
o 47 22 w
o 35 35 n
o 55 20 w
o 57 13 e
o 74 41 e
o 55 4 n
o 54 52 n
o 56 39 n
o 62 22 w
o 52 8 n
o 59 40 e
o 39 29 s
o 71 8 s
o 49 52 n
o 37 25 s
o 38 22 e
o 59 34 e
o 52 56 n
o 50 24 w
o 64 24 w
o 54 50 w
o 37 28 s
o 56 20 w
o 55 36 e
o 35 34 n
o 67 44 s
o 49 9 n
o 36 37 n
o 54 5 n
o 67 50 w
o 70 45 e
o 55 6 n
o 56 30 w
o 62 26 w
o 51 19 n
o 57 31 n
o 47 20 w
o 53 51 w
o 71 11 n
o 45 20 s
o 48 39 e
o 37 23 n
o 49 38 e
o 37 24 n
o 50 38 e
o 59 37 n
o 48 19 w
o 63 21 s
o 44 22 s
o 57 10 w
o 55 29 w
o 52 57 n
o 61 20 s
o 57 46 n
o 61 48 s
o 49 8 n
o 46 22 w
o 37 30 w
o 35 32 n
o 39 24 e
o 71 7 s
o 47 10 n
o 44 18 s
# turn 54
o 35 22 e
o 34 35 n
o 59 41 n
o 57 9 w
o 45 22 w
o 75 17 w
o 34 32 e
o 48 40 e
o 72 8 s
o 47 19 s
o 59 35 e
o 59 20 n
o 67 52 w
o 55 37 n
o 40 29 s
o 36 24 n
o 37 29 s
o 51 21 w
o 56 19 e
o 46 10 w
o 52 22 n
o 54 4 n
o 65 52 w
o 70 44 e
o 56 29 w
o 47 21 w
o 45 18 e
o 56 52 w
o 53 52 w
o 74 42 e
o 59 39 e
o 58 37 n
o 64 23 w
o 38 23 e
o 50 23 n
o 48 38 e
o 55 30 w
o 49 39 e
o 54 49 n
o 55 52 w
o 48 18 s
o 64 21 w
o 61 21 w
o 77 16 w
o 56 46 w
o 72 7 w
o 62 25 s
o 70 11 w
o 62 48 s
o 50 39 e
o 62 21 s
o 48 9 n
o 38 28 s
o 39 25 e
o 51 57 n
o 50 19 n
o 54 6 w
o 70 46 e
o 48 8 n
o 38 25 e
o 55 32 w
o 34 34 n
o 55 19 e
o 76 14 w
o 55 28 n
o 74 44 e
o 37 27 s
o 55 39 e
o 35 37 w
o 51 8 n
o 64 19 w
o 48 52 w
o 56 31 w
o 46 18 e
o 63 18 w
o 51 56 n
o 53 5 n
o 76 16 w
o 53 50 n
o 62 20 w
o 66 52 w
o 57 14 e
o 68 44 s
# turn 55
o 57 15 s
o 58 41 e
o 59 36 n
o 38 27 e
o 55 18 s
o 76 15 w
o 55 31 n
o 74 45 e
o 63 48 e
o 41 29 w
o 51 22 e
o 73 5 w
o 46 9 w
o 35 36 n
o 58 20 s
o 64 20 w
o 69 44 s
o 56 45 e
o 50 40 e
o 33 34 w
o 70 10 w
o 55 20 w
o 53 4 n
o 76 17 w
o 67 51 w
o 53 49 e
o 50 56 s
o 55 40 e
o 47 8 w
o 38 24 w
o 59 40 e
o 50 8 n
o 45 21 w
o 75 16 w
o 48 41 e
o 36 23 s
o 63 25 s
o 62 19 s
o 76 13 w
o 55 29 n
o 51 20 n
o 56 20 w
o 39 26 e
o 64 18 w
o 54 5 n
o 70 45 e
o 48 51 w
o 56 30 n
o 50 57 s
o 49 20 n
o 52 50 e
o 53 51 s
o 35 24 s
o 49 40 e
o 57 37 n
o 73 8 s
o 34 33 w
o 49 23 n
o 39 28 s
o 54 28 n
o 48 39 e
o 74 43 e
o 35 23 w
o 54 37 n
o 65 51 w
o 48 19 n
o 38 26 w
o 49 18 n
o 64 22 w
o 61 20 w
o 77 15 w
o 63 21 w
o 32 34 n
o 33 35 e
o 66 51 w
o 38 29 s
o 72 6 w
o 70 47 e
o 55 51 e
o 56 28 n
o 63 17 w
o 45 19 n
o 52 5 n
# turn 56
o 56 51 w
o 35 22 w
o 48 43 n
o 58 36 e
o 47 9 w
o 63 20 n
o 59 41 n
o 61 19 w
o 77 14 s
o 48 40 n
o 53 37 n
o 58 42 e
o 37 23 w
o 34 36 e
o 59 20 w
o 76 12 s
o 74 46 e
o 33 36 e
o 36 24 w
o 72 5 w
o 74 8 s
o 56 19 s
o 39 27 s
o 64 17 n
o 70 44 e
o 48 50 s
o 63 16 n
o 44 19 n
o 51 5 w
o 49 41 n
o 34 32 w
o 75 15 s
o 57 8 e
o 39 29 n
o 54 31 n
o 58 15 w
o 55 30 w
o 52 51 s
o 41 28 s
o 55 52 w
o 73 4 w
o 48 18 e
o 49 19 e
o 64 21 w
o 56 46 s
o 50 41 e
o 38 28 n
o 33 33 w
o 31 34 n
o 63 19 n
o 53 28 n
o 55 28 n
o 51 57 s
o 70 46 s
o 38 25 w
o 45 20 n
o 48 42 n
o 64 15 n
o 56 37 s
o 38 23 w
o 55 19 w
o 76 14 w
o 64 25 n
o 74 44 e
o 63 49 n
o 54 51 w
o 46 21 n
o 51 23 n
o 46 8 w
o 49 8 w
o 64 19 w
o 56 18 s
o 51 56 w
o 53 5 w
o 76 16 s
o 46 19 n
o 48 23 n
o 55 41 e
o 47 7 w
o 54 29 n
# turn 57
o 46 42 n
o 57 50 w
o 58 41 s
o 65 50 w
o 52 28 n
o 57 9 e
o 55 18 s
o 76 15 w
o 58 14 s
o 74 45 e
o 35 21 w
o 47 19 n
o 43 19 e
o 38 24 w
o 42 28 n
o 52 37 n
o 57 18 s
o 59 19 w
o 45 21 n
o 72 2 w
o 73 3 e
o 46 7 s
o 53 29 n
o 47 6 s
o 56 52 w
o 55 42 s
o 58 37 e
o 47 8 s
o 50 23 n
o 61 18 w
o 48 41 e
o 36 23 w
o 58 43 e
o 38 22 w
o 37 22 w
o 34 31 w
o 77 16 w
o 74 47 e
o 47 43 n
o 54 50 w
o 46 20 n
o 37 28 s
o 45 19 n
o 63 25 n
o 64 18 n
o 62 19 w
o 70 45 e
o 40 27 n
o 50 42 n
o 49 50 s
o 66 50 w
o 43 28 w
o 53 51 s
o 57 37 e
o 30 34 e
o 71 46 e
o 53 31 w
o 54 28 w
o 64 20 n
o 47 40 n
o 77 12 w
o 56 50 w
o 63 15 w
o 76 13 w
o 62 16 n
o 55 29 w
o 52 57 n
o 57 46 e
o 33 32 n
o 62 49 s
o 40 28 n
o 37 30 w
o 47 23 n
o 57 19 s
o 51 4 n
o 53 50 w
o 55 51 w
o 62 20 n
o 63 17 w
o 78 14 s
o 51 55 n
# turn 58
o 56 51 w
o 49 42 w
o 63 14 n
o 38 20 n
o 43 20 e
o 48 20 e
o 63 20 n
o 59 41 w
o 58 19 s
o 36 22 n
o 50 50 n
o 62 18 w
o 30 35 n
o 76 12 w
o 74 46 e
o 46 23 e
o 37 29 n
o 50 55 n
o 39 27 s
o 56 42 n
o 32 32 n
o 48 8 n
o 63 16 w
o 44 19 s
o 79 14 s
o 57 38 w
o 38 21 e
o 52 29 n
o 59 14 w
o 54 49 s
o 35 20 n
o 41 28 s
o 73 4 w
o 34 37 e
o 58 38 s
o 44 21 e
o 51 37 w
o 57 47 e
o 62 25 n
o 58 44 s
o 59 18 w
o 48 6 n
o 49 7 w
o 47 20 e
o 38 28 n
o 50 4 n
o 49 20 e
o 51 57 n
o 46 40 s
o 43 27 s
o 49 23 e
o 39 28 s
o 45 20 e
o 52 4 n
o 50 20 e
o 48 42 w
o 57 51 w
o 33 37 e
o 38 23 n
o 37 21 n
o 70 46 e
o 58 18 w
o 57 10 e
o 76 14 w
o 55 28 e
o 61 20 w
o 77 15 w
o 47 42 w
o 63 49 s
o 54 51 s
o 32 37 e
o 54 27 e
o 72 4 w
o 46 43 n
o 34 30 n
o 56 18 s
o 63 18 w
o 45 42 n
o 51 28 n
o 46 19 s
o 53 30 n
o 47 7 n
o 61 16 w
# turn 59
o 35 22 w
o 62 17 w
o 33 30 w
o 61 19 w
o 77 14 s
o 32 38 e
o 48 21 e
o 37 23 s
o 44 20 n
o 57 52 w
o 40 28 n
o 47 40 w
o 57 18 w
o 34 20 s
o 53 4 e
o 50 28 n
o 53 49 s
o 55 50 n
o 36 29 n
o 38 29 w
o 73 3 s
o 46 7 s
o 63 15 n
o 49 21 e
o 47 6 s
o 65 49 w
o 48 41 w
o 47 8 s
o 59 40 w
o 45 21 n
o 56 49 w
o 64 49 w
o 38 22 w
o 76 13 w
o 55 29 n
o 49 24 e
o 59 13 s
o 74 47 e
o 49 55 e
o 33 38 e
o 37 28 w
o 61 15 w
o 42 28 s
o 34 38 e
o 40 27 n
o 49 50 w
o 50 57 n
o 59 44 n
o 59 17 w
o 44 42 n
o 45 43 n
o 57 48 w
o 51 29 e
o 57 37 e
o 59 38 n
o 58 17 w
o 47 19 e
o 54 28 n
o 61 17 w
o 62 14 w
o 46 24 s
o 48 19 e
o 44 22 n
o 51 36 s
o 59 19 s
o 29 35 w
o 36 21 s
o 31 32 n
o 47 21 n
o 44 27 e
o 61 25 w
o 55 42 w
o 51 4 n
o 49 41 w
o 55 51 n
o 62 20 w
o 55 49 w
o 63 17 w
o 49 4 e
o 45 19 n
o 50 21 e
# turn 60
o 62 15 n
o 48 20 e
o 43 42 w
o 50 22 e
o 48 40 w
o 35 21 s
o 33 39 e
o 49 28 n
o 49 5 w
o 76 12 w
o 58 16 w
o 60 13 w
o 39 27 w
o 47 24 s
o 30 32 n
o 48 8 n
o 63 16 w
o 44 19 n
o 57 49 n
o 57 38 n
o 38 21 e
o 59 39 n
o 33 29 n
o 60 19 s
o 61 18 w
o 54 49 w
o 35 20 s
o 32 39 e
o 49 57 n
o 62 19 w
o 44 21 e
o 57 47 n
o 58 44 w
o 57 17 w
o 61 24 w
o 35 29 n
o 51 30 n
o 48 6 n
o 72 3 w
o 47 20 n
o 38 28 w
o 53 28 n
o 43 28 e
o 49 25 e
o 29 34 w
o 62 13 w
o 49 40 w
o 55 48 w
o 48 22 e
o 44 28 s
o 56 50 n
o 49 56 n
o 38 23 n
o 46 21 e
o 37 27 w
o 61 14 w
o 34 39 e
o 47 41 s
o 52 36 s
o 49 49 w
o 54 29 e
o 59 16 s
o 53 5 w
o 44 43 n
o 55 41 w
o 49 22 e
o 47 7 n
o 78 14 s
# turn 61
o 56 38 s
o 38 20 w
o 37 20 w
o 52 28 e
o 43 20 s
o 38 27 n
o 34 29 n
o 61 19 w
o 56 48 s
o 54 48 s
o 37 26 n
o 61 13 w
o 47 8 n
o 37 23 n
o 43 19 s
o 43 41 w
o 49 48 e
o 48 56 n
o 54 39 s
o 53 4 n
o 55 50 s
o 50 23 e
o 46 7 w
o 43 29 s
o 47 6 w
o 49 26 e
o 62 12 s
o 45 28 e
o 48 41 w
o 48 21 e
o 48 24 e
o 58 15 w
o 49 39 w
o 56 49 s
o 53 36 n
o 58 43 s
o 38 22 e
o 37 22 n
o 58 38 s
o 32 29 n
o 57 11 n
o 60 16 w
o 48 57 n
o 46 20 w
o 61 15 w
o 49 4 n
o 39 26 s
o 33 40 e
o 62 18 w
o 48 28 e
o 55 40 s
o 52 30 n
o 43 22 e
o 49 23 e
o 39 28 e
o 48 39 w
o 50 30 n
o 63 15 w
o 29 32 w
o 61 11 s
o 62 16 s
o 43 21 s
o 58 39 s
o 44 22 e
o 43 43 w
o 56 47 s
o 54 51 s
o 47 39 w
o 36 21 n
o 32 40 e
o 57 16 n
o 36 20 n
o 54 30 n
o 61 23 s
o 60 12 w
o 48 7 w
o 46 22 e
o 49 6 w
o 34 40 e
# turn 62
o 60 11 e
o 63 14 e
o 62 17 e
o 33 41 e
o 44 23 s
o 43 42 w
o 58 14 s
o 47 56 w
o 59 39 s
o 48 40 n
o 47 38 w
o 64 48 w
o 36 22 n
o 32 41 e
o 44 20 s
o 49 5 e
o 49 24 w
o 46 23 w
o 66 48 w
o 47 5 n
o 34 41 e
o 48 30 n
o 40 26 e
o 56 16 e
o 63 16 n
o 44 19 w
o 61 18 n
o 57 49 n
o 57 38 s
o 37 19 n
o 52 29 w
o 43 23 w
o 33 29 n
o 39 29 e
o 48 38 w
o 35 20 w
o 63 12 w
o 29 33 w
o 61 12 e
o 44 21 s
o 43 40 w
o 50 24 w
o 36 23 n
o 54 50 n
o 57 47 n
o 66 49 e
o 38 19 w
o 49 30 e
o 51 30 n
o 48 6 e
o 49 7 e
o 50 4 n
o 57 48 n
o 55 48 e
o 65 48 w
o 62 23 n
o 59 38 s
o 48 22 w
o 59 43 s
o 48 25 w
o 52 4 n
o 61 17 n
o 49 38 w
o 56 50 n
o 57 51 n
o 38 23 n
o 37 21 w
o 56 11 n
o 47 57 s
o 56 40 s
o 62 11 w
o 36 26 n
o 60 15 e
o 37 27 n
o 61 14 e
o 46 8 e
o 29 31 w
o 55 39 s
o 52 36 n
o 49 49 e
o 48 29 n
o 45 29 e
o 67 48 w
o 55 51 e
o 48 4 e
o 46 19 w
o 48 23 n
o 46 6 e
o 53 30 w
o 44 29 n
o 49 27 w
# turn 63
o 49 37 w
o 56 51 e
o 35 22 n
o 57 50 e
o 37 20 w
o 52 28 w
o 60 39 s
o 60 18 e
o 48 37 w
o 56 48 n
o 36 27 s
o 35 21 w
o 37 23 s
o 61 13 n
o 46 9 e
o 62 18 n
o 43 41 w
o 47 40 w
o 57 40 w
o 47 37 w
o 38 18 n
o 49 31 w
o 35 26 e
o 55 50 e
o 48 5 e
o 46 7 e
o 53 29 w
o 34 42 w
o 39 30 e
o 49 26 n
o 64 47 n
o 55 49 n
o 48 21 e
o 48 24 n
o 45 21 e
o 50 23 e
o 59 14 s
o 56 49 e
o 55 11 n
o 55 52 e
o 32 42 e
o 58 38 s
o 32 29 n
o 43 39 w
o 62 10 w
o 35 19 w
o 48 57 s
o 49 4 e
o 40 27 s
o 49 50 e
o 56 17 s
o 51 4 n
o 65 47 w
o 45 30 n
o 50 30 w
o 36 19 w
o 47 30 n
o 43 22 e
o 49 23 e
o 45 20 n
o 43 29 w
o 47 55 w
o 35 23 e
o 63 15 n
o 29 32 w
o 47 29 n
o 62 16 e
o 33 42 e
o 60 38 s
o 45 23 n
o 51 36 n
o 56 47 s
o 66 47 w
o 49 8 n
o 60 43 e
o 61 23 w
o 48 7 n
o 46 22 e
o 49 6 e
o 46 5 e
o 67 47 w
o 53 50 e
o 63 11 s
o 61 15 n
o 44 18 s
o 61 16 e
# turn 64
o 47 54 s
o 62 15 w
o 47 7 n
o 57 39 s
o 62 17 e
o 44 23 e
o 45 22 s
o 55 53 n
o 44 20 n
o 61 22 n
o 60 13 s
o 46 23 e
o 52 27 s
o 49 5 s
o 34 41 w
o 50 29 s
o 60 20 n
o 54 11 w
o 46 29 n
o 49 51 e
o 47 24 s
o 45 18 n
o 56 52 e
o 46 30 n
o 37 19 n
o 43 23 e
o 41 27 e
o 54 49 n
o 60 19 n
o 61 38 s
o 61 18 e
o 62 9 s
o 35 20 w
o 48 8 e
o 43 40 w
o 50 24 s
o 49 7 n
o 64 11 w
o 60 14 s
o 46 4 e
o 47 36 n
o 49 57 w
o 57 17 s
o 49 30 w
o 63 47 s
o 48 6 n
o 53 28 s
o 43 28 e
o 50 4 s
o 60 16 n
o 34 22 e
o 53 51 e
o 35 24 e
o 55 48 n
o 59 38 s
o 48 22 e
o 43 27 n
o 60 44 s
o 56 50 e
o 57 51 e
o 38 23 e
o 43 38 w
o 44 30 n
o 61 39 s
o 60 17 n
o 60 15 n
o 47 39 w
o 37 27 n
o 46 8 e
o 63 46 s
o 29 31 e
o 60 12 w
o 48 26 w
o 57 47 e
o 49 24 e
o 35 27 n
o 55 51 n
o 39 31 s
# turn 65
o 56 51 w
o 53 53 n
o 60 11 s
o 48 25 e
o 43 20 e
o 34 23 e
o 61 19 e
o 59 15 n
o 54 48 s
o 36 27 n
o 47 38 n
o 61 13 s
o 62 18 n
o 38 24 n
o 70 9 s
o 59 20 n
o 43 30 s
o 62 39 s
o 59 19 n
o 61 44 s
o 53 49 s
o 46 7 e
o 43 29 s
o 47 6 e
o 53 52 n
o 35 25 n
o 56 39 w
o 63 9 s
o 55 47 w
o 43 24 e
o 48 24 n
o 46 36 n
o 50 36 s
o 41 28 s
o 42 27 s
o 49 52 n
o 43 39 w
o 48 54 w
o 46 11 e
o 66 50 w
o 48 9 n
o 51 4 s
o 59 17 e
o 49 25 e
o 45 30 s
o 56 53 w
o 54 53 w
o 57 48 s
o 62 38 s
o 46 18 e
o 58 17 e
o 54 28 w
o 49 56 n
o 34 27 n
o 61 17 n
o 62 14 s
o 46 24 e
o 29 32 e
o 51 24 s
o 58 39 s
o 60 38 s
o 48 36 n
o 54 51 w
o 43 37 w
o 49 29 n
o 51 29 n
o 60 22 n
o 57 52 w
o 48 7 e
o 46 22 s
o 64 47 e
o 53 27 w
o 34 40 s
o 50 5 s
o 44 24 s
o 59 16 n
o 45 29 s
o 54 10 w
o 44 18 e
o 40 31 e
o 64 10 s
# turn 66
o 56 38 w
o 63 14 e
o 47 9 e
o 43 25 n
o 61 38 s
o 48 56 w
o 63 39 s
o 52 53 n
o 64 48 s
o 46 25 s
o 62 44 w
o 33 27 n
o 43 36 n
o 58 20 e
o 54 27 s
o 48 53 n
o 58 48 s
o 47 22 s
o 46 10 e
o 53 26 w
o 46 29 n
o 47 24 s
o 52 24 s
o 48 8 n
o 44 19 w
o 51 5 n
o 44 30 n
o 34 25 e
o 49 26 w
o 49 36 n
o 56 52 w
o 54 52 n
o 46 30 e
o 35 40 w
o 59 39 s
o 58 16 e
o 54 49 s
o 63 38 s
o 61 18 n
o 29 33 w
o 45 24 e
o 54 50 s
o 47 36 n
o 42 28 e
o 59 18 e
o 50 29 s
o 60 17 n
o 62 13 n
o 40 32 e
o 55 48 s
o 55 46 s
o 43 27 n
o 52 4 s
o 56 50 s
o 37 24 n
o 61 11 w
o 32 43 n
o 47 29 e
o 43 21 w
o 43 38 w
o 61 20 e
o 52 52 n
o 51 36 s
o 46 38 w
o 59 22 e
o 61 14 e
o 54 9 s
o 48 52 n
o 64 9 s
o 48 26 w
o 48 29 s
o 45 36 n
o 35 27 n
o 46 19 w
o 48 23 s
o 46 6 e
o 44 29 n
o 34 24 n
# turn 67
o 56 51 n
o 57 50 w
o 61 10 n
o 42 25 e
o 43 20 w
o 65 39 s
o 60 39 e
o 58 19 e
o 62 38 e
o 60 18 w
o 34 27 n
o 47 53 n
o 61 13 n
o 42 36 n
o 45 25 s
o 36 24 e
o 43 30 n
o 64 38 s
o 59 19 w
o 53 4 e
o 34 26 n
o 55 50 n
o 55 27 w
o 53 52 n
o 55 49 w
o 64 39 e
o 44 36 n
o 47 8 e
o 48 24 s
o 51 53 s
o 58 15 w
o 47 52 n
o 46 36 n
o 42 27 n
o 35 39 w
o 59 23 n
o 58 21 e
o 61 21 e
o 53 25 s
o 56 48 w
o 40 33 e
o 62 43 s
o 59 17 w
o 49 25 s
o 29 34 e
o 46 31 e
o 51 29 e
o 65 48 s
o 46 18 n
o 33 24 n
o 48 22 e
o 58 17 w
o 49 23 s
o 51 52 w
o 46 37 n
o 56 37 w
o 63 15 w
o 59 48 s
o 55 9 s
o 48 36 n
o 65 9 s
o 42 29 n
o 53 24 s
o 36 38 w
o 48 55 w
o 56 46 w
o 49 29 s
o 52 36 e
o 47 30 e
o 47 23 e
o 46 5 e
o 50 5 e
o 45 29 n
o 61 15 n
o 43 37 n
o 47 10 n
o 44 18 n
# turn 68
o 46 25 e
o 41 36 s
o 47 9 e
o 58 14 e
o 41 29 n
o 42 26 n
o 63 14 e
o 56 9 s
o 33 27 s
o 43 36 w
o 58 20 e
o 61 22 e
o 56 45 n
o 52 37 e
o 66 48 s
o 50 29 n
o 41 27 n
o 47 24 s
o 60 48 s
o 60 13 e
o 43 29 e
o 45 18 e
o 57 49 n
o 47 31 s
o 65 38 s
o 51 30 n
o 58 16 e
o 62 39 s
o 50 23 s
o 59 14 e
o 56 36 w
o 43 18 n
o 42 37 s
o 54 24 s
o 45 37 s
o 48 54 w
o 54 50 n
o 36 25 s
o 35 19 e
o 47 36 w
o 40 36 w
o 36 37 n
o 59 18 e
o 60 17 n
o 55 26 s
o 55 48 w
o 36 19 s
o 37 18 s
o 48 25 e
o 60 10 s
o 57 51 n
o 60 15 e
o 43 19 e
o 35 38 n
o 64 40 e
o 58 18 e
o 66 39 e
o 63 43 w
o 54 25 s
o 51 51 w
o 50 25 s
o 45 36 w
o 52 52 w
o 56 47 w
o 29 35 e
o 33 26 s
o 50 6 n
o 42 30 e
o 40 34 s
o 32 24 n
o 60 40 e
o 49 24 s
o 53 5 e
o 55 51 w
o 66 9 s
o 47 25 e
o 58 23 e
o 47 7 e
o 44 29 e
o 46 32 s
# turn 69
o 56 51 n
o 47 35 s
o 61 10 e
o 56 26 e
o 43 20 e
o 64 41 s
o 37 19 s
o 58 19 e
o 57 9 e
o 63 42 w
o 51 50 w
o 63 39 e
o 45 35 s
o 52 53 w
o 59 15 s
o 56 35 w
o 46 26 n
o 42 36 e
o 31 24 n
o 42 31 n
o 40 35 n
o 43 30 w
o 41 34 n
o 60 41 s
o 43 35 s
o 34 26 s
o 55 50 n
o 59 19 e
o 48 53 n
o 44 30 w
o 46 52 s
o 36 18 s
o 47 8 e
o 55 47 w
o 48 24 n
o 58 15 w
o 56 49 n
o 35 20 s
o 37 25 s
o 51 25 e
o 58 21 s
o 66 38 e
o 56 46 w
o 60 14 s
o 29 36 e
o 34 38 n
o 48 31 e
o 58 22 e
o 40 27 w
o 41 26 w
o 59 17 s
o 53 6 n
o 50 30 e
o 42 18 n
o 58 17 e
o 34 27 s
o 55 25 e
o 46 37 e
o 60 16 s
o 47 32 e
o 63 15 s
o 67 9 e
o 58 25 s
o 50 24 w
o 55 45 w
o 48 23 w
o 51 23 w
o 61 48 s
o 35 37 e
o 58 24 s
o 49 29 s
o 43 37 s
o 66 40 e
o 48 33 s
o 61 23 s
o 47 26 w
o 52 38 e
o 49 6 n
o 52 51 w
o 53 50 w
o 48 26 w
o 45 19 n
o 40 29 w
o 55 24 s
# turn 70
o 55 44 w
o 58 14 w
o 51 22 n
o 41 18 n
o 59 20 s
o 58 20 e
o 66 41 s
o 63 41 s
o 61 41 s
o 51 49 n
o 56 45 e
o 50 29 n
o 67 10 e
o 53 49 s
o 35 26 s
o 40 26 w
o 44 19 e
o 43 29 w
o 52 6 e
o 55 49 s
o 51 26 n
o 44 35 s
o 50 23 e
o 39 35 n
o 48 6 n
o 47 52 w
o 47 33 n
o 33 38 n
o 42 37 s
o 63 40 s
o 59 24 s
o 48 35 e
o 54 50 s
o 41 31 w
o 56 33 n
o 36 20 s
o 38 19 e
o 66 39 s
o 44 37 e
o 50 31 n
o 48 32 n
o 62 48 n
o 55 26 s
o 52 50 s
o 30 24 n
o 46 53 w
o 56 27 s
o 48 22 n
o 55 46 e
o 48 25 w
o 64 15 w
o 52 39 e
o 61 11 s
o 56 24 n
o 35 38 n
o 58 18 s
o 57 10 e
o 60 17 s
o 52 52 w
o 49 33 s
o 46 38 e
o 56 34 e
o 61 14 w
o 60 15 s
o 59 21 s
o 58 23 e
o 45 26 w
o 40 28 w
o 46 35 w
o 41 25 w
o 59 25 s
o 40 34 n
o 37 18 e
o 62 23 e
o 59 16 e
o 35 27 s
o 55 51 s
o 47 25 n
o 38 25 w
o 44 29 w
o 61 16 s
# turn 71
o 56 51 n
o 46 25 e
o 50 49 n
o 37 20 n
o 64 41 e
o 37 19 n
o 50 22 w
o 45 35 s
o 47 53 w
o 46 39 e
o 36 27 n
o 32 38 n
o 56 35 w
o 61 13 n
o 55 47 e
o 44 20 n
o 68 41 e
o 45 25 e
o 41 24 n
o 62 24 e
o 47 22 w
o 38 20 w
o 62 41 s
o 38 35 n
o 60 20 w
o 55 50 w
o 47 24 e
o 47 6 e
o 46 52 w
o 49 31 s
o 60 25 e
o 56 26 s
o 38 21 n
o 57 27 s
o 67 39 n
o 48 24 s
o 64 14 n
o 54 49 n
o 55 33 s
o 58 21 w
o 57 11 e
o 50 24 e
o 56 46 n
o 46 33 s
o 61 15 n
o 34 38 n
o 59 18 n
o 60 21 e
o 38 18 n
o 52 40 n
o 40 27 w
o 46 34 s
o 55 43 s
o 43 28 w
o 52 7 e
o 59 17 n
o 39 34 e
o 61 17 w
o 62 16 w
o 64 40 s
o 48 36 n
o 62 11 e
o 36 26 w
o 41 30 e
o 40 18 n
o 61 48 s
o 58 24 e
o 43 37 e
o 49 29 w
o 44 38 s
o 50 26 s
o 52 41 n
o 38 24 n
o 52 51 n
o 47 51 w
o 53 50 n
o 50 33 n
o 40 25 n
o 44 28 s
o 67 41 n
o 55 24 s
o 60 24 s
# turn 72
o 51 40 n
o 62 15 e
o 63 14 w
o 43 20 w
o 37 35 n
o 46 26 s
o 64 42 e
o 58 20 e
o 49 28 s
o 63 41 s
o 45 38 n
o 60 13 s
o 45 28 s
o 53 49 e
o 40 26 n
o 47 21 w
o 65 40 w
o 62 12 s
o 47 34 e
o 55 49 e
o 51 26 s
o 52 8 n
o 60 19 e
o 39 35 n
o 33 38 n
o 68 42 e
o 58 13 s
o 36 25 n
o 41 31 n
o 56 33 s
o 36 20 n
o 38 19 n
o 58 27 s
o 62 25 e
o 50 31 s
o 62 48 s
o 61 24 s
o 56 43 n
o 39 25 w
o 31 43 w
o 57 12 w
o 60 26 s
o 46 40 e
o 55 48 n
o 36 19 w
o 57 26 e
o 55 46 e
o 43 27 s
o 58 17 s
o 52 50 e
o 65 42 s
o 51 41 e
o 56 50 e
o 46 24 s
o 37 24 n
o 56 24 s
o 37 21 w
o 43 38 e
o 58 18 s
o 66 39 s
o 51 51 n
o 50 25 s
o 49 33 s
o 56 34 s
o 60 15 s
o 66 41 s
o 45 26 e
o 60 22 e
o 46 35 e
o 58 25 e
o 49 49 n
o 47 36 e
o 49 24 s
o 35 27 w
o 55 51 n
o 47 25 s
o 39 18 n
o 47 7 e
o 50 21 s
o 61 16 e
# turn 73
o 56 51 s
o 47 35 e
o 37 20 n
o 65 39 s
o 64 41 e
o 54 48 s
o 63 13 s
o 61 13 s
o 57 34 s
o 43 19 w
o 55 47 s
o 36 24 n
o 50 40 e
o 47 37 n
o 62 24 s
o 51 21 s
o 31 38 n
o 58 26 s
o 38 35 e
o 50 28 s
o 47 50 n
o 55 50 s
o 47 24 s
o 57 24 e
o 57 13 w
o 66 42 s
o 47 49 n
o 37 19 n
o 56 49 s
o 60 20 s
o 36 35 n
o 67 39 s
o 47 52 n
o 46 36 n
o 35 20 w
o 47 33 n
o 63 12 w
o 51 25 e
o 50 51 w
o 57 33 w
o 43 39 w
o 58 21 e
o 50 24 e
o 61 15 w
o 39 26 n
o 51 31 s
o 63 48 s
o 59 18 s
o 45 27 s
o 47 20 w
o 55 43 s
o 59 17 s
o 50 33 w
o 51 42 s
o 64 43 s
o 48 25 e
o 61 17 e
o 57 27 s
o 62 26 s
o 47 32 w
o 62 16 e
o 43 21 w
o 68 43 w
o 59 27 s
o 40 31 e
o 54 51 s
o 59 13 s
o 51 8 e
o 60 23 s
o 31 42 n
o 52 26 e
o 31 39 n
o 47 26 e
o 52 51 w
o 46 41 e
o 53 50 s
o 46 28 s
o 61 26 e
o 67 41 s
o 62 27 s
o 65 41 s
o 39 24 n
# turn 74
o 46 42 w
o 47 28 e
o 62 17 n
o 43 20 w
o 60 18 n
o 59 26 w
o 64 13 s
o 32 38 n
o 64 48 s
o 50 50 n
o 47 19 w
o 68 41 s
o 66 41 e
o 52 42 w
o 60 13 n
o 52 27 s
o 35 35 e
o 63 27 n
o 55 51 e
o 40 32 e
o 64 27 w
o 51 26 e
o 47 31 s
o 63 26 w
o 64 42 s
o 48 24 e
o 68 39 e
o 46 27 e
o 43 18 n
o 68 42 s
o 46 33 e
o 54 50 w
o 50 41 w
o 47 36 s
o 36 20 n
o 51 9 s
o 58 27 w
o 60 27 w
o 58 22 s
o 56 43 n
o 47 27 s
o 57 12 e
o 30 42 e
o 52 50 s
o 45 36 s
o 62 13 e
o 35 24 w
o 50 32 s
o 40 24 n
o 55 48 w
o 58 34 e
o 65 43 s
o 56 50 s
o 46 37 s
o 57 51 e
o 57 32 n
o 63 24 n
o 61 27 w
o 43 38 w
o 66 39 s
o 38 36 n
o 50 25 e
o 61 20 w
o 38 26 n
o 56 47 w
o 61 14 n
o 44 27 s
o 44 38 w
o 61 23 n
o 52 21 w
o 38 24 n
o 47 51 w
o 48 49 n
o 63 11 s
o 51 28 s
o 52 31 s
o 57 25 w
o 48 26 s
# turn 75
o 65 13 w
o 51 27 w
o 52 28 e
o 69 41 s
o 47 37 w
o 64 26 n
o 61 19 n
o 35 36 n
o 43 19 e
o 55 47 w
o 66 43 s
o 60 23 n
o 59 25 n
o 50 40 s
o 56 32 n
o 62 24 n
o 58 26 n
o 35 26 n
o 57 24 w
o 57 13 e
o 48 27 e
o 49 26 n
o 35 25 n
o 67 39 s
o 61 18 n
o 46 36 w
o 54 49 w
o 47 18 e
o 63 25 n
o 55 52 s
o 57 11 n
o 59 13 e
o 56 46 w
o 64 11 s
o 48 31 e
o 59 18 e
o 45 27 e
o 44 37 s
o 51 32 e
o 46 34 s
o 49 50 n
o 40 33 n
o 55 43 w
o 59 17 n
o 37 26 e
o 65 48 s
o 42 18 n
o 53 31 e
o 52 9 s
o 60 26 w
o 48 25 n
o 62 14 s
o 35 23 w
o 37 24 n
o 47 29 e
o 59 22 n
o 37 36 n
o 69 42 s
o 48 36 w
o 58 35 e
o 43 37 w
o 50 26 w
o 52 41 w
o 57 52 w
o 60 14 e
o 62 27 n
o 53 27 w
o 67 42 s
o 46 41 w
o 53 50 w
o 46 28 s
o 68 40 s
o 61 26 w
o 39 24 n
# turn 76
o 51 40 w
o 35 22 w
o 57 50 n
o 63 14 w
o 47 28 e
o 43 20 s
o 58 36 n
o 60 18 n
o 68 39 s
o 54 48 e
o 41 18 n
o 47 19 s
o 34 36 w
o 57 23 n
o 43 36 s
o 56 45 n
o 71 42 e
o 36 24 e
o 65 11 s
o 53 26 w
o 36 36 n
o 59 19 n
o 66 42 s
o 45 28 s
o 60 19 e
o 47 50 e
o 51 33 e
o 48 50 s
o 48 32 s
o 46 52 s
o 60 25 n
o 57 49 n
o 47 34 s
o 51 26 s
o 63 26 w
o 52 29 s
o 69 40 s
o 34 26 e
o 70 42 e
o 53 49 e
o 59 23 w
o 48 35 e
o 45 37 w
o 62 25 w
o 58 22 n
o 61 24 w
o 52 40 w
o 60 17 n
o 50 25 s
o 67 43 s
o 48 28 e
o 53 9 s
o 46 40 s
o 61 27 w
o 53 32 e
o 47 30 e
o 57 26 n
o 58 17 w
o 65 42 e
o 61 17 w
o 57 51 n
o 60 15 w
o 55 32 e
o 58 25 n
o 56 11 s
o 39 33 n
o 37 27 n
o 46 35 e
o 56 52 n
o 55 42 w
o 38 24 n
o 68 42 s
o 65 12 s
o 47 25 w
o 57 14 w
o 48 26 s
# turn 77
o 56 51 n
o 34 27 w
o 70 40 w
o 47 35 s
o 65 46 e
o 56 26 w
o 34 35 w
o 58 19 n
o 51 39 w
o 49 32 s
o 38 18 e
o 36 27 n
o 35 21 n
o 63 13 s
o 35 36 w
o 44 20 s
o 59 25 w
o 48 34 s
o 47 40 s
o 62 24 s
o 60 20 n
o 61 25 w
o 47 24 s
o 53 29 e
o 57 13 e
o 37 24 w
o 34 25 w
o 70 41 e
o 53 33 e
o 47 31 e
o 56 49 s
o 44 36 w
o 58 16 e
o 65 43 e
o 59 14 n
o 47 52 e
o 54 49 n
o 35 20 n
o 51 25 s
o 66 12 s
o 56 23 w
o 55 33 n
o 57 22 w
o 55 52 n
o 57 11 e
o 59 13 n
o 36 25 w
o 35 19 n
o 66 49 n
o 53 25 w
o 59 18 e
o 63 25 s
o 69 42 e
o 49 50 e
o 64 46 e
o 36 19 e
o 37 18 e
o 56 50 s
o 70 43 e
o 35 18 n
o 47 29 e
o 48 19 s
o 59 22 w
o 48 36 s
o 46 51 e
o 45 36 w
o 69 39 w
o 61 23 w
o 57 25 w
o 49 26 s
o 52 39 w
o 40 18 n
o 38 33 e
o 53 50 e
o 54 9 e
o 71 43 e
o 60 14 e
o 52 26 s
o 68 43 e
o 67 42 s
o 47 51 s
o 48 29 e
o 61 26 n
o 46 28 e
o 57 36 n
o 55 45 w
o 51 34 e
o 55 41 w
o 66 46 e
o 61 16 e
# turn 78
o 38 19 e
o 57 50 n
o 53 34 e
o 56 25 n
o 58 14 e
o 45 35 e
o 69 38 s
o 48 40 w
o 64 13 s
o 56 22 w
o 37 23 e
o 67 46 e
o 59 20 n
o 61 22 n
o 36 24 e
o 53 26 w
o 35 35 s
o 48 30 e
o 70 44 e
o 34 26 s
o 46 29 n
o 49 51 e
o 57 24 w
o 59 19 n
o 55 44 w
o 46 52 s
o 49 36 s
o 54 52 e
o 57 49 n
o 71 44 e
o 36 18 n
o 65 49 s
o 37 19 e
o 48 24 w
o 39 35 s
o 70 39 s
o 51 38 w
o 70 42 e
o 53 49 n
o 68 42 e
o 49 19 e
o 59 24 n
o 48 35 n
o 49 34 e
o 52 38 s
o 54 33 n
o 36 20 e
o 47 53 s
o 65 44 s
o 34 21 s
o 61 24 w
o 48 51 e
o 52 25 w
o 57 12 e
o 68 44 s
o 60 26 w
o 53 51 e
o 50 32 s
o 55 40 w
o 47 30 n
o 34 33 w
o 55 46 w
o 58 17 e
o 45 20 s
o 56 36 n
o 61 17 e
o 47 32 e
o 63 24 w
o 34 34 n
o 57 21 w
o 64 25 s
o 60 15 n
o 53 24 s
o 59 21 n
o 50 26 w
o 59 17 e
o 51 35 e
o 64 47 e
o 34 22 e
o 57 19 n
o 38 34 e
o 54 10 e
o 35 27 s
o 55 51 e
o 39 18 n
o 53 30 e
o 57 14 n
o 34 24 e
# turn 79
o 55 36 e
o 65 13 s
o 71 45 e
o 37 20 w
o 57 20 e
o 58 19 s
o 70 38 s
o 59 15 s
o 71 39 s
o 36 27 n
o 35 21 w
o 36 21 w
o 47 35 s
o 58 20 s
o 56 19 e
o 48 53 s
o 65 25 s
o 33 34 n
o 40 35 n
o 38 20 w
o 55 20 e
o 44 36 e
o 54 11 s
o 35 26 w
o 52 24 s
o 57 13 w
o 34 25 w
o 52 49 n
o 47 49 s
o 38 35 n
o 53 52 n
o 46 30 s
o 53 33 e
o 34 32 e
o 63 23 w
o 36 35 n
o 44 35 s
o 58 15 e
o 61 18 e
o 56 49 n
o 46 36 e
o 50 36 e
o 49 52 w
o 47 33 e
o 53 36 e
o 55 52 w
o 58 21 s
o 54 24 w
o 46 50 s
o 51 37 e
o 36 25 w
o 47 36 s
o 46 20 n
o 53 25 s
o 48 31 s
o 59 18 s
o 38 18 n
o 70 45 e
o 51 32 n
o 50 25 w
o 55 43 e
o 52 20 e
o 49 20 e
o 47 52 w
o 66 44 s
o 56 14 s
o 53 31 n
o 48 39 e
o 55 25 s
o 56 50 n
o 70 43 e
o 37 24 w
o 53 35 n
o 54 53 e
o 57 23 w
o 68 43 e
o 45 36 e
o 47 10 e
o 53 38 e
o 55 39 e
o 60 25 w
o 60 22 s
o 61 23 s
o 48 52 w
o 58 24 w
o 34 23 w
o 45 29 s
o 55 45 e
o 48 23 w
o 49 35 s
o 58 13 s
# turn 80
o 38 19 w
o 52 35 e
o 53 34 s
o 50 49 e
o 56 25 w
o 47 9 s
o 37 35 e
o 60 18 e
o 61 19 s
o 48 40 s
o 49 53 e
o 53 37 s
o 37 23 w
o 59 20 s
o 51 49 e
o 61 22 s
o 55 37 s
o 36 24 w
o 35 35 n
o 47 50 s
o 70 44 e
o 55 44 w
o 49 51 e
o 46 7 s
o 49 21 s
o 49 31 e
o 35 25 w
o 47 34 s
o 55 49 n
o 37 19 n
o 47 8 s
o 58 16 e
o 39 35 n
o 51 38 s
o 55 11 w
o 71 38 e
o 35 20 w
o 57 22 s
o 69 43 s
o 50 24 s
o 48 35 s
o 45 35 n
o 45 37 e
o 59 13 s
o 55 50 n
o 53 39 s
o 56 20 s
o 53 24 s
o 44 37 e
o 48 51 e
o 57 12 n
o 72 39 e
o 46 29 n
o 50 32 s
o 55 40 e
o 47 30 s
o 37 18 n
o 34 33 e
o 55 46 w
o 45 20 n
o 46 37 s
o 54 54 n
o 50 37 e
o 66 13 s
o 57 21 s
o 58 18 s
o 54 25 s
o 48 36 e
o 50 35 s
o 52 52 e
o 51 36 e
o 60 15 e
o 54 23 w
o 59 21 s
o 58 23 s
o 66 25 s
o 32 34 e
o 48 22 s
o 62 23 s
o 37 25 n
o 47 51 e
o 35 27 w
o 34 22 w
o 48 49 s
o 55 51 e
o 52 31 e
o 63 22 w
o 46 6 s
o 57 14 n
o 34 24 w
o 72 37 e
o 60 24 s
# turn 81
o 34 35 e
o 57 20 s
o 56 12 n
o 51 50 e
o 48 37 w
o 52 53 e
o 49 32 w
o 71 39 e
o 52 32 w
o 54 39 s
o 50 50 e
o 59 18 s
o 44 20 e
o 69 44 s
o 48 34 n
o 45 38 w
o 49 35 w
o 60 13 w
o 32 35 n
o 47 37 w
o 54 50 e
o 48 30 w
o 38 35 w
o 53 54 e
o 60 20 s
o 35 26 e
o 48 50 s
o 48 8 w
o 59 19 e
o 47 6 w
o 54 37 s
o 72 38 e
o 62 22 s
o 63 23 s
o 44 35 w
o 47 52 e
o 54 49 n
o 49 52 e
o 60 19 s
o 36 23 s
o 37 22 s
o 51 35 n
o 59 23 s
o 58 21 s
o 63 21 s
o 54 24 e
o 51 37 s
o 72 40 e
o 36 25 e
o 52 38 e
o 36 20 n
o 67 44 n
o 54 22 s
o 58 22 s
o 60 21 s
o 62 19 s
o 38 18 n
o 61 24 s
o 51 32 n
o 54 34 s
o 48 9 s
o 55 43 s
o 35 24 e
o 49 40 s
o 58 17 e
o 55 25 e
o 55 10 w
o 60 16 e
o 56 37 e
o 51 24 n
o 56 24 w
o 34 34 s
o 49 49 s
o 55 52 e
o 37 36 s
o 49 54 e
o 56 21 s
o 46 8 w
o 50 38 e
o 44 38 n
o 48 52 e
o 52 36 s
o 67 25 w
o 34 23 w
o 45 29 w
o 56 14 n
o 55 45 w
o 55 41 s
o 49 22 e
o 50 21 e
# turn 82
o 56 38 s
o 50 49 e
o 44 34 n
o 50 22 e
o 47 53 e
o 50 39 n
o 49 53 e
o 31 35 e
o 37 23 e
o 34 36 n
o 59 20 s
o 58 20 e
o 60 23 s
o 55 37 s
o 48 53 e
o 52 37 n
o 50 40 e
o 62 24 s
o 67 24 w
o 72 41 n
o 45 28 n
o 53 49 n
o 46 7 w
o 55 44 s
o 49 31 n
o 35 25 s
o 47 34 e
o 55 34 s
o 47 5 w
o 46 49 s
o 52 54 e
o 60 18 s
o 53 55 e
o 53 36 n
o 50 51 e
o 56 23 w
o 70 44 e
o 44 21 n
o 64 21 s
o 61 19 s
o 45 37 s
o 49 34 n
o 55 53 e
o 55 14 w
o 38 34 s
o 59 22 s
o 49 55 e
o 47 36 e
o 64 23 w
o 35 34 s
o 49 9 s
o 38 22 e
o 60 17 s
o 56 43 w
o 49 50 e
o 63 19 s
o 68 44 s
o 66 44 n
o 55 26 n
o 50 32 n
o 72 39 e
o 63 22 w
o 49 23 e
o 55 9 w
o 50 24 e
o 43 38 s
o 58 18 s
o 38 36 w
o 54 25 n
o 51 51 e
o 48 36 e
o 61 20 s
o 61 21 s
o 54 51 e
o 36 26 s
o 52 39 n
o 55 39 s
o 59 21 s
o 55 12 w
o 60 12 s
o 48 7 s
o 48 29 n
o 55 21 s
o 50 35 e
o 35 27 s
o 56 41 s
o 52 31 n
o 47 7 w
# turn 83
o 47 54 w
o 47 35 e
o 55 54 w
o 33 36 e
o 59 18 s
o 48 37 e
o 65 44 n
o 51 39 e
o 49 32 w
o 55 8 w
o 36 27 s
o 50 50 n
o 56 22 s
o 69 44 s
o 48 34 n
o 47 37 e
o 38 35 s
o 57 38 e
o 56 42 s
o 71 41 e
o 49 51 n
o 67 23 w
o 47 6 s
o 36 34 s
o 52 49 e
o 47 49 e
o 56 39 e
o 38 23 e
o 50 23 e
o 65 21 s
o 61 18 s
o 49 39 n
o 55 11 w
o 50 36 e
o 61 12 s
o 62 19 s
o 58 21 s
o 51 37 e
o 48 54 w
o 36 25 e
o 50 41 n
o 50 52 n
o 53 25 e
o 60 20 s
o 48 31 w
o 51 31 w
o 43 34 n
o 70 45 e
o 55 13 w
o 49 7 s
o 31 36 n
o 37 26 s
o 60 22 s
o 50 9 w
o 47 4 s
o 44 28 n
o 39 34 w
o 61 17 s
o 52 55 w
o 46 37 e
o 56 37 e
o 37 24 e
o 49 56 w
o 47 29 n
o 63 24 s
o 43 21 e
o 63 21 s
o 64 22 s
o 52 57 n
o 50 25 e
o 60 21 s
o 49 54 w
o 56 34 s
o 64 19 e
o 54 26 e
o 44 38 e
o 61 23 s
o 56 44 w
o 52 36 n
o 57 41 s
o 54 52 n
o 49 24 n
o 72 40 e
o 62 20 s
o 46 6 w
o 55 22 w
o 53 56 w
# turn 84
o 51 40 e
o 56 38 e
o 58 41 s
o 57 39 s
o 62 17 s
o 60 18 e
o 65 22 s
o 47 53 w
o 47 38 e
o 55 53 e
o 57 34 s
o 62 18 e
o 38 24 n
o 64 20 s
o 54 27 w
o 44 39 e
o 61 22 s
o 48 53 w
o 71 42 e
o 53 26 w
o 48 30 n
o 49 31 n
o 72 41 n
o 47 50 w
o 70 44 e
o 46 29 s
o 62 21 s
o 50 7 w
o 48 51 w
o 57 42 s
o 53 52 e
o 49 41 n
o 47 34 e
o 50 8 s
o 48 24 e
o 37 34 e
o 39 35 s
o 52 54 e
o 53 55 s
o 49 52 w
o 57 22 s
o 64 21 s
o 50 24 n
o 64 24 s
o 49 55 w
o 47 36 e
o 30 36 n
o 42 28 e
o 56 43 s
o 51 30 n
o 49 50 w
o 48 6 w
o 67 22 e
o 63 19 s
o 43 28 e
o 51 57 s
o 52 50 w
o 55 7 w
o 56 40 e
o 51 36 e
o 65 48 e
o 43 22 w
o 67 21 s
o 47 11 e
o 51 52 w
o 48 39 e
o 55 10 w
o 50 37 n
o 33 37 n
o 57 21 s
o 38 26 n
o 42 34 s
o 39 33 e
o 61 20 s
o 46 38 e
o 51 38 n
o 36 26 w
o 37 27 n
o 59 21 s
o 50 26 n
o 55 12 w
o 46 5 s
o 62 12 s
o 62 23 s
o 64 48 e
o 48 4 s
o 64 44 n
# turn 85
o 49 37 s
o 65 24 e
o 53 53 s
o 47 35 e
o 55 54 e
o 63 20 s
o 59 41 s
o 37 35 n
o 66 21 s
o 48 40 w
o 46 39 w
o 36 27 w
o 49 53 n
o 39 34 e
o 58 42 s
o 63 23 s
o 34 19 n
o 66 22 s
o 47 37 s
o 40 35 e
o 34 20 n
o 63 44 n
o 48 50 e
o 71 41 e
o 57 43 w
o 48 5 w
o 67 23 s
o 43 29 w
o 37 24 n
o 52 49 w
o 47 49 w
o 56 39 s
o 62 22 s
o 68 21 s
o 47 5 w
o 60 19 s
o 48 38 s
o 48 41 s
o 55 11 w
o 35 20 e
o 62 19 s
o 58 21 s
o 61 21 s
o 51 37 s
o 36 25 n
o 29 36 n
o 53 25 e
o 48 31 s
o 43 34 s
o 58 22 e
o 54 55 e
o 63 12 s
o 34 22 n
o 36 19 e
o 47 30 e
o 37 18 e
o 58 34 n
o 48 25 n
o 65 20 s
o 52 55 e
o 50 30 s
o 70 43 e
o 47 29 s
o 58 39 w
o 49 54 n
o 63 21 s
o 52 57 s
o 51 51 n
o 55 9 w
o 49 26 s
o 50 38 s
o 32 37 e
o 47 39 w
o 42 29 n
o 56 21 s
o 51 8 s
o 34 18 n
o 64 19 s
o 54 26 e
o 47 41 w
o 71 43 e
o 51 41 s
o 49 49 w
o 49 24 n
o 55 6 w
o 56 41 w
o 63 17 e
o 50 6 s
o 49 4 s
o 44 40 s
# turn 86
o 55 5 s
o 47 25 s
o 57 39 s
o 64 23 s
o 44 34 n
o 48 37 e
o 61 19 e
o 55 8 e
o 35 21 w
o 32 38 n
o 47 38 e
o 57 34 s
o 52 41 e
o 62 44 w
o 64 20 s
o 54 27 s
o 48 53 n
o 71 42 e
o 36 24 n
o 52 37 s
o 53 26 w
o 49 48 n
o 51 6 e
o 60 41 e
o 65 19 s
o 70 44 e
o 62 21 s
o 39 35 e
o 69 21 s
o 46 52 w
o 49 31 w
o 55 4 s
o 71 44 e
o 37 19 n
o 36 35 n
o 52 8 e
o 48 24 s
o 65 21 s
o 51 38 e
o 47 52 w
o 48 54 n
o 55 21 e
o 47 36 w
o 33 22 n
o 60 21 e
o 47 31 s
o 45 40 e
o 71 40 e
o 51 30 w
o 57 42 s
o 58 38 s
o 67 22 s
o 41 29 s
o 63 19 e
o 43 28 s
o 50 4 e
o 47 48 n
o 54 53 w
o 56 40 s
o 54 56 w
o 57 37 e
o 67 21 s
o 46 38 e
o 48 39 s
o 53 57 s
o 49 38 s
o 65 25 s
o 55 10 e
o 36 26 n
o 63 22 s
o 50 37 s
o 52 56 s
o 55 55 w
o 43 21 e
o 57 21 e
o 47 4 e
o 66 20 s
o 64 12 s
o 59 21 n
o 58 23 n
o 50 26 w
o 63 18 s
o 33 21 n
o 52 21 e
o 37 25 w
o 48 29 s
o 49 41 e
o 48 4 e
o 68 23 s
o 47 40 e
o 52 48 s
# turn 87
o 47 54 n
o 54 55 s
o 49 42 s
o 47 35 n
o 55 54 s
o 63 20 s
o 44 28 s
o 51 39 s
o 66 21 s
o 47 53 n
o 46 39 e
o 37 26 w
o 53 37 s
o 46 9 s
o 34 21 w
o 57 23 e
o 47 12 w
o 32 22 n
o 48 52 n
o 57 40 e
o 31 38 n
o 46 10 s
o 52 22 e
o 45 41 w
o 71 41 e
o 48 5 s
o 62 42 s
o 70 23 e
o 37 24 n
o 55 27 w
o 65 12 s
o 57 38 e
o 68 21 s
o 47 5 e
o 48 38 n
o 49 39 n
o 55 11 w
o 33 43 w
o 57 22 n
o 58 21 n
o 64 21 s
o 40 36 e
o 53 25 w
o 48 31 s
o 60 42 s
o 43 34 e
o 49 30 s
o 64 18 s
o 53 48 s
o 56 4 n
o 50 25 w
o 65 47 w
o 62 43 s
o 35 24 w
o 48 48 n
o 51 29 s
o 59 38 s
o 58 34 s
o 52 9 n
o 68 22 s
o 48 25 s
o 69 23 e
o 66 19 s
o 50 38 n
o 58 39 s
o 64 22 s
o 65 20 s
o 65 23 e
o 61 20 n
o 55 9 n
o 47 39 e
o 42 29 e
o 51 37 s
o 49 29 s
o 55 22 e
o 60 22 e
o 39 36 e
o 66 25 s
o 47 41 n
o 71 43 e
o 32 21 n
o 54 52 s
o 51 7 e
o 50 5 s
o 56 5 e
o 43 22 s
o 54 57 s
o 62 20 e
o 67 20 s
o 53 56 s
o 35 35 e
# turn 88
o 65 24 s
o 57 39 w
o 46 12 e
o 67 19 s
o 47 9 n
o 68 20 e
o 63 42 w
o 65 22 s
o 46 48 e
o 54 48 e
o 31 22 n
o 58 42 n
o 56 22 n
o 64 42 w
o 64 20 e
o 60 23 s
o 52 42 e
o 71 42 e
o 36 24 w
o 52 37 e
o 31 21 n
o 56 6 s
o 43 35 e
o 45 28 w
o 60 20 s
o 55 57 n
o 62 21 e
o 65 21 s
o 57 24 n
o 69 24 w
o 34 20 w
o 47 6 e
o 67 25 w
o 54 37 e
o 49 31 w
o 55 4 n
o 35 25 w
o 71 44 e
o 52 29 n
o 59 39 w
o 47 52 s
o 55 52 n
o 50 51 s
o 59 34 s
o 37 25 w
o 49 5 n
o 52 23 n
o 51 9 n
o 70 25 s
o 55 23 n
o 50 29 w
o 39 37 n
o 45 40 n
o 51 10 e
o 50 42 s
o 47 38 n
o 46 53 w
o 52 39 s
o 47 48 e
o 49 25 n
o 55 26 n
o 67 21 e
o 47 11 e
o 51 5 s
o 48 39 e
o 46 54 s
o 49 38 e
o 55 10 s
o 44 22 w
o 35 23 w
o 55 55 w
o 50 24 w
o 33 42 w
o 57 21 n
o 63 21 e
o 60 38 w
o 69 21 s
o 63 43 s
o 66 20 s
o 53 24 w
o 54 56 w
o 51 8 n
o 61 42 w
o 65 18 w
o 54 9 s
o 46 35 e
o 57 41 n
o 30 38 n
o 42 30 w
o 65 46 e
o 49 24 n
o 70 24 s
o 56 54 w
o 46 41 n
o 35 36 e
o 47 10 n
o 59 42 e
o 69 22 s
o 55 24 n
# turn 89
o 47 54 n
o 54 55 w
o 35 22 n
o 57 38 w
o 55 54 s
o 71 45 e
o 33 41 s
o 64 41 w
o 38 37 n
o 66 21 w
o 51 11 e
o 47 12 e
o 34 19 w
o 63 41 w
o 48 52 n
o 65 17 s
o 66 22 e
o 67 24 e
o 68 19 w
o 54 4 s
o 50 28 n
o 45 41 w
o 35 26 n
o 48 5 n
o 47 49 w
o 62 22 e
o 68 21 s
o 50 8 n
o 48 24 n
o 50 23 n
o 46 49 w
o 49 39 e
o 46 36 n
o 54 49 s
o 36 23 e
o 56 10 s
o 60 37 w
o 53 23 n
o 64 21 w
o 54 24 n
o 71 24 w
o 52 43 n
o 52 38 n
o 53 39 n
o 46 11 e
o 49 30 w
o 45 27 w
o 57 6 e
o 66 24 e
o 57 42 s
o 67 22 e
o 65 47 e
o 51 42 w
o 56 53 s
o 35 24 n
o 44 21 w
o 51 29 n
o 59 38 s
o 59 43 w
o 50 9 e
o 48 25 n
o 69 23 s
o 30 21 n
o 63 22 s
o 37 24 e
o 56 24 w
o 55 9 e
o 51 51 n
o 61 20 w
o 30 22 e
o 54 51 s
o 54 38 w
o 51 23 w
o 42 29 s
o 56 21 w
o 35 37 e
o 54 23 w
o 40 37 n
o 55 22 w
o 54 26 n
o 61 23 e
o 61 41 w
o 71 43 w
o 29 38 n
o 54 52 s
o 70 21 w
o 43 36 n
o 56 41 w
o 54 57 s
o 67 20 s
o 64 43 w
o 60 34 s
o 46 38 n
o 47 7 n
o 52 5 e
o 44 40 n
# turn 90
o 51 12 e
o 68 20 s
o 48 40 w
o 30 23 e
o 58 42 w
o 64 42 s
o 44 20 w
o 42 36 w
o 49 28 w
o 64 20 s
o 71 25 w
o 45 38 s
o 51 41 w
o 47 40 w
o 71 42 s
o 36 24 s
o 53 26 n
o 46 10 e
o 34 41 e
o 50 29 w
o 39 37 n
o 47 24 w
o 45 40 w
o 67 23 e
o 46 7 e
o 43 29 n
o 52 6 n
o 51 43 w
o 66 17 s
o 55 4 e
o 55 49 s
o 35 40 e
o 47 5 e
o 34 26 n
o 51 38 w
o 63 40 w
o 37 37 n
o 61 40 n
o 43 40 e
o 61 19 e
o 66 23 e
o 36 20 e
o 56 20 e
o 52 23 w
o 56 23 w
o 54 22 n
o 61 24 n
o 57 53 w
o 70 20 w
o 34 22 e
o 46 40 w
o 49 40 w
o 56 40 w
o 51 22 w
o 62 23 n
o 49 23 n
o 46 54 w
o 50 30 n
o 55 10 s
o 54 54 e
o 35 38 n
o 61 34 n
o 64 40 w
o 55 52 s
o 60 38 n
o 50 10 e
o 64 22 e
o 54 37 s
o 45 36 s
o 66 20 s
o 52 39 w
o 60 36 n
o 53 24 w
o 49 8 e
o 49 29 n
o 45 26 w
o 66 25 e
o 55 57 s
o 67 25 e
o 68 18 s
o 56 54 s
o 55 51 s
o 71 46 e
o 47 25 s
o 69 21 s
o 59 42 w
o 34 24 e
o 71 23 w
# turn 91
o 51 40 e
o 56 51 n
o 55 5 n
o 54 55 w
o 58 41 w
o 35 41 e
o 59 36 w
o 59 41 s
o 50 11 n
o 38 37 e
o 70 19 s
o 56 57 w
o 46 48 e
o 46 39 e
o 36 37 n
o 61 23 n
o 56 22 n
o 46 9 e
o 49 30 w
o 43 41 e
o 51 21 n
o 67 24 e
o 55 37 w
o 52 22 n
o 51 6 w
o 69 18 s
o 57 7 e
o 50 28 n
o 57 54 n
o 49 51 e
o 44 19 s
o 34 42 e
o 47 6 e
o 70 23 s
o 34 25 e
o 71 22 w
o 56 52 n
o 56 39 s
o 42 35 w
o 65 49 e
o 64 39 s
o 47 52 s
o 58 37 w
o 49 39 s
o 56 49 e
o 46 36 s
o 64 49 e
o 50 51 e
o 67 17 e
o 63 39 w
o 53 23 n
o 37 25 e
o 71 24 s
o 51 37 e
o 64 23 s
o 34 38 n
o 49 9 e
o 72 42 s
o 66 24 e
o 65 20 s
o 69 20 w
o 46 53 s
o 51 42 e
o 47 48 s
o 30 24 e
o 57 37 w
o 59 38 w
o 48 25 w
o 48 39 e
o 37 24 n
o 51 13 n
o 61 20 w
o 46 38 n
o 47 39 e
o 36 21 n
o 42 29 s
o 67 26 e
o 33 26 n
o 45 39 n
o 45 25 w
o 44 18 s
o 52 38 e
o 52 26 w
o 47 23 w
o 48 29 w
o 70 21 w
o 60 40 s
o 34 23 e
o 66 26 e
o 65 42 s
o 67 20 s
o 38 25 e
o 48 23 w
o 60 34 s
o 66 49 e
o 49 27 n
o 60 24 n
# turn 92
o 30 26 e
o 57 39 w
o 58 36 w
o 65 39 w
o 68 20 w
o 43 42 e
o 47 53 s
o 50 39 e
o 37 26 e
o 51 22 w
o 59 35 s
o 66 25 e
o 38 38 n
o 44 39 n
o 45 38 n
o 72 24 w
o 47 40 e
o 36 24 n
o 66 48 e
o 47 22 n
o 49 10 n
o 60 41 w
o 66 42 s
o 71 19 s
o 63 38 s
o 51 5 w
o 48 27 n
o 61 34 s
o 46 52 s
o 51 43 s
o 51 38 e
o 67 18 w
o 48 21 w
o 72 18 w
o 57 8 e
o 48 24 n
o 34 26 n
o 46 49 s
o 71 21 s
o 74 42 e
o 55 52 n
o 33 38 n
o 50 13 n
o 45 24 w
o 59 24 e
o 47 36 n
o 55 36 w
o 52 23 s
o 48 40 e
o 32 26 e
o 53 22 s
o 51 41 e
o 54 5 n
o 56 56 w
o 48 51 s
o 52 25 e
o 48 28 e
o 70 20 w
o 46 40 e
o 48 48 e
o 65 48 e
o 43 29 n
o 56 50 n
o 54 54 w
o 58 40 s
o 59 37 s
o 45 18 n
o 38 26 e
o 42 34 w
o 70 18 w
o 65 23 s
o 66 20 s
o 56 21 w
o 46 8 e
o 35 37 e
o 49 29 e
o 55 22 s
o 73 42 e
o 61 40 w
o 57 52 n
o 61 19 w
o 60 23 e
o 67 25 e
o 49 11 n
o 69 19 w
o 55 21 w
o 56 54 w
o 50 21 w
o 55 51 n
o 57 36 w
o 70 22 w
o 46 19 w
o 35 42 e
o 52 39 e
o 50 52 s
o 47 7 e
o 45 19 n
o 34 24 w
o 71 23 w
# turn 93
o 57 38 n
o 48 20 n
o 70 19 w
o 51 39 s
o 56 22 e
o 61 39 n
o 49 28 s
o 37 38 w
o 49 30 s
o 59 25 e
o 48 53 n
o 50 40 s
o 51 21 s
o 48 11 n
o 68 19 s
o 64 38 w
o 69 18 w
o 55 20 e
o 56 55 w
o 55 50 w
o 49 51 n
o 47 24 s
o 72 21 e
o 60 35 s
o 38 27 e
o 47 49 n
o 30 27 e
o 48 41 w
o 47 8 e
o 59 40 w
o 61 18 w
o 47 27 s
o 47 52 n
o 46 36 e
o 67 17 s
o 60 37 n
o 43 39 w
o 53 23 e
o 52 43 w
o 66 23 s
o 56 20 e
o 54 22 n
o 73 43 n
o 30 25 e
o 43 43 n
o 51 4 n
o 51 42 w
o 56 53 s
o 35 24 w
o 46 18 n
o 48 22 e
o 72 19 e
o 44 19 n
o 42 33 e
o 70 17 w
o 51 52 w
o 50 20 e
o 74 43 e
o 47 41 w
o 54 53 n
o 35 38 s
o 49 13 n
o 45 23 w
o 55 35 n
o 67 20 e
o 52 52 w
o 54 51 n
o 66 47 e
o 37 27 n
o 42 29 e
o 57 35 e
o 32 27 e
o 33 26 e
o 62 34 s
o 44 38 s
o 56 52 s
o 46 22 w
o 52 26 e
o 48 10 n
o 72 23 s
o 54 52 n
o 67 42 w
o 48 29 s
o 70 21 e
o 34 23 w
o 53 5 e
o 46 41 w
o 58 35 e
o 44 18 n
o 65 38 w
o 60 24 s
# turn 94
o 51 40 w
o 30 26 e
o 53 53 n
o 56 38 n
o 58 36 e
o 60 39 w
o 45 22 s
o 59 26 w
o 30 28 e
o 47 53 s
o 53 22 n
o 43 19 s
o 32 28 e
o 52 39 w
o 45 38 w
o 52 42 n
o 51 41 n
o 47 40 e
o 52 27 n
o 50 28 w
o 67 23 e
o 48 27 w
o 45 18 e
o 46 52 s
o 53 52 n
o 55 49 w
o 59 39 w
o 48 24 s
o 70 16 w
o 46 49 s
o 49 52 w
o 56 23 n
o 43 18 s
o 60 40 n
o 37 37 n
o 38 28 e
o 48 40 e
o 42 43 s
o 69 17 s
o 33 27 n
o 36 27 e
o 61 24 n
o 48 51 w
o 56 54 s
o 47 20 s
o 50 4 e
o 73 23 n
o 34 22 w
o 63 34 s
o 53 6 e
o 46 40 e
o 67 21 w
o 47 11 e
o 61 17 w
o 50 30 s
o 46 37 s
o 35 23 s
o 64 37 w
o 43 38 w
o 42 34 e
o 51 51 w
o 46 51 w
o 74 44 n
o 47 10 s
o 46 21 s
o 56 21 w
o 71 22 w
o 53 24 n
o 48 13 s
o 72 43 e
o 53 51 w
o 72 22 w
o 54 35 n
o 42 30 e
o 52 21 n
o 70 22 w
o 69 19 w
o 55 21 w
o 52 51 w
o 47 51 w
o 48 49 w
o 57 36 e
o 65 37 w
o 48 23 w
o 72 20 w
o 49 29 s
o 67 41 w
o 61 35 w
o 74 22 n
# turn 95
o 51 27 e
o 42 35 n
o 51 50 n
o 52 53 n
o 51 39 n
o 53 37 n
o 55 38 n
o 53 50 e
o 33 20 n
o 67 24 e
o 72 44 e
o 59 25 n
o 50 27 e
o 30 29 e
o 48 53 e
o 47 37 e
o 51 21 e
o 42 31 n
o 52 22 e
o 69 18 w
o 55 20 e
o 47 50 e
o 48 50 e
o 49 51 e
o 52 24 e
o 38 29 n
o 48 20 s
o 72 21 w
o 44 19 e
o 61 34 s
o 53 7 w
o 47 49 s
o 30 27 e
o 47 52 e
o 58 37 w
o 59 40 n
o 71 21 w
o 48 41 s
o 30 43 n
o 36 23 e
o 64 36 w
o 32 29 n
o 57 54 n
o 46 50 e
o 45 37 s
o 50 41 e
o 56 20 e
o 36 37 w
o 34 21 w
o 55 23 n
o 52 40 e
o 57 53 n
o 52 50 e
o 51 42 e
o 48 48 s
o 55 48 w
o 57 37 w
o 48 22 s
o 72 19 w
o 36 28 e
o 70 17 w
o 73 44 e
o 67 40 w
o 53 35 w
o 59 37 s
o 49 13 n
o 60 38 s
o 43 43 s
o 70 21 w
o 52 52 n
o 64 34 s
o 32 27 e
o 47 21 e
o 43 37 n
o 57 52 n
o 47 41 e
o 46 22 e
o 48 10 n
o 72 23 n
o 50 5 n
o 73 22 n
o 49 24 e
o 52 38 e
o 46 41 e
o 67 20 w
o 65 36 w
o 44 18 n
o 51 30 w
o 48 26 e
o 45 19 e
o 50 21 n
o 61 16 s
o 60 24 n
# turn 96
o 46 42 w
o 53 34 n
o 58 36 w
o 61 38 s
o 30 28 e
o 47 53 e
o 50 39 w
o 47 38 w
o 51 22 e
o 50 50 e
o 64 35 w
o 58 25 s
o 65 34 s
o 44 20 w
o 36 35 w
o 49 5 w
o 36 24 e
o 52 37 n
o 49 48 n
o 46 23 s
o 37 29 e
o 47 22 s
o 34 20 w
o 50 28 n
o 30 30 e
o 51 53 e
o 67 19 w
o 36 29 e
o 48 27 s
o 56 52 n
o 49 41 w
o 72 18 n
o 67 39 w
o 70 16 w
o 73 45 e
o 49 52 e
o 43 18 n
o 56 10 w
o 60 37 w
o 42 37 s
o 72 45 e
o 59 24 w
o 48 54 e
o 41 31 e
o 50 29 e
o 52 23 e
o 52 51 e
o 69 17 s
o 56 54 e
o 62 34 s
o 50 42 n
o 52 25 e
o 32 20 n
o 70 20 w
o 53 6 s
o 56 53 n
o 49 25 e
o 31 29 e
o 59 38 w
o 45 20 w
o 51 52 n
o 50 20 e
o 71 20 w
o 55 47 e
o 46 37 w
o 58 40 n
o 62 16 w
o 32 28 n
o 51 29 e
o 46 51 e
o 47 42 w
o 52 39 w
o 54 38 w
o 56 21 s
o 54 23 n
o 36 38 w
o 51 43 n
o 53 51 e
o 52 41 w
o 48 52 e
o 72 22 w
o 65 35 s
o 41 35 s
o 55 21 w
o 44 43 s
o 47 51 e
o 48 49 e
o 57 36 n
o 72 20 w
o 49 22 e
o 49 29 e
o 71 23 w
# turn 97
o 47 54 s
o 49 42 w
o 49 23 e
o 62 15 w
o 42 35 s
o 62 38 s
o 48 56 s
o 73 46 e
o 55 53 e
o 60 36 w
o 49 28 e
o 49 30 e
o 59 25 n
o 30 29 e
o 57 40 w
o 47 37 w
o 52 26 n
o 36 36 n
o 55 20 e
o 56 55 w
o 48 50 s
o 30 32 n
o 52 24 e
o 72 21 n
o 44 19 e
o 49 21 n
o 54 37 n
o 51 54 n
o 36 34 w
o 46 52 e
o 31 30 e
o 53 52 e
o 67 18 w
o 47 52 s
o 46 36 w
o 55 52 n
o 50 51 n
o 56 36 n
o 59 23 w
o 67 34 e
o 53 23 e
o 51 37 n
o 36 25 s
o 31 20 n
o 50 52 n
o 36 37 n
o 34 43 w
o 71 18 w
o 30 31 n
o 52 40 n
o 36 30 e
o 68 17 s
o 49 20 n
o 63 34 e
o 54 6 e
o 50 30 e
o 45 43 w
o 49 40 w
o 48 48 e
o 55 48 e
o 35 43 w
o 48 22 e
o 72 19 w
o 67 38 s
o 70 17 w
o 52 34 n
o 59 37 n
o 57 21 s
o 72 46 e
o 52 52 e
o 48 55 s
o 49 26 n
o 50 38 n
o 51 23 e
o 67 26 s
o 64 34 s
o 41 32 n
o 43 37 w
o 47 41 s
o 50 43 w
o 52 38 n
o 37 30 e
o 67 25 s
o 47 23 e
o 46 41 w
o 31 28 n
o 51 28 e
o 58 35 n
o 67 27 s
o 51 30 e
o 45 19 e
o 50 21 e
# turn 98
o 51 40 w
o 55 36 n
o 29 31 n
o 53 53 w
o 55 54 w
o 57 39 s
o 68 25 s
o 66 26 n
o 72 47 e
o 50 22 n
o 52 53 w
o 53 37 w
o 65 34 n
o 58 25 e
o 44 20 n
o 67 35 s
o 48 53 n
o 43 35 s
o 71 19 w
o 30 30 e
o 66 27 n
o 47 24 n
o 48 20 n
o 60 35 s
o 34 42 w
o 29 32 n
o 49 31 e
o 49 41 w
o 55 49 e
o 51 26 w
o 68 26 s
o 58 37 s
o 49 4 s
o 48 21 e
o 72 18 w
o 70 16 w
o 63 38 w
o 71 21 w
o 48 41 w
o 30 20 n
o 51 29 e
o 67 17 s
o 36 32 n
o 58 21 s
o 48 54 n
o 49 55 n
o 47 36 s
o 51 31 e
o 69 17 s
o 50 31 e
o 48 51 n
o 50 42 n
o 49 50 w
o 37 31 s
o 46 53 w
o 71 17 w
o 46 40 s
o 40 32 w
o 68 27 s
o 45 20 e
o 49 38 w
o 62 14 w
o 50 37 w
o 51 24 n
o 49 56 n
o 36 33 n
o 59 22 s
o 68 38 w
o 73 47 e
o 51 38 w
o 43 36 s
o 57 35 w
o 53 24 n
o 35 37 e
o 49 29 e
o 30 28 n
o 48 52 n
o 46 35 s
o 36 31 w
o 50 54 w
o 54 52 s
o 37 25 s
o 49 24 n
o 55 21 e
o 54 7 e
o 56 54 w
o 45 42 s
o 48 49 n
o 35 42 w
o 51 34 e
o 48 23 n
o 48 26 n
o 49 27 e
# turn 99
o 49 37 n
o 47 54 s
o 46 42 e
o 49 42 n
o 47 35 n
o 35 41 e
o 43 20 e
o 51 39 n
o 49 32 w
o 65 27 s
o 35 21 e
o 49 53 n
o 73 48 e
o 55 53 n
o 35 36 n
o 51 35 n
o 71 20 w
o 34 19 e
o 49 28 n
o 49 30 n
o 47 40 e
o 28 32 n
o 34 41 n
o 58 26 w
o 55 50 n
o 49 51 w
o 52 24 n
o 38 31 w
o 72 17 w
o 68 35 s
o 63 35 s
o 71 22 w
o 53 52 w
o 65 26 s
o 69 27 s
o 48 24 e
o 45 21 e
o 44 35 w
o 49 39 n
o 47 52 s
o 50 36 n
o 55 52 w
o 54 36 w
o 53 36 w
o 51 25 n
o 35 39 n
o 68 37 w
o 50 24 n
o 63 37 w
o 66 35 s
o 29 28 n
o 71 18 w
o 30 31 n
o 54 8 e
o 51 32 w
o 72 48 e
o 36 30 s
o 47 20 e
o 35 33 e
o 68 17 s
o 50 4 e
o 56 53 w
o 62 13 w
o 50 32 w
o 49 40 e
o 36 19 e
o 57 34 s
o 69 26 s
o 40 31 s
o 66 34 s
o 70 17 w
o 49 43 n
o 46 24 n
o 35 38 w
o 59 37 w
o 58 39 s
o 48 40 e
o 48 36 w
o 52 52 w
o 28 31 n
o 46 52 w
o 50 53 w
o 51 37 w
o 64 34 s
o 59 21 s
o 55 22 n
o 60 22 s
o 33 19 e
o 47 26 n
o 47 23 n
o 35 32 n
o 71 16 w
o 47 51 w
o 48 22 e
o 38 25 s
o 47 10 e
o 69 25 s
o 51 30 n
o 49 35 w
o 49 22 e
o 61 35 s
# turn 100
o 48 43 n
o 35 22 w
o 66 27 s
o 59 36 s
o 33 41 e
o 66 26 w
o 44 34 w
o 48 37 n
o 34 32 s
o 47 53 n
o 50 39 w
o 63 36 e
o 46 26 n
o 34 36 e
o 58 25 n
o 65 34 s
o 67 35 s
o 62 35 e
o 48 52 w
o 61 22 s
o 55 51 s
o 48 56 n
o 46 23 e
o 48 30 n
o 34 20 w
o 71 19 w
o 70 25 w
o 44 36 w
o 47 50 n
o 31 31 w
o 28 28 n
o 47 21 n
o 49 31 w
o 49 36 n
o 56 52 s
o 46 43 n
o 62 12 w
o 49 41 w
o 59 39 s
o 70 16 w
o 45 22 n
o 71 21 w
o 48 41 w
o 49 52 w
o 27 31 w
o 33 20 w
o 67 34 s
o 45 24 n
o 48 35 w
o 49 34 w
o 48 54 n
o 54 50 s
o 36 20 w
o 50 52 w
o 35 34 s
o 51 31 w
o 69 17 s
o 60 21 w
o 48 28 n
o 49 50 n
o 52 25 n
o 63 34 e
o 71 17 w
o 54 53 w
o 53 51 s
o 27 32 n
o 51 36 w
o 48 25 n
o 64 35 s
o 48 39 n
o 48 42 n
o 53 35 w
o 26 31 n
o 39 25 s
o 43 21 e
o 72 16 w
o 51 24 n
o 50 25 n
o 48 55 n
o 49 54 w
o 73 49 e
o 35 37 e
o 34 39 e
o 67 47 w
o 68 36 s
o 29 31 w
o 54 9 s
o 47 41 n
o 46 35 n
o 47 49 n
o 54 35 w
o 33 35 e
o 50 5 s
o 41 31 s
o 34 23 e
o 49 24 n
o 50 35 w
o 58 34 w
o 70 35 e
o 35 42 e
o 48 23 n
o 38 30 s
o 54 22 n
