# turn 1
o 18 45 w
# turn 2
o 17 43 w
o 18 44 w
# turn 3
o 17 42 w
o 18 43 s
# turn 4
o 17 41 s
o 19 43 w
# turn 5
o 19 42 n
o 19 41 w
o 18 41 w
# turn 6
o 19 40 w
o 18 39 w
o 18 42 w
# turn 7
o 19 39 w
o 18 38 w
o 18 41 n
o 18 40 s
# turn 8
o 19 40 w
o 18 37 w
o 17 41 n
o 19 38 w
# turn 9
o 16 41 n
o 19 39 w
o 19 35 n
o 18 36 n
o 19 37 n
# turn 10
o 18 37 n
o 18 35 n
o 17 36 n
o 19 38 n
o 15 41 n
# turn 11
o 17 37 n
o 14 41 n
o 18 38 n
o 17 35 n
o 16 36 n
# turn 12
o 15 36 e
o 13 41 n
o 16 35 n
o 16 37 e
# turn 13
o 16 38 n
o 15 35 e
o 11 41 e
o 15 37 n
o 12 41 s
# turn 14
o 11 42 n
o 17 38 n
o 14 37 n
o 13 38 n
o 15 38 e
o 15 36 n
o 13 41 n
# turn 15
o 16 38 n
o 10 42 n
o 14 36 n
o 12 38 w
o 9 43 e
o 15 39 e
o 12 41 e
# turn 16
o 9 42 e
o 13 36 w
o 12 37 w
o 15 38 w
o 15 40 n
o 12 42 e
o 9 44 n
# turn 17
o 13 35 e
o 8 44 n
o 13 37 e
o 9 43 e
o 12 36 e
o 12 43 w
o 15 37 n
o 14 40 n
# turn 18
o 13 38 w
o 14 37 w
o 7 44 n
o 13 36 w
o 12 37 w
o 13 40 e
o 12 42 e
o 9 44 n
o 12 40 n
# turn 19
o 8 44 e
o 11 40 e
o 14 36 n
o 5 44 e
o 13 35 w
o 12 36 w
o 12 43 n
o 6 44 e
o 13 41 s
# turn 20
o 8 45 n
o 11 43 n
o 13 36 w
o 11 41 e
o 6 45 e
o 14 41 e
o 12 35 w
