# turn 1
o 63 45 n
# turn 2
o 62 45 w
# turn 3
o 62 44 w
o 61 43 w
# turn 4
o 62 43 s
o 61 42 n
# turn 5
o 63 43 s
o 60 42 w
# turn 6
o 64 43 s
o 60 41 n
o 60 40 n
# turn 7
o 59 40 n
o 66 43 w
o 65 43 w
o 58 41 n
# turn 8
o 65 42 n
o 58 40 w
o 59 41 w
o 57 41 n
o 66 42 w
# turn 9
o 56 41 w
o 58 39 n
o 59 40 n
o 64 42 w
o 66 41 n
# turn 10
o 64 41 n
o 58 40 w
o 56 40 w
o 65 41 w
o 57 39 w
# turn 11
o 56 39 n
o 63 41 w
o 57 38 w
o 65 40 w
o 58 39 n
o 55 38 w
# turn 12
o 55 37 w
o 63 40 w
o 57 37 n
o 57 39 n
o 65 39 n
o 55 39 n
# turn 13
o 55 36 n
o 63 38 s
o 56 39 n
o 56 37 w
o 64 39 s
o 55 35 n
o 56 35 w
o 53 39 n
# turn 14
o 54 35 w
o 63 39 s
o 52 40 e
o 56 36 w
o 64 38 w
o 54 39 n
o 56 34 w
o 65 39 w
o 55 39 e
# turn 15
o 54 34 e
o 55 40 s
o 56 35 e
o 64 39 w
o 54 36 e
o 52 39 e
o 65 38 w
o 56 33 w
o 52 41 e
o 54 33 s
o 64 37 w
# turn 16
o 54 35 e
o 56 40 n
o 65 37 w
o 56 36 n
o 55 33 e
o 64 38 s
o 54 37 s
o 52 40 w
o 56 32 n
o 53 39 s
# turn 17
o 55 37 n
o 55 32 w
o 65 36 s
o 55 40 e
o 55 34 w
o 54 36 n
o 52 39 w
o 65 38 w
o 55 39 s
# turn 18
o 55 36 e
o 55 31 w
o 56 39 e
o 64 36 s
o 54 37 n
o 55 41 e
o 65 37 s
o 53 36 n
o 54 39 s
o 55 33 w
o 66 36 s
o 52 38 w
# turn 19
o 55 30 w
o 56 40 n
o 65 36 s
o 52 42 w
o 55 37 e
o 55 32 w
o 66 37 s
o 52 37 n
o 56 43 w
o 52 36 n
o 67 36 s
# turn 20
o 55 29 w
o 55 31 n
o 55 42 e
o 51 36 n
o 68 36 w
o 52 43 n
o 66 36 s
o 67 37 s
o 52 41 w
o 53 37 n
o 51 37 n
o 55 39 n
o 55 38 w
o 56 42 e
