# turn 1
# turn 2
o 18 16 s
o 18 17 s
# turn 3
o 19 16 w
o 19 17 e
o 20 17 e
# turn 4
o 19 15 n
o 19 18 e
o 21 19 n
# turn 5
o 18 15 n
o 19 19 e
o 20 19 e
# turn 6
o 20 21 s
o 20 20 s
o 16 15 n
o 20 18 e
o 19 20 e
# turn 7
o 21 20 n
o 21 21 n
o 14 15 w
o 19 21 e
o 15 15 s
o 22 21 e
o 17 15 w
# turn 8
o 20 23 s
o 16 15 n
o 22 22 s
o 20 21 s
o 16 13 n
o 20 20 s
o 20 19 w
o 19 22 e
o 14 14 e
o 17 14 w
# turn 9
o 21 20 w
o 15 13 w
o 21 21 s
o 23 22 s
o 21 23 s
o 20 18 s
o 19 23 s
o 17 13 s
# turn 10
o 15 12 w
o 18 13 s
o 22 23 s
o 20 23 s
o 24 22 s
o 21 18 s
o 22 21 s
o 21 19 s
# turn 11
o 23 21 s
o 23 17 e
o 26 23 e
o 21 23 e
o 23 23 e
o 22 19 s
o 15 11 w
o 19 13 w
o 25 22 w
# turn 12
o 26 24 e
o 19 12 w
o 23 19 s
o 24 21 w
o 15 10 w
o 21 24 n
o 25 21 s
o 23 24 n
o 23 18 s
# turn 13
o 26 21 w
o 24 18 s
o 20 24 n
o 22 24 n
o 24 19 s
o 22 18 s
o 15 8 s
o 15 9 s
o 26 25 e
o 24 20 s
# turn 14
o 19 9 s
o 16 8 s
o 26 20 e
o 26 26 s
o 16 9 s
o 18 24 e
o 25 19 s
o 19 24 e
o 23 18 s
o 25 20 e
o 19 10 s
o 19 11 s
o 21 24 n
# turn 15
o 27 26 n
o 18 25 w
o 20 24 n
o 19 26 n
o 17 9 s
o 26 21 e
o 21 8 e
o 20 10 s
o 20 11 s
o 17 8 n
o 25 21 e
o 28 26 e
# turn 16
o 16 8 n
o 26 26 e
o 18 24 w
o 26 22 e
o 18 26 n
o 19 24 w
o 19 25 n
o 20 9 e
o 18 9 s
o 25 22 e
o 28 27 s
# turn 17
o 18 23 n
o 19 9 s
o 26 27 e
o 18 25 w
o 20 10 e
o 26 23 s
o 15 8 n
o 17 26 n
o 29 27 e
# turn 18
o 27 23 s
o 29 28 s
o 19 23 n
o 18 24 n
o 26 28 e
o 20 9 e
o 16 26 n
o 17 23 n
o 25 23 s
# turn 19
o 26 23 s
o 15 26 e
o 18 23 e
o 26 29 e
o 30 28 s
o 17 24 n
o 15 23 e
o 28 23 s
# turn 20
o 15 27 n
o 29 23 s
o 16 24 e
o 27 23 s
o 31 29 e
o 18 24 n
o 16 23 n
o 26 30 e
o 15 24 e
o 32 29 s
o 31 28 n
o 32 30 e
